Analysis & Synthesis report for hienthi8led
Wed Sep 29 11:15:08 2021
Quartus II 64-Bit Version 13.0.0 Build 156 04/24/2013 SJ Web Edition


---------------------
; Table of Contents ;
---------------------
  1. Legal Notice
  2. Analysis & Synthesis Summary
  3. Analysis & Synthesis Settings
  4. Parallel Compilation
  5. Analysis & Synthesis Source Files Read
  6. Analysis & Synthesis Resource Usage Summary
  7. Analysis & Synthesis Resource Utilization by Entity
  8. General Register Statistics
  9. Multiplexer Restructuring Statistics (Restructuring Performed)
 10. Port Connectivity Checks: "hello:H2"
 11. Elapsed Time Per Partition
 12. Analysis & Synthesis Messages



----------------
; Legal Notice ;
----------------
Copyright (C) 1991-2013 Altera Corporation
Your use of Altera Corporation's design tools, logic functions 
and other software and tools, and its AMPP partner logic 
functions, and any output files from any of the foregoing 
(including device programming or simulation files), and any 
associated documentation or information are expressly subject 
to the terms and conditions of the Altera Program License 
Subscription Agreement, Altera MegaCore Function License 
Agreement, or other applicable license agreement, including, 
without limitation, that your use is for the sole purpose of 
programming logic devices manufactured by Altera and sold by 
Altera or its authorized distributors.  Please refer to the 
applicable agreement for further details.



+---------------------------------------------------------------------------------+
; Analysis & Synthesis Summary                                                    ;
+------------------------------------+--------------------------------------------+
; Analysis & Synthesis Status        ; Successful - Wed Sep 29 11:15:08 2021      ;
; Quartus II 64-Bit Version          ; 13.0.0 Build 156 04/24/2013 SJ Web Edition ;
; Revision Name                      ; hienthi8led                                ;
; Top-level Entity Name              ; hienthi8led                                ;
; Family                             ; Cyclone II                                 ;
; Total logic elements               ; 46                                         ;
;     Total combinational functions  ; 46                                         ;
;     Dedicated logic registers      ; 0                                          ;
; Total registers                    ; 0                                          ;
; Total pins                         ; 91                                         ;
; Total virtual pins                 ; 0                                          ;
; Total memory bits                  ; 0                                          ;
; Embedded Multiplier 9-bit elements ; 0                                          ;
; Total PLLs                         ; 0                                          ;
+------------------------------------+--------------------------------------------+


+----------------------------------------------------------------------------------------------------------------------+
; Analysis & Synthesis Settings                                                                                        ;
+----------------------------------------------------------------------------+--------------------+--------------------+
; Option                                                                     ; Setting            ; Default Value      ;
+----------------------------------------------------------------------------+--------------------+--------------------+
; Device                                                                     ; EP2C35F672C6       ;                    ;
; Top-level entity name                                                      ; hienthi8led        ; hienthi8led        ;
; Family name                                                                ; Cyclone II         ; Cyclone IV GX      ;
; Use smart compilation                                                      ; Off                ; Off                ;
; Enable parallel Assembler and TimeQuest Timing Analyzer during compilation ; On                 ; On                 ;
; Enable compact report table                                                ; Off                ; Off                ;
; Restructure Multiplexers                                                   ; Auto               ; Auto               ;
; Create Debugging Nodes for IP Cores                                        ; Off                ; Off                ;
; Preserve fewer node names                                                  ; On                 ; On                 ;
; Disable OpenCore Plus hardware evaluation                                  ; Off                ; Off                ;
; Verilog Version                                                            ; Verilog_2001       ; Verilog_2001       ;
; VHDL Version                                                               ; VHDL_1993          ; VHDL_1993          ;
; State Machine Processing                                                   ; Auto               ; Auto               ;
; Safe State Machine                                                         ; Off                ; Off                ;
; Extract Verilog State Machines                                             ; On                 ; On                 ;
; Extract VHDL State Machines                                                ; On                 ; On                 ;
; Ignore Verilog initial constructs                                          ; Off                ; Off                ;
; Iteration limit for constant Verilog loops                                 ; 5000               ; 5000               ;
; Iteration limit for non-constant Verilog loops                             ; 250                ; 250                ;
; Add Pass-Through Logic to Inferred RAMs                                    ; On                 ; On                 ;
; Infer RAMs from Raw Logic                                                  ; On                 ; On                 ;
; Parallel Synthesis                                                         ; On                 ; On                 ;
; DSP Block Balancing                                                        ; Auto               ; Auto               ;
; NOT Gate Push-Back                                                         ; On                 ; On                 ;
; Power-Up Don't Care                                                        ; On                 ; On                 ;
; Remove Redundant Logic Cells                                               ; Off                ; Off                ;
; Remove Duplicate Registers                                                 ; On                 ; On                 ;
; Ignore CARRY Buffers                                                       ; Off                ; Off                ;
; Ignore CASCADE Buffers                                                     ; Off                ; Off                ;
; Ignore GLOBAL Buffers                                                      ; Off                ; Off                ;
; Ignore ROW GLOBAL Buffers                                                  ; Off                ; Off                ;
; Ignore LCELL Buffers                                                       ; Off                ; Off                ;
; Ignore SOFT Buffers                                                        ; On                 ; On                 ;
; Limit AHDL Integers to 32 Bits                                             ; Off                ; Off                ;
; Optimization Technique                                                     ; Balanced           ; Balanced           ;
; Carry Chain Length                                                         ; 70                 ; 70                 ;
; Auto Carry Chains                                                          ; On                 ; On                 ;
; Auto Open-Drain Pins                                                       ; On                 ; On                 ;
; Perform WYSIWYG Primitive Resynthesis                                      ; Off                ; Off                ;
; Auto ROM Replacement                                                       ; On                 ; On                 ;
; Auto RAM Replacement                                                       ; On                 ; On                 ;
; Auto Shift Register Replacement                                            ; Auto               ; Auto               ;
; Allow Shift Register Merging across Hierarchies                            ; Auto               ; Auto               ;
; Auto Clock Enable Replacement                                              ; On                 ; On                 ;
; Strict RAM Replacement                                                     ; Off                ; Off                ;
; Allow Synchronous Control Signals                                          ; On                 ; On                 ;
; Force Use of Synchronous Clear Signals                                     ; Off                ; Off                ;
; Auto RAM to Logic Cell Conversion                                          ; Off                ; Off                ;
; Auto Resource Sharing                                                      ; Off                ; Off                ;
; Allow Any RAM Size For Recognition                                         ; Off                ; Off                ;
; Allow Any ROM Size For Recognition                                         ; Off                ; Off                ;
; Allow Any Shift Register Size For Recognition                              ; Off                ; Off                ;
; Use LogicLock Constraints during Resource Balancing                        ; On                 ; On                 ;
; Ignore translate_off and synthesis_off directives                          ; Off                ; Off                ;
; Timing-Driven Synthesis                                                    ; Off                ; Off                ;
; Report Parameter Settings                                                  ; On                 ; On                 ;
; Report Source Assignments                                                  ; On                 ; On                 ;
; Report Connectivity Checks                                                 ; On                 ; On                 ;
; Ignore Maximum Fan-Out Assignments                                         ; Off                ; Off                ;
; Synchronization Register Chain Length                                      ; 2                  ; 2                  ;
; PowerPlay Power Optimization                                               ; Normal compilation ; Normal compilation ;
; HDL message level                                                          ; Level2             ; Level2             ;
; Suppress Register Optimization Related Messages                            ; Off                ; Off                ;
; Number of Removed Registers Reported in Synthesis Report                   ; 5000               ; 5000               ;
; Number of Swept Nodes Reported in Synthesis Report                         ; 5000               ; 5000               ;
; Number of Inverted Registers Reported in Synthesis Report                  ; 100                ; 100                ;
; Clock MUX Protection                                                       ; On                 ; On                 ;
; Auto Gated Clock Conversion                                                ; Off                ; Off                ;
; Block Design Naming                                                        ; Auto               ; Auto               ;
; SDC constraint protection                                                  ; Off                ; Off                ;
; Synthesis Effort                                                           ; Auto               ; Auto               ;
; Shift Register Replacement - Allow Asynchronous Clear Signal               ; On                 ; On                 ;
; Pre-Mapping Resynthesis Optimization                                       ; Off                ; Off                ;
; Analysis & Synthesis Message Level                                         ; Medium             ; Medium             ;
; Disable Register Merging Across Hierarchies                                ; Auto               ; Auto               ;
; Resource Aware Inference For Block RAM                                     ; On                 ; On                 ;
; Synthesis Seed                                                             ; 1                  ; 1                  ;
+----------------------------------------------------------------------------+--------------------+--------------------+


Parallel compilation was disabled, but you have multiple processors available. Enable parallel compilation to reduce compilation time.
+-------------------------------------+
; Parallel Compilation                ;
+----------------------------+--------+
; Processors                 ; Number ;
+----------------------------+--------+
; Number detected on machine ; 8      ;
; Maximum allowed            ; 1      ;
+----------------------------+--------+


+----------------------------------------------------------------------------------------------------------------------------------+
; Analysis & Synthesis Source Files Read                                                                                           ;
+----------------------------------+-----------------+------------------------+------------------------------------------+---------+
; File Name with User-Entered Path ; Used in Netlist ; File Type              ; File Name with Absolute Path             ; Library ;
+----------------------------------+-----------------+------------------------+------------------------------------------+---------+
; hienthi8led.v                    ; yes             ; User Verilog HDL File  ; E:/HDL/led7hienthitren8led/hienthi8led.v ;         ;
+----------------------------------+-----------------+------------------------+------------------------------------------+---------+


+---------------------------------------------------------------------+
; Analysis & Synthesis Resource Usage Summary                         ;
+---------------------------------------------+-----------------------+
; Resource                                    ; Usage                 ;
+---------------------------------------------+-----------------------+
; Estimated Total logic elements              ; 46                    ;
;                                             ;                       ;
; Total combinational functions               ; 46                    ;
; Logic element usage by number of LUT inputs ;                       ;
;     -- 4 input functions                    ; 21                    ;
;     -- 3 input functions                    ; 25                    ;
;     -- <=2 input functions                  ; 0                     ;
;                                             ;                       ;
; Logic elements by mode                      ;                       ;
;     -- normal mode                          ; 46                    ;
;     -- arithmetic mode                      ; 0                     ;
;                                             ;                       ;
; Total registers                             ; 0                     ;
;     -- Dedicated logic registers            ; 0                     ;
;     -- I/O registers                        ; 0                     ;
;                                             ;                       ;
; I/O pins                                    ; 91                    ;
; Embedded Multiplier 9-bit elements          ; 0                     ;
; Maximum fan-out node                        ; mux3bit5to1:H1|Mux1~4 ;
; Maximum fan-out                             ; 29                    ;
; Total fan-out                               ; 215                   ;
; Average fan-out                             ; 1.57                  ;
+---------------------------------------------+-----------------------+


+-------------------------------------------------------------------------------------------------------------------------------------------------------------------------------------+
; Analysis & Synthesis Resource Utilization by Entity                                                                                                                                 ;
+----------------------------+-------------------+--------------+-------------+--------------+---------+-----------+------+--------------+-----------------------------+--------------+
; Compilation Hierarchy Node ; LC Combinationals ; LC Registers ; Memory Bits ; DSP Elements ; DSP 9x9 ; DSP 18x18 ; Pins ; Virtual Pins ; Full Hierarchy Name         ; Library Name ;
+----------------------------+-------------------+--------------+-------------+--------------+---------+-----------+------+--------------+-----------------------------+--------------+
; |hienthi8led               ; 46 (0)            ; 0 (0)        ; 0           ; 0            ; 0       ; 0         ; 91   ; 0            ; |hienthi8led                ;              ;
;    |hello:H2|              ; 31 (31)           ; 0 (0)        ; 0           ; 0            ; 0       ; 0         ; 0    ; 0            ; |hienthi8led|hello:H2       ;              ;
;    |mux3bit5to1:H1|        ; 15 (15)           ; 0 (0)        ; 0           ; 0            ; 0       ; 0         ; 0    ; 0            ; |hienthi8led|mux3bit5to1:H1 ;              ;
+----------------------------+-------------------+--------------+-------------+--------------+---------+-----------+------+--------------+-----------------------------+--------------+
Note: For table entries with two numbers listed, the numbers in parentheses indicate the number of resources of the given type used by the specific entity alone. The numbers listed outside of parentheses indicate the total resources of the given type used by the specific entity and all of its sub-entities in the hierarchy.


+------------------------------------------------------+
; General Register Statistics                          ;
+----------------------------------------------+-------+
; Statistic                                    ; Value ;
+----------------------------------------------+-------+
; Total registers                              ; 0     ;
; Number of registers using Synchronous Clear  ; 0     ;
; Number of registers using Synchronous Load   ; 0     ;
; Number of registers using Asynchronous Clear ; 0     ;
; Number of registers using Asynchronous Load  ; 0     ;
; Number of registers using Clock Enable       ; 0     ;
; Number of registers using Preset             ; 0     ;
+----------------------------------------------+-------+


+------------------------------------------------------------------------------------------------------------------------------------------------+
; Multiplexer Restructuring Statistics (Restructuring Performed)                                                                                 ;
+--------------------+-----------+---------------+----------------------+------------------------+------------+----------------------------------+
; Multiplexer Inputs ; Bus Width ; Baseline Area ; Area if Restructured ; Saving if Restructured ; Registered ; Example Multiplexer Output       ;
+--------------------+-----------+---------------+----------------------+------------------------+------------+----------------------------------+
; 8:1                ; 3 bits    ; 15 LEs        ; 15 LEs               ; 0 LEs                  ; No         ; |hienthi8led|mux3bit5to1:H1|Mux0 ;
+--------------------+-----------+---------------+----------------------+------------------------+------------+----------------------------------+


+--------------------------------------------------------------------------------------------------------------------------------------------------------------------------------------------------+
; Port Connectivity Checks: "hello:H2"                                                                                                                                                             ;
+------+--------+----------+-----------------------------------------------------------------------------------------------------------------------------------------------------------------------+
; Port ; Type   ; Severity ; Details                                                                                                                                                               ;
+------+--------+----------+-----------------------------------------------------------------------------------------------------------------------------------------------------------------------+
; HEX0 ; Output ; Warning  ; Output or bidir port (7 bits) is smaller than the port expression (8 bits) it drives.  The 1 most-significant bit(s) in the port expression will be connected to GND. ;
; HEX1 ; Output ; Warning  ; Output or bidir port (7 bits) is smaller than the port expression (8 bits) it drives.  The 1 most-significant bit(s) in the port expression will be connected to GND. ;
; HEX2 ; Output ; Warning  ; Output or bidir port (7 bits) is smaller than the port expression (8 bits) it drives.  The 1 most-significant bit(s) in the port expression will be connected to GND. ;
; HEX3 ; Output ; Warning  ; Output or bidir port (7 bits) is smaller than the port expression (8 bits) it drives.  The 1 most-significant bit(s) in the port expression will be connected to GND. ;
; HEX4 ; Output ; Warning  ; Output or bidir port (7 bits) is smaller than the port expression (8 bits) it drives.  The 1 most-significant bit(s) in the port expression will be connected to GND. ;
; HEX5 ; Output ; Warning  ; Output or bidir port (7 bits) is smaller than the port expression (8 bits) it drives.  The 1 most-significant bit(s) in the port expression will be connected to GND. ;
; HEX6 ; Output ; Warning  ; Output or bidir port (7 bits) is smaller than the port expression (8 bits) it drives.  The 1 most-significant bit(s) in the port expression will be connected to GND. ;
; HEX7 ; Output ; Warning  ; Output or bidir port (7 bits) is smaller than the port expression (8 bits) it drives.  The 1 most-significant bit(s) in the port expression will be connected to GND. ;
+------+--------+----------+-----------------------------------------------------------------------------------------------------------------------------------------------------------------------+


+-------------------------------+
; Elapsed Time Per Partition    ;
+----------------+--------------+
; Partition Name ; Elapsed Time ;
+----------------+--------------+
; Top            ; 00:00:00     ;
+----------------+--------------+


+-------------------------------+
; Analysis & Synthesis Messages ;
+-------------------------------+
Info: *******************************************************************
Info: Running Quartus II 64-Bit Analysis & Synthesis
    Info: Version 13.0.0 Build 156 04/24/2013 SJ Web Edition
    Info: Processing started: Wed Sep 29 11:15:07 2021
Info: Command: quartus_map --read_settings_files=on --write_settings_files=off hienthi8led -c hienthi8led
Warning (20028): Parallel compilation is not licensed and has been disabled
Info (12021): Found 4 design units, including 4 entities, in source file hienthi8led.v
    Info (12023): Found entity 1: hienthi8led
    Info (12023): Found entity 2: mux3bit5to1
    Info (12023): Found entity 3: hello
    Info (12023): Found entity 4: TB_hienthi8led
Info (12127): Elaborating entity "hienthi8led" for the top level hierarchy
Info (12128): Elaborating entity "mux3bit5to1" for hierarchy "mux3bit5to1:H1"
Info (12128): Elaborating entity "hello" for hierarchy "hello:H2"
Warning (10230): Verilog HDL assignment warning at hienthi8led.v(41): truncated value with size 8 to match size of target (7)
Warning (10230): Verilog HDL assignment warning at hienthi8led.v(42): truncated value with size 8 to match size of target (7)
Warning (10230): Verilog HDL assignment warning at hienthi8led.v(43): truncated value with size 8 to match size of target (7)
Warning (10230): Verilog HDL assignment warning at hienthi8led.v(44): truncated value with size 8 to match size of target (7)
Warning (10230): Verilog HDL assignment warning at hienthi8led.v(45): truncated value with size 8 to match size of target (7)
Warning (10230): Verilog HDL assignment warning at hienthi8led.v(46): truncated value with size 8 to match size of target (7)
Warning (10230): Verilog HDL assignment warning at hienthi8led.v(47): truncated value with size 8 to match size of target (7)
Warning (10230): Verilog HDL assignment warning at hienthi8led.v(48): truncated value with size 8 to match size of target (7)
Warning (10230): Verilog HDL assignment warning at hienthi8led.v(52): truncated value with size 8 to match size of target (7)
Warning (10230): Verilog HDL assignment warning at hienthi8led.v(53): truncated value with size 8 to match size of target (7)
Warning (10230): Verilog HDL assignment warning at hienthi8led.v(54): truncated value with size 8 to match size of target (7)
Warning (10230): Verilog HDL assignment warning at hienthi8led.v(55): truncated value with size 8 to match size of target (7)
Warning (10230): Verilog HDL assignment warning at hienthi8led.v(56): truncated value with size 8 to match size of target (7)
Warning (10230): Verilog HDL assignment warning at hienthi8led.v(57): truncated value with size 8 to match size of target (7)
Warning (10230): Verilog HDL assignment warning at hienthi8led.v(58): truncated value with size 8 to match size of target (7)
Warning (10230): Verilog HDL assignment warning at hienthi8led.v(59): truncated value with size 8 to match size of target (7)
Warning (10230): Verilog HDL assignment warning at hienthi8led.v(63): truncated value with size 8 to match size of target (7)
Warning (10230): Verilog HDL assignment warning at hienthi8led.v(64): truncated value with size 8 to match size of target (7)
Warning (10230): Verilog HDL assignment warning at hienthi8led.v(65): truncated value with size 8 to match size of target (7)
Warning (10230): Verilog HDL assignment warning at hienthi8led.v(66): truncated value with size 8 to match size of target (7)
Warning (10230): Verilog HDL assignment warning at hienthi8led.v(67): truncated value with size 8 to match size of target (7)
Warning (10230): Verilog HDL assignment warning at hienthi8led.v(68): truncated value with size 8 to match size of target (7)
Warning (10230): Verilog HDL assignment warning at hienthi8led.v(69): truncated value with size 8 to match size of target (7)
Warning (10230): Verilog HDL assignment warning at hienthi8led.v(70): truncated value with size 8 to match size of target (7)
Warning (10230): Verilog HDL assignment warning at hienthi8led.v(74): truncated value with size 8 to match size of target (7)
Warning (10230): Verilog HDL assignment warning at hienthi8led.v(75): truncated value with size 8 to match size of target (7)
Warning (10230): Verilog HDL assignment warning at hienthi8led.v(76): truncated value with size 8 to match size of target (7)
Warning (10230): Verilog HDL assignment warning at hienthi8led.v(77): truncated value with size 8 to match size of target (7)
Warning (10230): Verilog HDL assignment warning at hienthi8led.v(78): truncated value with size 8 to match size of target (7)
Warning (10230): Verilog HDL assignment warning at hienthi8led.v(79): truncated value with size 8 to match size of target (7)
Warning (10230): Verilog HDL assignment warning at hienthi8led.v(80): truncated value with size 8 to match size of target (7)
Warning (10230): Verilog HDL assignment warning at hienthi8led.v(81): truncated value with size 8 to match size of target (7)
Warning (10230): Verilog HDL assignment warning at hienthi8led.v(86): truncated value with size 8 to match size of target (7)
Warning (10230): Verilog HDL assignment warning at hienthi8led.v(87): truncated value with size 8 to match size of target (7)
Warning (10230): Verilog HDL assignment warning at hienthi8led.v(88): truncated value with size 8 to match size of target (7)
Warning (10230): Verilog HDL assignment warning at hienthi8led.v(89): truncated value with size 8 to match size of target (7)
Warning (10230): Verilog HDL assignment warning at hienthi8led.v(90): truncated value with size 8 to match size of target (7)
Warning (10230): Verilog HDL assignment warning at hienthi8led.v(91): truncated value with size 8 to match size of target (7)
Warning (10230): Verilog HDL assignment warning at hienthi8led.v(92): truncated value with size 8 to match size of target (7)
Warning (10230): Verilog HDL assignment warning at hienthi8led.v(93): truncated value with size 8 to match size of target (7)
Warning (10230): Verilog HDL assignment warning at hienthi8led.v(97): truncated value with size 8 to match size of target (7)
Warning (10230): Verilog HDL assignment warning at hienthi8led.v(98): truncated value with size 8 to match size of target (7)
Warning (10230): Verilog HDL assignment warning at hienthi8led.v(99): truncated value with size 8 to match size of target (7)
Warning (10230): Verilog HDL assignment warning at hienthi8led.v(100): truncated value with size 8 to match size of target (7)
Warning (10230): Verilog HDL assignment warning at hienthi8led.v(101): truncated value with size 8 to match size of target (7)
Warning (10230): Verilog HDL assignment warning at hienthi8led.v(102): truncated value with size 8 to match size of target (7)
Warning (10230): Verilog HDL assignment warning at hienthi8led.v(103): truncated value with size 8 to match size of target (7)
Warning (10230): Verilog HDL assignment warning at hienthi8led.v(104): truncated value with size 8 to match size of target (7)
Warning (10230): Verilog HDL assignment warning at hienthi8led.v(108): truncated value with size 8 to match size of target (7)
Warning (10230): Verilog HDL assignment warning at hienthi8led.v(109): truncated value with size 8 to match size of target (7)
Warning (10230): Verilog HDL assignment warning at hienthi8led.v(110): truncated value with size 8 to match size of target (7)
Warning (10230): Verilog HDL assignment warning at hienthi8led.v(111): truncated value with size 8 to match size of target (7)
Warning (10230): Verilog HDL assignment warning at hienthi8led.v(112): truncated value with size 8 to match size of target (7)
Warning (10230): Verilog HDL assignment warning at hienthi8led.v(113): truncated value with size 8 to match size of target (7)
Warning (10230): Verilog HDL assignment warning at hienthi8led.v(114): truncated value with size 8 to match size of target (7)
Warning (10230): Verilog HDL assignment warning at hienthi8led.v(115): truncated value with size 8 to match size of target (7)
Warning (10230): Verilog HDL assignment warning at hienthi8led.v(119): truncated value with size 8 to match size of target (7)
Warning (10230): Verilog HDL assignment warning at hienthi8led.v(120): truncated value with size 8 to match size of target (7)
Warning (10230): Verilog HDL assignment warning at hienthi8led.v(121): truncated value with size 8 to match size of target (7)
Warning (10230): Verilog HDL assignment warning at hienthi8led.v(122): truncated value with size 8 to match size of target (7)
Warning (10230): Verilog HDL assignment warning at hienthi8led.v(123): truncated value with size 8 to match size of target (7)
Warning (10230): Verilog HDL assignment warning at hienthi8led.v(124): truncated value with size 8 to match size of target (7)
Warning (10230): Verilog HDL assignment warning at hienthi8led.v(125): truncated value with size 8 to match size of target (7)
Warning (10230): Verilog HDL assignment warning at hienthi8led.v(126): truncated value with size 8 to match size of target (7)
Warning (12241): 1 hierarchies have connectivity warnings - see the Connectivity Checks report folder
Warning (13024): Output pins are stuck at VCC or GND
    Warning (13410): Pin "X0[7]" is stuck at GND
    Warning (13410): Pin "X1[7]" is stuck at GND
    Warning (13410): Pin "X2[7]" is stuck at GND
    Warning (13410): Pin "X3[7]" is stuck at GND
    Warning (13410): Pin "X4[7]" is stuck at GND
    Warning (13410): Pin "X5[7]" is stuck at GND
    Warning (13410): Pin "X6[7]" is stuck at GND
    Warning (13410): Pin "X7[7]" is stuck at GND
Info (16010): Generating hard_block partition "hard_block:auto_generated_inst"
    Info (16011): Adding 0 node(s), including 0 DDIO, 0 PLL, 0 transceiver and 0 LCELL
Info (21057): Implemented 137 device resources after synthesis - the final resource count might be different
    Info (21058): Implemented 27 input pins
    Info (21059): Implemented 64 output pins
    Info (21061): Implemented 46 logic cells
Info: Quartus II 64-Bit Analysis & Synthesis was successful. 0 errors, 75 warnings
    Info: Peak virtual memory: 4597 megabytes
    Info: Processing ended: Wed Sep 29 11:15:08 2021
    Info: Elapsed time: 00:00:01
    Info: Total CPU time (on all processors): 00:00:01


