TimeQuest Timing Analyzer report for baihai
Tue Oct 26 22:54:04 2021
Quartus II 64-Bit Version 13.0.0 Build 156 04/24/2013 SJ Web Edition


---------------------
; Table of Contents ;
---------------------
  1. Legal Notice
  2. TimeQuest Timing Analyzer Summary
  3. Parallel Compilation
  4. Clocks
  5. Slow Model Fmax Summary
  6. Slow Model Setup Summary
  7. Slow Model Hold Summary
  8. Slow Model Recovery Summary
  9. Slow Model Removal Summary
 10. Slow Model Minimum Pulse Width Summary
 11. Propagation Delay
 12. Minimum Propagation Delay
 13. Fast Model Setup Summary
 14. Fast Model Hold Summary
 15. Fast Model Recovery Summary
 16. Fast Model Removal Summary
 17. Fast Model Minimum Pulse Width Summary
 18. Propagation Delay
 19. Minimum Propagation Delay
 20. Multicorner Timing Analysis Summary
 21. Progagation Delay
 22. Minimum Progagation Delay
 23. Clock Transfers
 24. Report TCCS
 25. Report RSKM
 26. Unconstrained Paths
 27. TimeQuest Timing Analyzer Messages



----------------
; Legal Notice ;
----------------
Copyright (C) 1991-2013 Altera Corporation
Your use of Altera Corporation's design tools, logic functions 
and other software and tools, and its AMPP partner logic 
functions, and any output files from any of the foregoing 
(including device programming or simulation files), and any 
associated documentation or information are expressly subject 
to the terms and conditions of the Altera Program License 
Subscription Agreement, Altera MegaCore Function License 
Agreement, or other applicable license agreement, including, 
without limitation, that your use is for the sole purpose of 
programming logic devices manufactured by Altera and sold by 
Altera or its authorized distributors.  Please refer to the 
applicable agreement for further details.



+-------------------------------------------------------------------------+
; TimeQuest Timing Analyzer Summary                                       ;
+--------------------+----------------------------------------------------+
; Quartus II Version ; Version 13.0.0 Build 156 04/24/2013 SJ Web Edition ;
; Revision Name      ; baihai                                             ;
; Device Family      ; Cyclone II                                         ;
; Device Name        ; EP2C35F672C6                                       ;
; Timing Models      ; Final                                              ;
; Delay Model        ; Combined                                           ;
; Rise/Fall Delays   ; Unavailable                                        ;
+--------------------+----------------------------------------------------+


Parallel compilation was disabled, but you have multiple processors available. Enable parallel compilation to reduce compilation time.
+-------------------------------------+
; Parallel Compilation                ;
+----------------------------+--------+
; Processors                 ; Number ;
+----------------------------+--------+
; Number detected on machine ; 8      ;
; Maximum allowed            ; 1      ;
+----------------------------+--------+


----------
; Clocks ;
----------
No clocks to report.


---------------------------
; Slow Model Fmax Summary ;
---------------------------
No paths to report.


----------------------------
; Slow Model Setup Summary ;
----------------------------
No paths to report.


---------------------------
; Slow Model Hold Summary ;
---------------------------
No paths to report.


-------------------------------
; Slow Model Recovery Summary ;
-------------------------------
No paths to report.


------------------------------
; Slow Model Removal Summary ;
------------------------------
No paths to report.


------------------------------------------
; Slow Model Minimum Pulse Width Summary ;
------------------------------------------
No paths to report.


+--------------------------------------------------------------+
; Propagation Delay                                            ;
+------------+-------------+--------+--------+--------+--------+
; Input Port ; Output Port ; RR     ; RF     ; FR     ; FF     ;
+------------+-------------+--------+--------+--------+--------+
; a[0]       ; hex0[2]     ; 14.441 ; 14.202 ; 14.202 ; 14.441 ;
; a[0]       ; hex0[3]     ; 14.477 ; 14.238 ; 14.238 ; 14.477 ;
; a[0]       ; hex0[4]     ; 14.467 ; 14.228 ; 14.228 ; 14.467 ;
; a[0]       ; hex0[5]     ; 14.441 ; 14.202 ; 14.202 ; 14.441 ;
; a[0]       ; hex1[0]     ; 24.358 ; 24.598 ; 24.598 ; 24.358 ;
; a[0]       ; hex1[1]     ; 24.640 ; 24.640 ; 24.640 ; 24.640 ;
; a[0]       ; hex1[2]     ; 24.577 ; 24.577 ; 24.577 ; 24.577 ;
; a[0]       ; hex1[3]     ; 24.575 ; 24.575 ; 24.575 ; 24.575 ;
; a[0]       ; hex1[4]     ; 24.592 ; 24.352 ; 24.352 ; 24.592 ;
; a[0]       ; hex1[5]     ; 24.642 ; 24.402 ; 24.402 ; 24.642 ;
; a[0]       ; hex1[6]     ; 24.833 ; 24.593 ; 24.593 ; 24.833 ;
; a[0]       ; hex2[0]     ; 25.029 ; 25.029 ; 25.029 ; 25.029 ;
; a[0]       ; hex2[1]     ; 25.019 ; 25.019 ; 25.019 ; 25.019 ;
; a[0]       ; hex2[2]     ; 25.241 ; 25.241 ; 25.241 ; 25.241 ;
; a[0]       ; hex2[3]     ; 25.245 ; 25.245 ; 25.245 ; 25.245 ;
; a[0]       ; hex2[4]     ; 25.251 ; 25.251 ; 25.251 ; 25.251 ;
; a[0]       ; hex2[5]     ; 25.250 ; 25.250 ; 25.250 ; 25.250 ;
; a[0]       ; hex2[6]     ; 25.025 ; 25.025 ; 25.025 ; 25.025 ;
; a[1]       ; hex0[2]     ; 14.433 ; 14.194 ; 14.194 ; 14.433 ;
; a[1]       ; hex0[3]     ; 14.469 ; 14.230 ; 14.230 ; 14.469 ;
; a[1]       ; hex0[4]     ; 14.459 ; 14.220 ; 14.220 ; 14.459 ;
; a[1]       ; hex0[5]     ; 14.433 ; 14.194 ; 14.194 ; 14.433 ;
; a[1]       ; hex1[0]     ; 24.350 ; 24.590 ; 24.590 ; 24.350 ;
; a[1]       ; hex1[1]     ; 24.632 ; 24.632 ; 24.632 ; 24.632 ;
; a[1]       ; hex1[2]     ; 24.569 ; 24.569 ; 24.569 ; 24.569 ;
; a[1]       ; hex1[3]     ; 24.567 ; 24.567 ; 24.567 ; 24.567 ;
; a[1]       ; hex1[4]     ; 24.584 ; 24.344 ; 24.344 ; 24.584 ;
; a[1]       ; hex1[5]     ; 24.634 ; 24.394 ; 24.394 ; 24.634 ;
; a[1]       ; hex1[6]     ; 24.825 ; 24.585 ; 24.585 ; 24.825 ;
; a[1]       ; hex2[0]     ; 25.021 ; 25.021 ; 25.021 ; 25.021 ;
; a[1]       ; hex2[1]     ; 25.011 ; 25.011 ; 25.011 ; 25.011 ;
; a[1]       ; hex2[2]     ; 25.233 ; 25.233 ; 25.233 ; 25.233 ;
; a[1]       ; hex2[3]     ; 25.237 ; 25.237 ; 25.237 ; 25.237 ;
; a[1]       ; hex2[4]     ; 25.243 ; 25.243 ; 25.243 ; 25.243 ;
; a[1]       ; hex2[5]     ; 25.242 ; 25.242 ; 25.242 ; 25.242 ;
; a[1]       ; hex2[6]     ; 25.017 ; 25.017 ; 25.017 ; 25.017 ;
; a[2]       ; hex0[2]     ; 13.272 ; 13.033 ; 13.033 ; 13.272 ;
; a[2]       ; hex0[3]     ; 13.308 ; 13.069 ; 13.069 ; 13.308 ;
; a[2]       ; hex0[4]     ; 13.298 ; 13.059 ; 13.059 ; 13.298 ;
; a[2]       ; hex0[5]     ; 13.272 ; 13.033 ; 13.033 ; 13.272 ;
; a[2]       ; hex1[0]     ; 23.189 ; 23.429 ; 23.429 ; 23.189 ;
; a[2]       ; hex1[1]     ; 23.471 ; 23.471 ; 23.471 ; 23.471 ;
; a[2]       ; hex1[2]     ; 23.408 ; 23.408 ; 23.408 ; 23.408 ;
; a[2]       ; hex1[3]     ; 23.406 ; 23.406 ; 23.406 ; 23.406 ;
; a[2]       ; hex1[4]     ; 23.423 ; 23.183 ; 23.183 ; 23.423 ;
; a[2]       ; hex1[5]     ; 23.473 ; 23.233 ; 23.233 ; 23.473 ;
; a[2]       ; hex1[6]     ; 23.664 ; 23.424 ; 23.424 ; 23.664 ;
; a[2]       ; hex2[0]     ; 23.860 ; 23.860 ; 23.860 ; 23.860 ;
; a[2]       ; hex2[1]     ; 23.850 ; 23.850 ; 23.850 ; 23.850 ;
; a[2]       ; hex2[2]     ; 24.072 ; 24.072 ; 24.072 ; 24.072 ;
; a[2]       ; hex2[3]     ; 24.076 ; 24.076 ; 24.076 ; 24.076 ;
; a[2]       ; hex2[4]     ; 24.082 ; 24.082 ; 24.082 ; 24.082 ;
; a[2]       ; hex2[5]     ; 24.081 ; 24.081 ; 24.081 ; 24.081 ;
; a[2]       ; hex2[6]     ; 23.856 ; 23.856 ; 23.856 ; 23.856 ;
; a[3]       ; hex0[2]     ; 13.889 ; 13.650 ; 13.650 ; 13.889 ;
; a[3]       ; hex0[3]     ; 13.925 ; 13.686 ; 13.686 ; 13.925 ;
; a[3]       ; hex0[4]     ; 13.915 ; 13.676 ; 13.676 ; 13.915 ;
; a[3]       ; hex0[5]     ; 13.889 ; 13.650 ; 13.650 ; 13.889 ;
; a[3]       ; hex1[0]     ; 23.806 ; 24.046 ; 24.046 ; 23.806 ;
; a[3]       ; hex1[1]     ; 24.088 ; 24.088 ; 24.088 ; 24.088 ;
; a[3]       ; hex1[2]     ; 24.025 ; 24.025 ; 24.025 ; 24.025 ;
; a[3]       ; hex1[3]     ; 24.023 ; 24.023 ; 24.023 ; 24.023 ;
; a[3]       ; hex1[4]     ; 24.040 ; 23.800 ; 23.800 ; 24.040 ;
; a[3]       ; hex1[5]     ; 24.090 ; 23.850 ; 23.850 ; 24.090 ;
; a[3]       ; hex1[6]     ; 24.281 ; 24.041 ; 24.041 ; 24.281 ;
; a[3]       ; hex2[0]     ; 24.477 ; 24.477 ; 24.477 ; 24.477 ;
; a[3]       ; hex2[1]     ; 24.467 ; 24.467 ; 24.467 ; 24.467 ;
; a[3]       ; hex2[2]     ; 24.689 ; 24.689 ; 24.689 ; 24.689 ;
; a[3]       ; hex2[3]     ; 24.693 ; 24.693 ; 24.693 ; 24.693 ;
; a[3]       ; hex2[4]     ; 24.699 ; 24.699 ; 24.699 ; 24.699 ;
; a[3]       ; hex2[5]     ; 24.698 ; 24.698 ; 24.698 ; 24.698 ;
; a[3]       ; hex2[6]     ; 24.473 ; 24.473 ; 24.473 ; 24.473 ;
; a[4]       ; hex0[2]     ; 12.526 ; 12.287 ; 12.287 ; 12.526 ;
; a[4]       ; hex0[3]     ; 12.562 ; 12.323 ; 12.323 ; 12.562 ;
; a[4]       ; hex0[4]     ; 12.552 ; 12.313 ; 12.313 ; 12.552 ;
; a[4]       ; hex0[5]     ; 12.526 ; 12.287 ; 12.287 ; 12.526 ;
; a[4]       ; hex1[0]     ; 22.443 ; 22.683 ; 22.683 ; 22.443 ;
; a[4]       ; hex1[1]     ; 22.725 ; 22.725 ; 22.725 ; 22.725 ;
; a[4]       ; hex1[2]     ; 22.662 ; 22.662 ; 22.662 ; 22.662 ;
; a[4]       ; hex1[3]     ; 22.660 ; 22.660 ; 22.660 ; 22.660 ;
; a[4]       ; hex1[4]     ; 22.677 ; 22.437 ; 22.437 ; 22.677 ;
; a[4]       ; hex1[5]     ; 22.727 ; 22.487 ; 22.487 ; 22.727 ;
; a[4]       ; hex1[6]     ; 22.918 ; 22.678 ; 22.678 ; 22.918 ;
; a[4]       ; hex2[0]     ; 23.114 ; 23.114 ; 23.114 ; 23.114 ;
; a[4]       ; hex2[1]     ; 23.104 ; 23.104 ; 23.104 ; 23.104 ;
; a[4]       ; hex2[2]     ; 23.326 ; 23.326 ; 23.326 ; 23.326 ;
; a[4]       ; hex2[3]     ; 23.330 ; 23.330 ; 23.330 ; 23.330 ;
; a[4]       ; hex2[4]     ; 23.336 ; 23.336 ; 23.336 ; 23.336 ;
; a[4]       ; hex2[5]     ; 23.335 ; 23.335 ; 23.335 ; 23.335 ;
; a[4]       ; hex2[6]     ; 23.110 ; 23.110 ; 23.110 ; 23.110 ;
; a[5]       ; hex0[2]     ; 8.562  ; 8.562  ; 8.562  ; 8.562  ;
; a[5]       ; hex0[3]     ; 8.598  ; 8.598  ; 8.598  ; 8.598  ;
; a[5]       ; hex0[4]     ; 8.588  ; 8.588  ; 8.588  ; 8.588  ;
; a[5]       ; hex0[5]     ; 8.562  ; 8.562  ; 8.562  ; 8.562  ;
; a[5]       ; hex1[0]     ; 18.718 ; 18.718 ; 18.718 ; 18.718 ;
; a[5]       ; hex1[1]     ; 18.760 ; 18.760 ; 18.760 ; 18.760 ;
; a[5]       ; hex1[2]     ; 18.697 ; 18.697 ; 18.697 ; 18.697 ;
; a[5]       ; hex1[3]     ; 18.695 ; 18.695 ; 18.695 ; 18.695 ;
; a[5]       ; hex1[4]     ; 18.712 ; 18.712 ; 18.712 ; 18.712 ;
; a[5]       ; hex1[5]     ; 18.762 ; 18.762 ; 18.762 ; 18.762 ;
; a[5]       ; hex1[6]     ; 18.953 ; 18.953 ; 18.953 ; 18.953 ;
; a[5]       ; hex2[0]     ; 19.153 ; 19.153 ; 19.153 ; 19.153 ;
; a[5]       ; hex2[1]     ; 19.143 ; 19.143 ; 19.143 ; 19.143 ;
; a[5]       ; hex2[2]     ; 19.365 ; 19.365 ; 19.365 ; 19.365 ;
; a[5]       ; hex2[3]     ; 19.369 ; 19.369 ; 19.369 ; 19.369 ;
; a[5]       ; hex2[4]     ; 19.375 ; 19.375 ; 19.375 ; 19.375 ;
; a[5]       ; hex2[5]     ; 19.374 ; 19.374 ; 19.374 ; 19.374 ;
; a[5]       ; hex2[6]     ; 19.149 ; 19.149 ; 19.149 ; 19.149 ;
; b[0]       ; hex0[2]     ; 14.518 ; 14.279 ; 14.279 ; 14.518 ;
; b[0]       ; hex0[3]     ; 14.554 ; 14.315 ; 14.315 ; 14.554 ;
; b[0]       ; hex0[4]     ; 14.544 ; 14.305 ; 14.305 ; 14.544 ;
; b[0]       ; hex0[5]     ; 14.518 ; 14.279 ; 14.279 ; 14.518 ;
; b[0]       ; hex1[0]     ; 24.435 ; 24.675 ; 24.675 ; 24.435 ;
; b[0]       ; hex1[1]     ; 24.717 ; 24.717 ; 24.717 ; 24.717 ;
; b[0]       ; hex1[2]     ; 24.654 ; 24.654 ; 24.654 ; 24.654 ;
; b[0]       ; hex1[3]     ; 24.652 ; 24.652 ; 24.652 ; 24.652 ;
; b[0]       ; hex1[4]     ; 24.669 ; 24.429 ; 24.429 ; 24.669 ;
; b[0]       ; hex1[5]     ; 24.719 ; 24.479 ; 24.479 ; 24.719 ;
; b[0]       ; hex1[6]     ; 24.910 ; 24.670 ; 24.670 ; 24.910 ;
; b[0]       ; hex2[0]     ; 25.106 ; 25.106 ; 25.106 ; 25.106 ;
; b[0]       ; hex2[1]     ; 25.096 ; 25.096 ; 25.096 ; 25.096 ;
; b[0]       ; hex2[2]     ; 25.318 ; 25.318 ; 25.318 ; 25.318 ;
; b[0]       ; hex2[3]     ; 25.322 ; 25.322 ; 25.322 ; 25.322 ;
; b[0]       ; hex2[4]     ; 25.328 ; 25.328 ; 25.328 ; 25.328 ;
; b[0]       ; hex2[5]     ; 25.327 ; 25.327 ; 25.327 ; 25.327 ;
; b[0]       ; hex2[6]     ; 25.102 ; 25.102 ; 25.102 ; 25.102 ;
; b[1]       ; hex0[2]     ; 14.297 ; 14.058 ; 14.058 ; 14.297 ;
; b[1]       ; hex0[3]     ; 14.333 ; 14.094 ; 14.094 ; 14.333 ;
; b[1]       ; hex0[4]     ; 14.323 ; 14.084 ; 14.084 ; 14.323 ;
; b[1]       ; hex0[5]     ; 14.297 ; 14.058 ; 14.058 ; 14.297 ;
; b[1]       ; hex1[0]     ; 24.214 ; 24.454 ; 24.454 ; 24.214 ;
; b[1]       ; hex1[1]     ; 24.496 ; 24.496 ; 24.496 ; 24.496 ;
; b[1]       ; hex1[2]     ; 24.433 ; 24.433 ; 24.433 ; 24.433 ;
; b[1]       ; hex1[3]     ; 24.431 ; 24.431 ; 24.431 ; 24.431 ;
; b[1]       ; hex1[4]     ; 24.448 ; 24.208 ; 24.208 ; 24.448 ;
; b[1]       ; hex1[5]     ; 24.498 ; 24.258 ; 24.258 ; 24.498 ;
; b[1]       ; hex1[6]     ; 24.689 ; 24.449 ; 24.449 ; 24.689 ;
; b[1]       ; hex2[0]     ; 24.885 ; 24.885 ; 24.885 ; 24.885 ;
; b[1]       ; hex2[1]     ; 24.875 ; 24.875 ; 24.875 ; 24.875 ;
; b[1]       ; hex2[2]     ; 25.097 ; 25.097 ; 25.097 ; 25.097 ;
; b[1]       ; hex2[3]     ; 25.101 ; 25.101 ; 25.101 ; 25.101 ;
; b[1]       ; hex2[4]     ; 25.107 ; 25.107 ; 25.107 ; 25.107 ;
; b[1]       ; hex2[5]     ; 25.106 ; 25.106 ; 25.106 ; 25.106 ;
; b[1]       ; hex2[6]     ; 24.881 ; 24.881 ; 24.881 ; 24.881 ;
; b[2]       ; hex0[2]     ; 13.570 ; 13.331 ; 13.331 ; 13.570 ;
; b[2]       ; hex0[3]     ; 13.606 ; 13.367 ; 13.367 ; 13.606 ;
; b[2]       ; hex0[4]     ; 13.596 ; 13.357 ; 13.357 ; 13.596 ;
; b[2]       ; hex0[5]     ; 13.570 ; 13.331 ; 13.331 ; 13.570 ;
; b[2]       ; hex1[0]     ; 23.487 ; 23.727 ; 23.727 ; 23.487 ;
; b[2]       ; hex1[1]     ; 23.769 ; 23.769 ; 23.769 ; 23.769 ;
; b[2]       ; hex1[2]     ; 23.706 ; 23.706 ; 23.706 ; 23.706 ;
; b[2]       ; hex1[3]     ; 23.704 ; 23.704 ; 23.704 ; 23.704 ;
; b[2]       ; hex1[4]     ; 23.721 ; 23.481 ; 23.481 ; 23.721 ;
; b[2]       ; hex1[5]     ; 23.771 ; 23.531 ; 23.531 ; 23.771 ;
; b[2]       ; hex1[6]     ; 23.962 ; 23.722 ; 23.722 ; 23.962 ;
; b[2]       ; hex2[0]     ; 24.158 ; 24.158 ; 24.158 ; 24.158 ;
; b[2]       ; hex2[1]     ; 24.148 ; 24.148 ; 24.148 ; 24.148 ;
; b[2]       ; hex2[2]     ; 24.370 ; 24.370 ; 24.370 ; 24.370 ;
; b[2]       ; hex2[3]     ; 24.374 ; 24.374 ; 24.374 ; 24.374 ;
; b[2]       ; hex2[4]     ; 24.380 ; 24.380 ; 24.380 ; 24.380 ;
; b[2]       ; hex2[5]     ; 24.379 ; 24.379 ; 24.379 ; 24.379 ;
; b[2]       ; hex2[6]     ; 24.154 ; 24.154 ; 24.154 ; 24.154 ;
; b[3]       ; hex0[2]     ; 14.421 ; 14.182 ; 14.182 ; 14.421 ;
; b[3]       ; hex0[3]     ; 14.457 ; 14.218 ; 14.218 ; 14.457 ;
; b[3]       ; hex0[4]     ; 14.447 ; 14.208 ; 14.208 ; 14.447 ;
; b[3]       ; hex0[5]     ; 14.421 ; 14.182 ; 14.182 ; 14.421 ;
; b[3]       ; hex1[0]     ; 24.338 ; 24.578 ; 24.578 ; 24.338 ;
; b[3]       ; hex1[1]     ; 24.620 ; 24.620 ; 24.620 ; 24.620 ;
; b[3]       ; hex1[2]     ; 24.557 ; 24.557 ; 24.557 ; 24.557 ;
; b[3]       ; hex1[3]     ; 24.555 ; 24.555 ; 24.555 ; 24.555 ;
; b[3]       ; hex1[4]     ; 24.572 ; 24.332 ; 24.332 ; 24.572 ;
; b[3]       ; hex1[5]     ; 24.622 ; 24.382 ; 24.382 ; 24.622 ;
; b[3]       ; hex1[6]     ; 24.813 ; 24.573 ; 24.573 ; 24.813 ;
; b[3]       ; hex2[0]     ; 25.009 ; 25.009 ; 25.009 ; 25.009 ;
; b[3]       ; hex2[1]     ; 24.999 ; 24.999 ; 24.999 ; 24.999 ;
; b[3]       ; hex2[2]     ; 25.221 ; 25.221 ; 25.221 ; 25.221 ;
; b[3]       ; hex2[3]     ; 25.225 ; 25.225 ; 25.225 ; 25.225 ;
; b[3]       ; hex2[4]     ; 25.231 ; 25.231 ; 25.231 ; 25.231 ;
; b[3]       ; hex2[5]     ; 25.230 ; 25.230 ; 25.230 ; 25.230 ;
; b[3]       ; hex2[6]     ; 25.005 ; 25.005 ; 25.005 ; 25.005 ;
; b[4]       ; hex0[2]     ; 12.849 ; 12.610 ; 12.610 ; 12.849 ;
; b[4]       ; hex0[3]     ; 12.885 ; 12.646 ; 12.646 ; 12.885 ;
; b[4]       ; hex0[4]     ; 12.875 ; 12.636 ; 12.636 ; 12.875 ;
; b[4]       ; hex0[5]     ; 12.849 ; 12.610 ; 12.610 ; 12.849 ;
; b[4]       ; hex1[0]     ; 22.766 ; 23.006 ; 23.006 ; 22.766 ;
; b[4]       ; hex1[1]     ; 23.048 ; 23.048 ; 23.048 ; 23.048 ;
; b[4]       ; hex1[2]     ; 22.985 ; 22.985 ; 22.985 ; 22.985 ;
; b[4]       ; hex1[3]     ; 22.983 ; 22.983 ; 22.983 ; 22.983 ;
; b[4]       ; hex1[4]     ; 23.000 ; 22.760 ; 22.760 ; 23.000 ;
; b[4]       ; hex1[5]     ; 23.050 ; 22.810 ; 22.810 ; 23.050 ;
; b[4]       ; hex1[6]     ; 23.241 ; 23.001 ; 23.001 ; 23.241 ;
; b[4]       ; hex2[0]     ; 23.437 ; 23.437 ; 23.437 ; 23.437 ;
; b[4]       ; hex2[1]     ; 23.427 ; 23.427 ; 23.427 ; 23.427 ;
; b[4]       ; hex2[2]     ; 23.649 ; 23.649 ; 23.649 ; 23.649 ;
; b[4]       ; hex2[3]     ; 23.653 ; 23.653 ; 23.653 ; 23.653 ;
; b[4]       ; hex2[4]     ; 23.659 ; 23.659 ; 23.659 ; 23.659 ;
; b[4]       ; hex2[5]     ; 23.658 ; 23.658 ; 23.658 ; 23.658 ;
; b[4]       ; hex2[6]     ; 23.433 ; 23.433 ; 23.433 ; 23.433 ;
; b[5]       ; hex0[2]     ; 8.519  ; 8.284  ; 8.284  ; 8.519  ;
; b[5]       ; hex0[3]     ; 8.555  ; 8.320  ; 8.320  ; 8.555  ;
; b[5]       ; hex0[4]     ; 8.545  ; 8.310  ; 8.310  ; 8.545  ;
; b[5]       ; hex0[5]     ; 8.519  ; 8.284  ; 8.284  ; 8.519  ;
; b[5]       ; hex1[0]     ; 18.440 ; 18.676 ; 18.676 ; 18.440 ;
; b[5]       ; hex1[1]     ; 18.718 ; 18.718 ; 18.718 ; 18.718 ;
; b[5]       ; hex1[2]     ; 18.655 ; 18.655 ; 18.655 ; 18.655 ;
; b[5]       ; hex1[3]     ; 18.653 ; 18.653 ; 18.653 ; 18.653 ;
; b[5]       ; hex1[4]     ; 18.670 ; 18.434 ; 18.434 ; 18.670 ;
; b[5]       ; hex1[5]     ; 18.720 ; 18.484 ; 18.484 ; 18.720 ;
; b[5]       ; hex1[6]     ; 18.911 ; 18.675 ; 18.675 ; 18.911 ;
; b[5]       ; hex2[0]     ; 19.107 ; 19.107 ; 19.107 ; 19.107 ;
; b[5]       ; hex2[1]     ; 19.097 ; 19.097 ; 19.097 ; 19.097 ;
; b[5]       ; hex2[2]     ; 19.319 ; 19.319 ; 19.319 ; 19.319 ;
; b[5]       ; hex2[3]     ; 19.323 ; 19.323 ; 19.323 ; 19.323 ;
; b[5]       ; hex2[4]     ; 19.329 ; 19.329 ; 19.329 ; 19.329 ;
; b[5]       ; hex2[5]     ; 19.328 ; 19.328 ; 19.328 ; 19.328 ;
; b[5]       ; hex2[6]     ; 19.103 ; 19.103 ; 19.103 ; 19.103 ;
+------------+-------------+--------+--------+--------+--------+


+--------------------------------------------------------------+
; Minimum Propagation Delay                                    ;
+------------+-------------+--------+--------+--------+--------+
; Input Port ; Output Port ; RR     ; RF     ; FR     ; FF     ;
+------------+-------------+--------+--------+--------+--------+
; a[0]       ; hex0[2]     ; 13.095 ; 13.095 ; 13.095 ; 13.095 ;
; a[0]       ; hex0[3]     ; 13.131 ; 13.131 ; 13.131 ; 13.131 ;
; a[0]       ; hex0[4]     ; 13.121 ; 13.121 ; 13.121 ; 13.121 ;
; a[0]       ; hex0[5]     ; 13.095 ; 13.095 ; 13.095 ; 13.095 ;
; a[0]       ; hex1[0]     ; 13.226 ; 13.226 ; 13.226 ; 13.226 ;
; a[0]       ; hex1[1]     ; 13.268 ; 13.268 ; 13.268 ; 13.268 ;
; a[0]       ; hex1[2]     ; 13.205 ; 13.205 ; 13.205 ; 13.205 ;
; a[0]       ; hex1[3]     ; 13.203 ; 13.203 ; 13.203 ; 13.203 ;
; a[0]       ; hex1[4]     ; 13.220 ; 13.220 ; 13.220 ; 13.220 ;
; a[0]       ; hex1[5]     ; 13.270 ; 13.270 ; 13.270 ; 13.270 ;
; a[0]       ; hex1[6]     ; 13.461 ; 13.461 ; 13.461 ; 13.461 ;
; a[0]       ; hex2[0]     ; 10.408 ; 10.408 ; 10.408 ; 10.408 ;
; a[0]       ; hex2[1]     ; 10.408 ; 10.408 ; 10.408 ; 10.408 ;
; a[0]       ; hex2[2]     ; 10.619 ; 10.619 ; 10.619 ; 10.619 ;
; a[0]       ; hex2[3]     ; 10.634 ; 10.634 ; 10.634 ; 10.634 ;
; a[0]       ; hex2[4]     ; 10.610 ; 10.610 ; 10.610 ; 10.610 ;
; a[0]       ; hex2[5]     ; 10.628 ; 10.628 ; 10.628 ; 10.628 ;
; a[0]       ; hex2[6]     ; 10.413 ; 10.413 ; 10.413 ; 10.413 ;
; a[1]       ; hex0[2]     ; 13.087 ; 13.087 ; 13.087 ; 13.087 ;
; a[1]       ; hex0[3]     ; 13.123 ; 13.123 ; 13.123 ; 13.123 ;
; a[1]       ; hex0[4]     ; 13.113 ; 13.113 ; 13.113 ; 13.113 ;
; a[1]       ; hex0[5]     ; 13.087 ; 13.087 ; 13.087 ; 13.087 ;
; a[1]       ; hex1[0]     ; 13.218 ; 13.218 ; 13.218 ; 13.218 ;
; a[1]       ; hex1[1]     ; 13.260 ; 13.260 ; 13.260 ; 13.260 ;
; a[1]       ; hex1[2]     ; 13.197 ; 13.197 ; 13.197 ; 13.197 ;
; a[1]       ; hex1[3]     ; 13.195 ; 13.195 ; 13.195 ; 13.195 ;
; a[1]       ; hex1[4]     ; 13.212 ; 13.212 ; 13.212 ; 13.212 ;
; a[1]       ; hex1[5]     ; 13.262 ; 13.262 ; 13.262 ; 13.262 ;
; a[1]       ; hex1[6]     ; 13.453 ; 13.453 ; 13.453 ; 13.453 ;
; a[1]       ; hex2[0]     ; 11.016 ; 11.016 ; 11.016 ; 11.016 ;
; a[1]       ; hex2[1]     ; 10.997 ; 10.997 ; 10.997 ; 10.997 ;
; a[1]       ; hex2[2]     ; 11.227 ; 11.227 ; 11.227 ; 11.227 ;
; a[1]       ; hex2[3]     ; 11.232 ; 11.232 ; 11.232 ; 11.232 ;
; a[1]       ; hex2[4]     ; 11.232 ; 11.232 ; 11.232 ; 11.232 ;
; a[1]       ; hex2[5]     ; 11.236 ; 11.236 ; 11.236 ; 11.236 ;
; a[1]       ; hex2[6]     ; 11.004 ; 11.004 ; 11.004 ; 11.004 ;
; a[2]       ; hex0[2]     ; 11.924 ; 11.924 ; 11.924 ; 11.924 ;
; a[2]       ; hex0[3]     ; 11.960 ; 11.960 ; 11.960 ; 11.960 ;
; a[2]       ; hex0[4]     ; 11.950 ; 11.950 ; 11.950 ; 11.950 ;
; a[2]       ; hex0[5]     ; 11.924 ; 11.924 ; 11.924 ; 11.924 ;
; a[2]       ; hex1[0]     ; 12.488 ; 12.488 ; 12.488 ; 12.488 ;
; a[2]       ; hex1[1]     ; 12.530 ; 12.530 ; 12.530 ; 12.530 ;
; a[2]       ; hex1[2]     ; 12.467 ; 12.467 ; 12.467 ; 12.467 ;
; a[2]       ; hex1[3]     ; 12.465 ; 12.465 ; 12.465 ; 12.465 ;
; a[2]       ; hex1[4]     ; 12.482 ; 12.482 ; 12.482 ; 12.482 ;
; a[2]       ; hex1[5]     ; 12.532 ; 12.532 ; 12.532 ; 12.532 ;
; a[2]       ; hex1[6]     ; 12.723 ; 12.723 ; 12.723 ; 12.723 ;
; a[2]       ; hex2[0]     ; 11.010 ; 11.010 ; 11.010 ; 11.010 ;
; a[2]       ; hex2[1]     ; 11.006 ; 11.006 ; 11.006 ; 11.006 ;
; a[2]       ; hex2[2]     ; 11.220 ; 11.220 ; 11.220 ; 11.220 ;
; a[2]       ; hex2[3]     ; 11.232 ; 11.232 ; 11.232 ; 11.232 ;
; a[2]       ; hex2[4]     ; 11.238 ; 11.238 ; 11.238 ; 11.238 ;
; a[2]       ; hex2[5]     ; 11.230 ; 11.230 ; 11.230 ; 11.230 ;
; a[2]       ; hex2[6]     ; 11.011 ; 11.011 ; 11.011 ; 11.011 ;
; a[3]       ; hex0[2]     ; 12.280 ; 12.280 ; 12.280 ; 12.280 ;
; a[3]       ; hex0[3]     ; 12.316 ; 12.316 ; 12.316 ; 12.316 ;
; a[3]       ; hex0[4]     ; 12.306 ; 12.306 ; 12.306 ; 12.306 ;
; a[3]       ; hex0[5]     ; 12.280 ; 12.280 ; 12.280 ; 12.280 ;
; a[3]       ; hex1[0]     ; 13.859 ; 13.859 ; 13.859 ; 13.859 ;
; a[3]       ; hex1[1]     ; 13.916 ; 13.916 ; 13.916 ; 13.916 ;
; a[3]       ; hex1[2]     ; 13.852 ; 13.852 ; 13.852 ; 13.852 ;
; a[3]       ; hex1[3]     ; 13.837 ; 13.837 ; 13.837 ; 13.837 ;
; a[3]       ; hex1[4]     ; 13.868 ; 13.868 ; 13.868 ; 13.868 ;
; a[3]       ; hex1[5]     ; 13.913 ; 13.913 ; 13.913 ; 13.913 ;
; a[3]       ; hex1[6]     ; 14.091 ; 14.091 ; 14.091 ; 14.091 ;
; a[3]       ; hex2[0]     ; 12.954 ; 12.954 ; 12.954 ; 12.954 ;
; a[3]       ; hex2[1]     ; 12.944 ; 12.944 ; 12.944 ; 12.944 ;
; a[3]       ; hex2[2]     ; 13.166 ; 13.166 ; 13.166 ; 13.166 ;
; a[3]       ; hex2[3]     ; 13.170 ; 13.170 ; 13.170 ; 13.170 ;
; a[3]       ; hex2[4]     ; 13.176 ; 13.176 ; 13.176 ; 13.176 ;
; a[3]       ; hex2[5]     ; 13.175 ; 13.175 ; 13.175 ; 13.175 ;
; a[3]       ; hex2[6]     ; 12.950 ; 12.950 ; 12.950 ; 12.950 ;
; a[4]       ; hex0[2]     ; 11.757 ; 11.757 ; 11.757 ; 11.757 ;
; a[4]       ; hex0[3]     ; 11.793 ; 11.793 ; 11.793 ; 11.793 ;
; a[4]       ; hex0[4]     ; 11.783 ; 11.783 ; 11.783 ; 11.783 ;
; a[4]       ; hex0[5]     ; 11.757 ; 11.757 ; 11.757 ; 11.757 ;
; a[4]       ; hex1[0]     ; 13.336 ; 13.336 ; 13.336 ; 13.336 ;
; a[4]       ; hex1[1]     ; 13.393 ; 13.393 ; 13.393 ; 13.393 ;
; a[4]       ; hex1[2]     ; 13.329 ; 13.329 ; 13.329 ; 13.329 ;
; a[4]       ; hex1[3]     ; 13.314 ; 13.314 ; 13.314 ; 13.314 ;
; a[4]       ; hex1[4]     ; 13.345 ; 13.345 ; 13.345 ; 13.345 ;
; a[4]       ; hex1[5]     ; 13.390 ; 13.390 ; 13.390 ; 13.390 ;
; a[4]       ; hex1[6]     ; 13.568 ; 13.568 ; 13.568 ; 13.568 ;
; a[4]       ; hex2[0]     ; 13.725 ; 13.725 ; 13.725 ; 13.725 ;
; a[4]       ; hex2[1]     ; 13.721 ; 13.721 ; 13.721 ; 13.721 ;
; a[4]       ; hex2[2]     ; 13.935 ; 13.935 ; 13.935 ; 13.935 ;
; a[4]       ; hex2[3]     ; 13.947 ; 13.947 ; 13.947 ; 13.947 ;
; a[4]       ; hex2[4]     ; 13.953 ; 13.953 ; 13.953 ; 13.953 ;
; a[4]       ; hex2[5]     ; 13.945 ; 13.945 ; 13.945 ; 13.945 ;
; a[4]       ; hex2[6]     ; 13.726 ; 13.726 ; 13.726 ; 13.726 ;
; a[5]       ; hex0[2]     ; 8.523  ; 8.562  ; 8.562  ; 8.523  ;
; a[5]       ; hex0[3]     ; 8.559  ; 8.598  ; 8.598  ; 8.559  ;
; a[5]       ; hex0[4]     ; 8.549  ; 8.588  ; 8.588  ; 8.549  ;
; a[5]       ; hex0[5]     ; 8.523  ; 8.562  ; 8.562  ; 8.523  ;
; a[5]       ; hex1[0]     ; 9.991  ; 10.138 ; 10.138 ; 9.991  ;
; a[5]       ; hex1[1]     ; 10.035 ; 10.195 ; 10.195 ; 10.035 ;
; a[5]       ; hex1[2]     ; 9.971  ; 9.971  ; 9.971  ; 9.971  ;
; a[5]       ; hex1[3]     ; 9.969  ; 9.969  ; 9.969  ; 9.969  ;
; a[5]       ; hex1[4]     ; 9.987  ; 10.147 ; 10.147 ; 9.987  ;
; a[5]       ; hex1[5]     ; 10.037 ; 10.037 ; 10.037 ; 10.037 ;
; a[5]       ; hex1[6]     ; 10.227 ; 10.227 ; 10.227 ; 10.227 ;
; a[5]       ; hex2[0]     ; 10.244 ; 10.328 ; 10.328 ; 10.244 ;
; a[5]       ; hex2[1]     ; 10.234 ; 10.318 ; 10.318 ; 10.234 ;
; a[5]       ; hex2[2]     ; 10.456 ; 10.456 ; 10.456 ; 10.456 ;
; a[5]       ; hex2[3]     ; 10.460 ; 10.460 ; 10.460 ; 10.460 ;
; a[5]       ; hex2[4]     ; 10.466 ; 10.550 ; 10.550 ; 10.466 ;
; a[5]       ; hex2[5]     ; 10.465 ; 10.465 ; 10.465 ; 10.465 ;
; a[5]       ; hex2[6]     ; 10.240 ; 10.240 ; 10.240 ; 10.240 ;
; b[0]       ; hex0[2]     ; 13.172 ; 13.172 ; 13.172 ; 13.172 ;
; b[0]       ; hex0[3]     ; 13.208 ; 13.208 ; 13.208 ; 13.208 ;
; b[0]       ; hex0[4]     ; 13.198 ; 13.198 ; 13.198 ; 13.198 ;
; b[0]       ; hex0[5]     ; 13.172 ; 13.172 ; 13.172 ; 13.172 ;
; b[0]       ; hex1[0]     ; 13.304 ; 13.304 ; 13.304 ; 13.304 ;
; b[0]       ; hex1[1]     ; 13.346 ; 13.346 ; 13.346 ; 13.346 ;
; b[0]       ; hex1[2]     ; 13.283 ; 13.283 ; 13.283 ; 13.283 ;
; b[0]       ; hex1[3]     ; 13.281 ; 13.281 ; 13.281 ; 13.281 ;
; b[0]       ; hex1[4]     ; 13.298 ; 13.298 ; 13.298 ; 13.298 ;
; b[0]       ; hex1[5]     ; 13.348 ; 13.348 ; 13.348 ; 13.348 ;
; b[0]       ; hex1[6]     ; 13.539 ; 13.539 ; 13.539 ; 13.539 ;
; b[0]       ; hex2[0]     ; 10.218 ; 10.218 ; 10.218 ; 10.218 ;
; b[0]       ; hex2[1]     ; 10.218 ; 10.218 ; 10.218 ; 10.218 ;
; b[0]       ; hex2[2]     ; 10.429 ; 10.429 ; 10.429 ; 10.429 ;
; b[0]       ; hex2[3]     ; 10.444 ; 10.444 ; 10.444 ; 10.444 ;
; b[0]       ; hex2[4]     ; 10.420 ; 10.420 ; 10.420 ; 10.420 ;
; b[0]       ; hex2[5]     ; 10.438 ; 10.438 ; 10.438 ; 10.438 ;
; b[0]       ; hex2[6]     ; 10.223 ; 10.223 ; 10.223 ; 10.223 ;
; b[1]       ; hex0[2]     ; 12.951 ; 12.951 ; 12.951 ; 12.951 ;
; b[1]       ; hex0[3]     ; 12.987 ; 12.987 ; 12.987 ; 12.987 ;
; b[1]       ; hex0[4]     ; 12.977 ; 12.977 ; 12.977 ; 12.977 ;
; b[1]       ; hex0[5]     ; 12.951 ; 12.951 ; 12.951 ; 12.951 ;
; b[1]       ; hex1[0]     ; 13.082 ; 13.082 ; 13.082 ; 13.082 ;
; b[1]       ; hex1[1]     ; 13.124 ; 13.124 ; 13.124 ; 13.124 ;
; b[1]       ; hex1[2]     ; 13.061 ; 13.061 ; 13.061 ; 13.061 ;
; b[1]       ; hex1[3]     ; 13.059 ; 13.059 ; 13.059 ; 13.059 ;
; b[1]       ; hex1[4]     ; 13.076 ; 13.076 ; 13.076 ; 13.076 ;
; b[1]       ; hex1[5]     ; 13.126 ; 13.126 ; 13.126 ; 13.126 ;
; b[1]       ; hex1[6]     ; 13.317 ; 13.317 ; 13.317 ; 13.317 ;
; b[1]       ; hex2[0]     ; 10.880 ; 10.880 ; 10.880 ; 10.880 ;
; b[1]       ; hex2[1]     ; 10.861 ; 10.861 ; 10.861 ; 10.861 ;
; b[1]       ; hex2[2]     ; 11.091 ; 11.091 ; 11.091 ; 11.091 ;
; b[1]       ; hex2[3]     ; 11.096 ; 11.096 ; 11.096 ; 11.096 ;
; b[1]       ; hex2[4]     ; 11.096 ; 11.096 ; 11.096 ; 11.096 ;
; b[1]       ; hex2[5]     ; 11.100 ; 11.100 ; 11.100 ; 11.100 ;
; b[1]       ; hex2[6]     ; 10.868 ; 10.868 ; 10.868 ; 10.868 ;
; b[2]       ; hex0[2]     ; 12.224 ; 12.224 ; 12.224 ; 12.224 ;
; b[2]       ; hex0[3]     ; 12.260 ; 12.260 ; 12.260 ; 12.260 ;
; b[2]       ; hex0[4]     ; 12.250 ; 12.250 ; 12.250 ; 12.250 ;
; b[2]       ; hex0[5]     ; 12.224 ; 12.224 ; 12.224 ; 12.224 ;
; b[2]       ; hex1[0]     ; 12.743 ; 12.743 ; 12.743 ; 12.743 ;
; b[2]       ; hex1[1]     ; 12.785 ; 12.785 ; 12.785 ; 12.785 ;
; b[2]       ; hex1[2]     ; 12.722 ; 12.722 ; 12.722 ; 12.722 ;
; b[2]       ; hex1[3]     ; 12.720 ; 12.720 ; 12.720 ; 12.720 ;
; b[2]       ; hex1[4]     ; 12.737 ; 12.737 ; 12.737 ; 12.737 ;
; b[2]       ; hex1[5]     ; 12.787 ; 12.787 ; 12.787 ; 12.787 ;
; b[2]       ; hex1[6]     ; 12.978 ; 12.978 ; 12.978 ; 12.978 ;
; b[2]       ; hex2[0]     ; 11.309 ; 11.309 ; 11.309 ; 11.309 ;
; b[2]       ; hex2[1]     ; 11.305 ; 11.305 ; 11.305 ; 11.305 ;
; b[2]       ; hex2[2]     ; 11.519 ; 11.519 ; 11.519 ; 11.519 ;
; b[2]       ; hex2[3]     ; 11.531 ; 11.531 ; 11.531 ; 11.531 ;
; b[2]       ; hex2[4]     ; 11.537 ; 11.537 ; 11.537 ; 11.537 ;
; b[2]       ; hex2[5]     ; 11.529 ; 11.529 ; 11.529 ; 11.529 ;
; b[2]       ; hex2[6]     ; 11.310 ; 11.310 ; 11.310 ; 11.310 ;
; b[3]       ; hex0[2]     ; 12.355 ; 12.355 ; 12.355 ; 12.355 ;
; b[3]       ; hex0[3]     ; 12.391 ; 12.391 ; 12.391 ; 12.391 ;
; b[3]       ; hex0[4]     ; 12.381 ; 12.381 ; 12.381 ; 12.381 ;
; b[3]       ; hex0[5]     ; 12.355 ; 12.355 ; 12.355 ; 12.355 ;
; b[3]       ; hex1[0]     ; 13.260 ; 13.260 ; 13.260 ; 13.260 ;
; b[3]       ; hex1[1]     ; 13.304 ; 13.304 ; 13.304 ; 13.304 ;
; b[3]       ; hex1[2]     ; 13.240 ; 13.240 ; 13.240 ; 13.240 ;
; b[3]       ; hex1[3]     ; 13.238 ; 13.238 ; 13.238 ; 13.238 ;
; b[3]       ; hex1[4]     ; 13.256 ; 13.256 ; 13.256 ; 13.256 ;
; b[3]       ; hex1[5]     ; 13.306 ; 13.306 ; 13.306 ; 13.306 ;
; b[3]       ; hex1[6]     ; 13.496 ; 13.496 ; 13.496 ; 13.496 ;
; b[3]       ; hex2[0]     ; 12.803 ; 12.803 ; 12.803 ; 12.803 ;
; b[3]       ; hex2[1]     ; 12.793 ; 12.793 ; 12.793 ; 12.793 ;
; b[3]       ; hex2[2]     ; 13.015 ; 13.015 ; 13.015 ; 13.015 ;
; b[3]       ; hex2[3]     ; 13.019 ; 13.019 ; 13.019 ; 13.019 ;
; b[3]       ; hex2[4]     ; 13.025 ; 13.025 ; 13.025 ; 13.025 ;
; b[3]       ; hex2[5]     ; 13.024 ; 13.024 ; 13.024 ; 13.024 ;
; b[3]       ; hex2[6]     ; 12.799 ; 12.799 ; 12.799 ; 12.799 ;
; b[4]       ; hex0[2]     ; 12.080 ; 12.080 ; 12.080 ; 12.080 ;
; b[4]       ; hex0[3]     ; 12.116 ; 12.116 ; 12.116 ; 12.116 ;
; b[4]       ; hex0[4]     ; 12.106 ; 12.106 ; 12.106 ; 12.106 ;
; b[4]       ; hex0[5]     ; 12.080 ; 12.080 ; 12.080 ; 12.080 ;
; b[4]       ; hex1[0]     ; 13.659 ; 13.659 ; 13.659 ; 13.659 ;
; b[4]       ; hex1[1]     ; 13.716 ; 13.716 ; 13.716 ; 13.716 ;
; b[4]       ; hex1[2]     ; 13.652 ; 13.652 ; 13.652 ; 13.652 ;
; b[4]       ; hex1[3]     ; 13.637 ; 13.637 ; 13.637 ; 13.637 ;
; b[4]       ; hex1[4]     ; 13.668 ; 13.668 ; 13.668 ; 13.668 ;
; b[4]       ; hex1[5]     ; 13.713 ; 13.713 ; 13.713 ; 13.713 ;
; b[4]       ; hex1[6]     ; 13.891 ; 13.891 ; 13.891 ; 13.891 ;
; b[4]       ; hex2[0]     ; 14.048 ; 14.048 ; 14.048 ; 14.048 ;
; b[4]       ; hex2[1]     ; 14.044 ; 14.044 ; 14.044 ; 14.044 ;
; b[4]       ; hex2[2]     ; 14.258 ; 14.258 ; 14.258 ; 14.258 ;
; b[4]       ; hex2[3]     ; 14.270 ; 14.270 ; 14.270 ; 14.270 ;
; b[4]       ; hex2[4]     ; 14.276 ; 14.276 ; 14.276 ; 14.276 ;
; b[4]       ; hex2[5]     ; 14.268 ; 14.268 ; 14.268 ; 14.268 ;
; b[4]       ; hex2[6]     ; 14.049 ; 14.049 ; 14.049 ; 14.049 ;
; b[5]       ; hex0[2]     ; 8.247  ; 8.284  ; 8.284  ; 8.247  ;
; b[5]       ; hex0[3]     ; 8.283  ; 8.320  ; 8.320  ; 8.283  ;
; b[5]       ; hex0[4]     ; 8.273  ; 8.310  ; 8.310  ; 8.273  ;
; b[5]       ; hex0[5]     ; 8.247  ; 8.284  ; 8.284  ; 8.247  ;
; b[5]       ; hex1[0]     ; 9.713  ; 9.860  ; 9.860  ; 9.713  ;
; b[5]       ; hex1[1]     ; 9.757  ; 9.917  ; 9.917  ; 9.757  ;
; b[5]       ; hex1[2]     ; 9.693  ; 9.693  ; 9.693  ; 9.693  ;
; b[5]       ; hex1[3]     ; 9.691  ; 9.691  ; 9.691  ; 9.691  ;
; b[5]       ; hex1[4]     ; 9.709  ; 9.869  ; 9.869  ; 9.709  ;
; b[5]       ; hex1[5]     ; 9.759  ; 9.759  ; 9.759  ; 9.759  ;
; b[5]       ; hex1[6]     ; 9.949  ; 9.949  ; 9.949  ; 9.949  ;
; b[5]       ; hex2[0]     ; 9.991  ; 10.078 ; 10.078 ; 9.991  ;
; b[5]       ; hex2[1]     ; 9.981  ; 10.068 ; 10.068 ; 9.981  ;
; b[5]       ; hex2[2]     ; 10.203 ; 10.203 ; 10.203 ; 10.203 ;
; b[5]       ; hex2[3]     ; 10.207 ; 10.207 ; 10.207 ; 10.207 ;
; b[5]       ; hex2[4]     ; 10.213 ; 10.300 ; 10.300 ; 10.213 ;
; b[5]       ; hex2[5]     ; 10.212 ; 10.212 ; 10.212 ; 10.212 ;
; b[5]       ; hex2[6]     ; 9.987  ; 9.987  ; 9.987  ; 9.987  ;
+------------+-------------+--------+--------+--------+--------+


----------------------------
; Fast Model Setup Summary ;
----------------------------
No paths to report.


---------------------------
; Fast Model Hold Summary ;
---------------------------
No paths to report.


-------------------------------
; Fast Model Recovery Summary ;
-------------------------------
No paths to report.


------------------------------
; Fast Model Removal Summary ;
------------------------------
No paths to report.


------------------------------------------
; Fast Model Minimum Pulse Width Summary ;
------------------------------------------
No paths to report.


+--------------------------------------------------------------+
; Propagation Delay                                            ;
+------------+-------------+--------+--------+--------+--------+
; Input Port ; Output Port ; RR     ; RF     ; FR     ; FF     ;
+------------+-------------+--------+--------+--------+--------+
; a[0]       ; hex0[2]     ; 7.475  ; 7.385  ; 7.385  ; 7.475  ;
; a[0]       ; hex0[3]     ; 7.505  ; 7.415  ; 7.415  ; 7.505  ;
; a[0]       ; hex0[4]     ; 7.495  ; 7.405  ; 7.405  ; 7.495  ;
; a[0]       ; hex0[5]     ; 7.475  ; 7.385  ; 7.385  ; 7.475  ;
; a[0]       ; hex1[0]     ; 11.808 ; 11.893 ; 11.893 ; 11.808 ;
; a[0]       ; hex1[1]     ; 11.907 ; 11.907 ; 11.907 ; 11.907 ;
; a[0]       ; hex1[2]     ; 11.873 ; 11.873 ; 11.873 ; 11.873 ;
; a[0]       ; hex1[3]     ; 11.872 ; 11.872 ; 11.872 ; 11.872 ;
; a[0]       ; hex1[4]     ; 11.906 ; 11.821 ; 11.821 ; 11.906 ;
; a[0]       ; hex1[5]     ; 11.910 ; 11.825 ; 11.825 ; 11.910 ;
; a[0]       ; hex1[6]     ; 12.005 ; 11.920 ; 11.920 ; 12.005 ;
; a[0]       ; hex2[0]     ; 12.003 ; 12.003 ; 12.003 ; 12.003 ;
; a[0]       ; hex2[1]     ; 11.999 ; 11.999 ; 11.999 ; 11.999 ;
; a[0]       ; hex2[2]     ; 12.098 ; 12.098 ; 12.098 ; 12.098 ;
; a[0]       ; hex2[3]     ; 12.098 ; 12.098 ; 12.098 ; 12.098 ;
; a[0]       ; hex2[4]     ; 12.102 ; 12.102 ; 12.102 ; 12.102 ;
; a[0]       ; hex2[5]     ; 12.102 ; 12.102 ; 12.102 ; 12.102 ;
; a[0]       ; hex2[6]     ; 12.001 ; 12.001 ; 12.001 ; 12.001 ;
; a[1]       ; hex0[2]     ; 7.460  ; 7.370  ; 7.370  ; 7.460  ;
; a[1]       ; hex0[3]     ; 7.490  ; 7.400  ; 7.400  ; 7.490  ;
; a[1]       ; hex0[4]     ; 7.480  ; 7.390  ; 7.390  ; 7.480  ;
; a[1]       ; hex0[5]     ; 7.460  ; 7.370  ; 7.370  ; 7.460  ;
; a[1]       ; hex1[0]     ; 11.793 ; 11.878 ; 11.878 ; 11.793 ;
; a[1]       ; hex1[1]     ; 11.892 ; 11.892 ; 11.892 ; 11.892 ;
; a[1]       ; hex1[2]     ; 11.858 ; 11.858 ; 11.858 ; 11.858 ;
; a[1]       ; hex1[3]     ; 11.857 ; 11.857 ; 11.857 ; 11.857 ;
; a[1]       ; hex1[4]     ; 11.891 ; 11.806 ; 11.806 ; 11.891 ;
; a[1]       ; hex1[5]     ; 11.895 ; 11.810 ; 11.810 ; 11.895 ;
; a[1]       ; hex1[6]     ; 11.990 ; 11.905 ; 11.905 ; 11.990 ;
; a[1]       ; hex2[0]     ; 11.988 ; 11.988 ; 11.988 ; 11.988 ;
; a[1]       ; hex2[1]     ; 11.984 ; 11.984 ; 11.984 ; 11.984 ;
; a[1]       ; hex2[2]     ; 12.083 ; 12.083 ; 12.083 ; 12.083 ;
; a[1]       ; hex2[3]     ; 12.083 ; 12.083 ; 12.083 ; 12.083 ;
; a[1]       ; hex2[4]     ; 12.087 ; 12.087 ; 12.087 ; 12.087 ;
; a[1]       ; hex2[5]     ; 12.087 ; 12.087 ; 12.087 ; 12.087 ;
; a[1]       ; hex2[6]     ; 11.986 ; 11.986 ; 11.986 ; 11.986 ;
; a[2]       ; hex0[2]     ; 6.980  ; 6.890  ; 6.890  ; 6.980  ;
; a[2]       ; hex0[3]     ; 7.010  ; 6.920  ; 6.920  ; 7.010  ;
; a[2]       ; hex0[4]     ; 7.000  ; 6.910  ; 6.910  ; 7.000  ;
; a[2]       ; hex0[5]     ; 6.980  ; 6.890  ; 6.890  ; 6.980  ;
; a[2]       ; hex1[0]     ; 11.313 ; 11.398 ; 11.398 ; 11.313 ;
; a[2]       ; hex1[1]     ; 11.412 ; 11.412 ; 11.412 ; 11.412 ;
; a[2]       ; hex1[2]     ; 11.378 ; 11.378 ; 11.378 ; 11.378 ;
; a[2]       ; hex1[3]     ; 11.377 ; 11.377 ; 11.377 ; 11.377 ;
; a[2]       ; hex1[4]     ; 11.411 ; 11.326 ; 11.326 ; 11.411 ;
; a[2]       ; hex1[5]     ; 11.415 ; 11.330 ; 11.330 ; 11.415 ;
; a[2]       ; hex1[6]     ; 11.510 ; 11.425 ; 11.425 ; 11.510 ;
; a[2]       ; hex2[0]     ; 11.508 ; 11.508 ; 11.508 ; 11.508 ;
; a[2]       ; hex2[1]     ; 11.504 ; 11.504 ; 11.504 ; 11.504 ;
; a[2]       ; hex2[2]     ; 11.603 ; 11.603 ; 11.603 ; 11.603 ;
; a[2]       ; hex2[3]     ; 11.603 ; 11.603 ; 11.603 ; 11.603 ;
; a[2]       ; hex2[4]     ; 11.607 ; 11.607 ; 11.607 ; 11.607 ;
; a[2]       ; hex2[5]     ; 11.607 ; 11.607 ; 11.607 ; 11.607 ;
; a[2]       ; hex2[6]     ; 11.506 ; 11.506 ; 11.506 ; 11.506 ;
; a[3]       ; hex0[2]     ; 7.212  ; 7.122  ; 7.122  ; 7.212  ;
; a[3]       ; hex0[3]     ; 7.242  ; 7.152  ; 7.152  ; 7.242  ;
; a[3]       ; hex0[4]     ; 7.232  ; 7.142  ; 7.142  ; 7.232  ;
; a[3]       ; hex0[5]     ; 7.212  ; 7.122  ; 7.122  ; 7.212  ;
; a[3]       ; hex1[0]     ; 11.545 ; 11.630 ; 11.630 ; 11.545 ;
; a[3]       ; hex1[1]     ; 11.644 ; 11.644 ; 11.644 ; 11.644 ;
; a[3]       ; hex1[2]     ; 11.610 ; 11.610 ; 11.610 ; 11.610 ;
; a[3]       ; hex1[3]     ; 11.609 ; 11.609 ; 11.609 ; 11.609 ;
; a[3]       ; hex1[4]     ; 11.643 ; 11.558 ; 11.558 ; 11.643 ;
; a[3]       ; hex1[5]     ; 11.647 ; 11.562 ; 11.562 ; 11.647 ;
; a[3]       ; hex1[6]     ; 11.742 ; 11.657 ; 11.657 ; 11.742 ;
; a[3]       ; hex2[0]     ; 11.740 ; 11.740 ; 11.740 ; 11.740 ;
; a[3]       ; hex2[1]     ; 11.736 ; 11.736 ; 11.736 ; 11.736 ;
; a[3]       ; hex2[2]     ; 11.835 ; 11.835 ; 11.835 ; 11.835 ;
; a[3]       ; hex2[3]     ; 11.835 ; 11.835 ; 11.835 ; 11.835 ;
; a[3]       ; hex2[4]     ; 11.839 ; 11.839 ; 11.839 ; 11.839 ;
; a[3]       ; hex2[5]     ; 11.839 ; 11.839 ; 11.839 ; 11.839 ;
; a[3]       ; hex2[6]     ; 11.738 ; 11.738 ; 11.738 ; 11.738 ;
; a[4]       ; hex0[2]     ; 6.653  ; 6.563  ; 6.563  ; 6.653  ;
; a[4]       ; hex0[3]     ; 6.683  ; 6.593  ; 6.593  ; 6.683  ;
; a[4]       ; hex0[4]     ; 6.673  ; 6.583  ; 6.583  ; 6.673  ;
; a[4]       ; hex0[5]     ; 6.653  ; 6.563  ; 6.563  ; 6.653  ;
; a[4]       ; hex1[0]     ; 10.986 ; 11.071 ; 11.071 ; 10.986 ;
; a[4]       ; hex1[1]     ; 11.085 ; 11.085 ; 11.085 ; 11.085 ;
; a[4]       ; hex1[2]     ; 11.051 ; 11.051 ; 11.051 ; 11.051 ;
; a[4]       ; hex1[3]     ; 11.050 ; 11.050 ; 11.050 ; 11.050 ;
; a[4]       ; hex1[4]     ; 11.084 ; 10.999 ; 10.999 ; 11.084 ;
; a[4]       ; hex1[5]     ; 11.088 ; 11.003 ; 11.003 ; 11.088 ;
; a[4]       ; hex1[6]     ; 11.183 ; 11.098 ; 11.098 ; 11.183 ;
; a[4]       ; hex2[0]     ; 11.181 ; 11.181 ; 11.181 ; 11.181 ;
; a[4]       ; hex2[1]     ; 11.177 ; 11.177 ; 11.177 ; 11.177 ;
; a[4]       ; hex2[2]     ; 11.276 ; 11.276 ; 11.276 ; 11.276 ;
; a[4]       ; hex2[3]     ; 11.276 ; 11.276 ; 11.276 ; 11.276 ;
; a[4]       ; hex2[4]     ; 11.280 ; 11.280 ; 11.280 ; 11.280 ;
; a[4]       ; hex2[5]     ; 11.280 ; 11.280 ; 11.280 ; 11.280 ;
; a[4]       ; hex2[6]     ; 11.179 ; 11.179 ; 11.179 ; 11.179 ;
; a[5]       ; hex0[2]     ; 4.328  ; 4.328  ; 4.328  ; 4.328  ;
; a[5]       ; hex0[3]     ; 4.358  ; 4.358  ; 4.358  ; 4.358  ;
; a[5]       ; hex0[4]     ; 4.348  ; 4.348  ; 4.348  ; 4.348  ;
; a[5]       ; hex0[5]     ; 4.328  ; 4.328  ; 4.328  ; 4.328  ;
; a[5]       ; hex1[0]     ; 8.751  ; 8.751  ; 8.751  ; 8.751  ;
; a[5]       ; hex1[1]     ; 8.765  ; 8.765  ; 8.765  ; 8.765  ;
; a[5]       ; hex1[2]     ; 8.731  ; 8.731  ; 8.731  ; 8.731  ;
; a[5]       ; hex1[3]     ; 8.730  ; 8.730  ; 8.730  ; 8.730  ;
; a[5]       ; hex1[4]     ; 8.764  ; 8.764  ; 8.764  ; 8.764  ;
; a[5]       ; hex1[5]     ; 8.768  ; 8.768  ; 8.768  ; 8.768  ;
; a[5]       ; hex1[6]     ; 8.863  ; 8.863  ; 8.863  ; 8.863  ;
; a[5]       ; hex2[0]     ; 8.858  ; 8.858  ; 8.858  ; 8.858  ;
; a[5]       ; hex2[1]     ; 8.854  ; 8.854  ; 8.854  ; 8.854  ;
; a[5]       ; hex2[2]     ; 8.953  ; 8.953  ; 8.953  ; 8.953  ;
; a[5]       ; hex2[3]     ; 8.953  ; 8.953  ; 8.953  ; 8.953  ;
; a[5]       ; hex2[4]     ; 8.957  ; 8.957  ; 8.957  ; 8.957  ;
; a[5]       ; hex2[5]     ; 8.957  ; 8.957  ; 8.957  ; 8.957  ;
; a[5]       ; hex2[6]     ; 8.856  ; 8.856  ; 8.856  ; 8.856  ;
; b[0]       ; hex0[2]     ; 7.499  ; 7.409  ; 7.409  ; 7.499  ;
; b[0]       ; hex0[3]     ; 7.529  ; 7.439  ; 7.439  ; 7.529  ;
; b[0]       ; hex0[4]     ; 7.519  ; 7.429  ; 7.429  ; 7.519  ;
; b[0]       ; hex0[5]     ; 7.499  ; 7.409  ; 7.409  ; 7.499  ;
; b[0]       ; hex1[0]     ; 11.832 ; 11.917 ; 11.917 ; 11.832 ;
; b[0]       ; hex1[1]     ; 11.931 ; 11.931 ; 11.931 ; 11.931 ;
; b[0]       ; hex1[2]     ; 11.897 ; 11.897 ; 11.897 ; 11.897 ;
; b[0]       ; hex1[3]     ; 11.896 ; 11.896 ; 11.896 ; 11.896 ;
; b[0]       ; hex1[4]     ; 11.930 ; 11.845 ; 11.845 ; 11.930 ;
; b[0]       ; hex1[5]     ; 11.934 ; 11.849 ; 11.849 ; 11.934 ;
; b[0]       ; hex1[6]     ; 12.029 ; 11.944 ; 11.944 ; 12.029 ;
; b[0]       ; hex2[0]     ; 12.027 ; 12.027 ; 12.027 ; 12.027 ;
; b[0]       ; hex2[1]     ; 12.023 ; 12.023 ; 12.023 ; 12.023 ;
; b[0]       ; hex2[2]     ; 12.122 ; 12.122 ; 12.122 ; 12.122 ;
; b[0]       ; hex2[3]     ; 12.122 ; 12.122 ; 12.122 ; 12.122 ;
; b[0]       ; hex2[4]     ; 12.126 ; 12.126 ; 12.126 ; 12.126 ;
; b[0]       ; hex2[5]     ; 12.126 ; 12.126 ; 12.126 ; 12.126 ;
; b[0]       ; hex2[6]     ; 12.025 ; 12.025 ; 12.025 ; 12.025 ;
; b[1]       ; hex0[2]     ; 7.402  ; 7.312  ; 7.312  ; 7.402  ;
; b[1]       ; hex0[3]     ; 7.432  ; 7.342  ; 7.342  ; 7.432  ;
; b[1]       ; hex0[4]     ; 7.422  ; 7.332  ; 7.332  ; 7.422  ;
; b[1]       ; hex0[5]     ; 7.402  ; 7.312  ; 7.312  ; 7.402  ;
; b[1]       ; hex1[0]     ; 11.735 ; 11.820 ; 11.820 ; 11.735 ;
; b[1]       ; hex1[1]     ; 11.834 ; 11.834 ; 11.834 ; 11.834 ;
; b[1]       ; hex1[2]     ; 11.800 ; 11.800 ; 11.800 ; 11.800 ;
; b[1]       ; hex1[3]     ; 11.799 ; 11.799 ; 11.799 ; 11.799 ;
; b[1]       ; hex1[4]     ; 11.833 ; 11.748 ; 11.748 ; 11.833 ;
; b[1]       ; hex1[5]     ; 11.837 ; 11.752 ; 11.752 ; 11.837 ;
; b[1]       ; hex1[6]     ; 11.932 ; 11.847 ; 11.847 ; 11.932 ;
; b[1]       ; hex2[0]     ; 11.930 ; 11.930 ; 11.930 ; 11.930 ;
; b[1]       ; hex2[1]     ; 11.926 ; 11.926 ; 11.926 ; 11.926 ;
; b[1]       ; hex2[2]     ; 12.025 ; 12.025 ; 12.025 ; 12.025 ;
; b[1]       ; hex2[3]     ; 12.025 ; 12.025 ; 12.025 ; 12.025 ;
; b[1]       ; hex2[4]     ; 12.029 ; 12.029 ; 12.029 ; 12.029 ;
; b[1]       ; hex2[5]     ; 12.029 ; 12.029 ; 12.029 ; 12.029 ;
; b[1]       ; hex2[6]     ; 11.928 ; 11.928 ; 11.928 ; 11.928 ;
; b[2]       ; hex0[2]     ; 7.110  ; 7.020  ; 7.020  ; 7.110  ;
; b[2]       ; hex0[3]     ; 7.140  ; 7.050  ; 7.050  ; 7.140  ;
; b[2]       ; hex0[4]     ; 7.130  ; 7.040  ; 7.040  ; 7.130  ;
; b[2]       ; hex0[5]     ; 7.110  ; 7.020  ; 7.020  ; 7.110  ;
; b[2]       ; hex1[0]     ; 11.443 ; 11.528 ; 11.528 ; 11.443 ;
; b[2]       ; hex1[1]     ; 11.542 ; 11.542 ; 11.542 ; 11.542 ;
; b[2]       ; hex1[2]     ; 11.508 ; 11.508 ; 11.508 ; 11.508 ;
; b[2]       ; hex1[3]     ; 11.507 ; 11.507 ; 11.507 ; 11.507 ;
; b[2]       ; hex1[4]     ; 11.541 ; 11.456 ; 11.456 ; 11.541 ;
; b[2]       ; hex1[5]     ; 11.545 ; 11.460 ; 11.460 ; 11.545 ;
; b[2]       ; hex1[6]     ; 11.640 ; 11.555 ; 11.555 ; 11.640 ;
; b[2]       ; hex2[0]     ; 11.638 ; 11.638 ; 11.638 ; 11.638 ;
; b[2]       ; hex2[1]     ; 11.634 ; 11.634 ; 11.634 ; 11.634 ;
; b[2]       ; hex2[2]     ; 11.733 ; 11.733 ; 11.733 ; 11.733 ;
; b[2]       ; hex2[3]     ; 11.733 ; 11.733 ; 11.733 ; 11.733 ;
; b[2]       ; hex2[4]     ; 11.737 ; 11.737 ; 11.737 ; 11.737 ;
; b[2]       ; hex2[5]     ; 11.737 ; 11.737 ; 11.737 ; 11.737 ;
; b[2]       ; hex2[6]     ; 11.636 ; 11.636 ; 11.636 ; 11.636 ;
; b[3]       ; hex0[2]     ; 7.458  ; 7.368  ; 7.368  ; 7.458  ;
; b[3]       ; hex0[3]     ; 7.488  ; 7.398  ; 7.398  ; 7.488  ;
; b[3]       ; hex0[4]     ; 7.478  ; 7.388  ; 7.388  ; 7.478  ;
; b[3]       ; hex0[5]     ; 7.458  ; 7.368  ; 7.368  ; 7.458  ;
; b[3]       ; hex1[0]     ; 11.791 ; 11.876 ; 11.876 ; 11.791 ;
; b[3]       ; hex1[1]     ; 11.890 ; 11.890 ; 11.890 ; 11.890 ;
; b[3]       ; hex1[2]     ; 11.856 ; 11.856 ; 11.856 ; 11.856 ;
; b[3]       ; hex1[3]     ; 11.855 ; 11.855 ; 11.855 ; 11.855 ;
; b[3]       ; hex1[4]     ; 11.889 ; 11.804 ; 11.804 ; 11.889 ;
; b[3]       ; hex1[5]     ; 11.893 ; 11.808 ; 11.808 ; 11.893 ;
; b[3]       ; hex1[6]     ; 11.988 ; 11.903 ; 11.903 ; 11.988 ;
; b[3]       ; hex2[0]     ; 11.986 ; 11.986 ; 11.986 ; 11.986 ;
; b[3]       ; hex2[1]     ; 11.982 ; 11.982 ; 11.982 ; 11.982 ;
; b[3]       ; hex2[2]     ; 12.081 ; 12.081 ; 12.081 ; 12.081 ;
; b[3]       ; hex2[3]     ; 12.081 ; 12.081 ; 12.081 ; 12.081 ;
; b[3]       ; hex2[4]     ; 12.085 ; 12.085 ; 12.085 ; 12.085 ;
; b[3]       ; hex2[5]     ; 12.085 ; 12.085 ; 12.085 ; 12.085 ;
; b[3]       ; hex2[6]     ; 11.984 ; 11.984 ; 11.984 ; 11.984 ;
; b[4]       ; hex0[2]     ; 6.786  ; 6.696  ; 6.696  ; 6.786  ;
; b[4]       ; hex0[3]     ; 6.816  ; 6.726  ; 6.726  ; 6.816  ;
; b[4]       ; hex0[4]     ; 6.806  ; 6.716  ; 6.716  ; 6.806  ;
; b[4]       ; hex0[5]     ; 6.786  ; 6.696  ; 6.696  ; 6.786  ;
; b[4]       ; hex1[0]     ; 11.119 ; 11.204 ; 11.204 ; 11.119 ;
; b[4]       ; hex1[1]     ; 11.218 ; 11.218 ; 11.218 ; 11.218 ;
; b[4]       ; hex1[2]     ; 11.184 ; 11.184 ; 11.184 ; 11.184 ;
; b[4]       ; hex1[3]     ; 11.183 ; 11.183 ; 11.183 ; 11.183 ;
; b[4]       ; hex1[4]     ; 11.217 ; 11.132 ; 11.132 ; 11.217 ;
; b[4]       ; hex1[5]     ; 11.221 ; 11.136 ; 11.136 ; 11.221 ;
; b[4]       ; hex1[6]     ; 11.316 ; 11.231 ; 11.231 ; 11.316 ;
; b[4]       ; hex2[0]     ; 11.314 ; 11.314 ; 11.314 ; 11.314 ;
; b[4]       ; hex2[1]     ; 11.310 ; 11.310 ; 11.310 ; 11.310 ;
; b[4]       ; hex2[2]     ; 11.409 ; 11.409 ; 11.409 ; 11.409 ;
; b[4]       ; hex2[3]     ; 11.409 ; 11.409 ; 11.409 ; 11.409 ;
; b[4]       ; hex2[4]     ; 11.413 ; 11.413 ; 11.413 ; 11.413 ;
; b[4]       ; hex2[5]     ; 11.413 ; 11.413 ; 11.413 ; 11.413 ;
; b[4]       ; hex2[6]     ; 11.312 ; 11.312 ; 11.312 ; 11.312 ;
; b[5]       ; hex0[2]     ; 4.270  ; 4.155  ; 4.155  ; 4.270  ;
; b[5]       ; hex0[3]     ; 4.300  ; 4.185  ; 4.185  ; 4.300  ;
; b[5]       ; hex0[4]     ; 4.290  ; 4.175  ; 4.175  ; 4.290  ;
; b[5]       ; hex0[5]     ; 4.270  ; 4.155  ; 4.155  ; 4.270  ;
; b[5]       ; hex1[0]     ; 8.578  ; 8.688  ; 8.688  ; 8.578  ;
; b[5]       ; hex1[1]     ; 8.702  ; 8.702  ; 8.702  ; 8.702  ;
; b[5]       ; hex1[2]     ; 8.668  ; 8.668  ; 8.668  ; 8.668  ;
; b[5]       ; hex1[3]     ; 8.667  ; 8.667  ; 8.667  ; 8.667  ;
; b[5]       ; hex1[4]     ; 8.701  ; 8.591  ; 8.591  ; 8.701  ;
; b[5]       ; hex1[5]     ; 8.705  ; 8.595  ; 8.595  ; 8.705  ;
; b[5]       ; hex1[6]     ; 8.800  ; 8.690  ; 8.690  ; 8.800  ;
; b[5]       ; hex2[0]     ; 8.798  ; 8.798  ; 8.798  ; 8.798  ;
; b[5]       ; hex2[1]     ; 8.794  ; 8.794  ; 8.794  ; 8.794  ;
; b[5]       ; hex2[2]     ; 8.893  ; 8.893  ; 8.893  ; 8.893  ;
; b[5]       ; hex2[3]     ; 8.893  ; 8.893  ; 8.893  ; 8.893  ;
; b[5]       ; hex2[4]     ; 8.897  ; 8.897  ; 8.897  ; 8.897  ;
; b[5]       ; hex2[5]     ; 8.897  ; 8.897  ; 8.897  ; 8.897  ;
; b[5]       ; hex2[6]     ; 8.796  ; 8.796  ; 8.796  ; 8.796  ;
+------------+-------------+--------+--------+--------+--------+


+----------------------------------------------------------+
; Minimum Propagation Delay                                ;
+------------+-------------+-------+-------+-------+-------+
; Input Port ; Output Port ; RR    ; RF    ; FR    ; FF    ;
+------------+-------------+-------+-------+-------+-------+
; a[0]       ; hex0[2]     ; 6.909 ; 6.909 ; 6.909 ; 6.909 ;
; a[0]       ; hex0[3]     ; 6.939 ; 6.939 ; 6.939 ; 6.939 ;
; a[0]       ; hex0[4]     ; 6.929 ; 6.929 ; 6.929 ; 6.929 ;
; a[0]       ; hex0[5]     ; 6.909 ; 6.909 ; 6.909 ; 6.909 ;
; a[0]       ; hex1[0]     ; 6.987 ; 6.987 ; 6.987 ; 6.987 ;
; a[0]       ; hex1[1]     ; 7.001 ; 7.001 ; 7.001 ; 7.001 ;
; a[0]       ; hex1[2]     ; 6.967 ; 6.967 ; 6.967 ; 6.967 ;
; a[0]       ; hex1[3]     ; 6.966 ; 6.966 ; 6.966 ; 6.966 ;
; a[0]       ; hex1[4]     ; 7.000 ; 7.000 ; 7.000 ; 7.000 ;
; a[0]       ; hex1[5]     ; 7.004 ; 7.004 ; 7.004 ; 7.004 ;
; a[0]       ; hex1[6]     ; 7.099 ; 7.099 ; 7.099 ; 7.099 ;
; a[0]       ; hex2[0]     ; 5.741 ; 5.741 ; 5.741 ; 5.741 ;
; a[0]       ; hex2[1]     ; 5.747 ; 5.747 ; 5.747 ; 5.747 ;
; a[0]       ; hex2[2]     ; 5.830 ; 5.830 ; 5.830 ; 5.830 ;
; a[0]       ; hex2[3]     ; 5.844 ; 5.844 ; 5.844 ; 5.844 ;
; a[0]       ; hex2[4]     ; 5.851 ; 5.851 ; 5.851 ; 5.851 ;
; a[0]       ; hex2[5]     ; 5.840 ; 5.840 ; 5.840 ; 5.840 ;
; a[0]       ; hex2[6]     ; 5.748 ; 5.748 ; 5.748 ; 5.748 ;
; a[1]       ; hex0[2]     ; 6.894 ; 6.894 ; 6.894 ; 6.894 ;
; a[1]       ; hex0[3]     ; 6.924 ; 6.924 ; 6.924 ; 6.924 ;
; a[1]       ; hex0[4]     ; 6.914 ; 6.914 ; 6.914 ; 6.914 ;
; a[1]       ; hex0[5]     ; 6.894 ; 6.894 ; 6.894 ; 6.894 ;
; a[1]       ; hex1[0]     ; 6.968 ; 6.968 ; 6.968 ; 6.968 ;
; a[1]       ; hex1[1]     ; 6.982 ; 6.982 ; 6.982 ; 6.982 ;
; a[1]       ; hex1[2]     ; 6.948 ; 6.948 ; 6.948 ; 6.948 ;
; a[1]       ; hex1[3]     ; 6.947 ; 6.947 ; 6.947 ; 6.947 ;
; a[1]       ; hex1[4]     ; 6.981 ; 6.981 ; 6.981 ; 6.981 ;
; a[1]       ; hex1[5]     ; 6.985 ; 6.985 ; 6.985 ; 6.985 ;
; a[1]       ; hex1[6]     ; 7.080 ; 7.080 ; 7.080 ; 7.080 ;
; a[1]       ; hex2[0]     ; 5.989 ; 5.989 ; 5.989 ; 5.989 ;
; a[1]       ; hex2[1]     ; 5.977 ; 5.977 ; 5.977 ; 5.977 ;
; a[1]       ; hex2[2]     ; 6.081 ; 6.081 ; 6.081 ; 6.081 ;
; a[1]       ; hex2[3]     ; 6.082 ; 6.082 ; 6.082 ; 6.082 ;
; a[1]       ; hex2[4]     ; 6.084 ; 6.084 ; 6.084 ; 6.084 ;
; a[1]       ; hex2[5]     ; 6.091 ; 6.091 ; 6.091 ; 6.091 ;
; a[1]       ; hex2[6]     ; 5.983 ; 5.983 ; 5.983 ; 5.983 ;
; a[2]       ; hex0[2]     ; 6.415 ; 6.415 ; 6.415 ; 6.415 ;
; a[2]       ; hex0[3]     ; 6.445 ; 6.445 ; 6.445 ; 6.445 ;
; a[2]       ; hex0[4]     ; 6.435 ; 6.435 ; 6.435 ; 6.435 ;
; a[2]       ; hex0[5]     ; 6.415 ; 6.415 ; 6.415 ; 6.415 ;
; a[2]       ; hex1[0]     ; 6.656 ; 6.656 ; 6.656 ; 6.656 ;
; a[2]       ; hex1[1]     ; 6.670 ; 6.670 ; 6.670 ; 6.670 ;
; a[2]       ; hex1[2]     ; 6.636 ; 6.636 ; 6.636 ; 6.636 ;
; a[2]       ; hex1[3]     ; 6.635 ; 6.635 ; 6.635 ; 6.635 ;
; a[2]       ; hex1[4]     ; 6.669 ; 6.669 ; 6.669 ; 6.669 ;
; a[2]       ; hex1[5]     ; 6.673 ; 6.673 ; 6.673 ; 6.673 ;
; a[2]       ; hex1[6]     ; 6.768 ; 6.768 ; 6.768 ; 6.768 ;
; a[2]       ; hex2[0]     ; 6.029 ; 6.029 ; 6.029 ; 6.029 ;
; a[2]       ; hex2[1]     ; 6.031 ; 6.031 ; 6.031 ; 6.031 ;
; a[2]       ; hex2[2]     ; 6.118 ; 6.118 ; 6.118 ; 6.118 ;
; a[2]       ; hex2[3]     ; 6.128 ; 6.128 ; 6.128 ; 6.128 ;
; a[2]       ; hex2[4]     ; 6.135 ; 6.135 ; 6.135 ; 6.135 ;
; a[2]       ; hex2[5]     ; 6.128 ; 6.128 ; 6.128 ; 6.128 ;
; a[2]       ; hex2[6]     ; 6.032 ; 6.032 ; 6.032 ; 6.032 ;
; a[3]       ; hex0[2]     ; 6.519 ; 6.519 ; 6.519 ; 6.519 ;
; a[3]       ; hex0[3]     ; 6.549 ; 6.549 ; 6.549 ; 6.549 ;
; a[3]       ; hex0[4]     ; 6.539 ; 6.539 ; 6.539 ; 6.539 ;
; a[3]       ; hex0[5]     ; 6.519 ; 6.519 ; 6.519 ; 6.519 ;
; a[3]       ; hex1[0]     ; 7.232 ; 7.232 ; 7.232 ; 7.232 ;
; a[3]       ; hex1[1]     ; 7.261 ; 7.261 ; 7.261 ; 7.261 ;
; a[3]       ; hex1[2]     ; 7.228 ; 7.228 ; 7.228 ; 7.228 ;
; a[3]       ; hex1[3]     ; 7.210 ; 7.210 ; 7.210 ; 7.210 ;
; a[3]       ; hex1[4]     ; 7.238 ; 7.238 ; 7.238 ; 7.238 ;
; a[3]       ; hex1[5]     ; 7.260 ; 7.260 ; 7.260 ; 7.260 ;
; a[3]       ; hex1[6]     ; 7.342 ; 7.342 ; 7.342 ; 7.342 ;
; a[3]       ; hex2[0]     ; 6.826 ; 6.826 ; 6.826 ; 6.826 ;
; a[3]       ; hex2[1]     ; 6.822 ; 6.822 ; 6.822 ; 6.822 ;
; a[3]       ; hex2[2]     ; 6.921 ; 6.921 ; 6.921 ; 6.921 ;
; a[3]       ; hex2[3]     ; 6.921 ; 6.921 ; 6.921 ; 6.921 ;
; a[3]       ; hex2[4]     ; 6.925 ; 6.925 ; 6.925 ; 6.925 ;
; a[3]       ; hex2[5]     ; 6.925 ; 6.925 ; 6.925 ; 6.925 ;
; a[3]       ; hex2[6]     ; 6.824 ; 6.824 ; 6.824 ; 6.824 ;
; a[4]       ; hex0[2]     ; 6.325 ; 6.325 ; 6.325 ; 6.325 ;
; a[4]       ; hex0[3]     ; 6.355 ; 6.355 ; 6.355 ; 6.355 ;
; a[4]       ; hex0[4]     ; 6.345 ; 6.345 ; 6.345 ; 6.345 ;
; a[4]       ; hex0[5]     ; 6.325 ; 6.325 ; 6.325 ; 6.325 ;
; a[4]       ; hex1[0]     ; 7.038 ; 7.038 ; 7.038 ; 7.038 ;
; a[4]       ; hex1[1]     ; 7.067 ; 7.067 ; 7.067 ; 7.067 ;
; a[4]       ; hex1[2]     ; 7.034 ; 7.034 ; 7.034 ; 7.034 ;
; a[4]       ; hex1[3]     ; 7.016 ; 7.016 ; 7.016 ; 7.016 ;
; a[4]       ; hex1[4]     ; 7.044 ; 7.044 ; 7.044 ; 7.044 ;
; a[4]       ; hex1[5]     ; 7.066 ; 7.066 ; 7.066 ; 7.066 ;
; a[4]       ; hex1[6]     ; 7.148 ; 7.148 ; 7.148 ; 7.148 ;
; a[4]       ; hex2[0]     ; 7.147 ; 7.147 ; 7.147 ; 7.147 ;
; a[4]       ; hex2[1]     ; 7.149 ; 7.149 ; 7.149 ; 7.149 ;
; a[4]       ; hex2[2]     ; 7.236 ; 7.236 ; 7.236 ; 7.236 ;
; a[4]       ; hex2[3]     ; 7.246 ; 7.246 ; 7.246 ; 7.246 ;
; a[4]       ; hex2[4]     ; 7.253 ; 7.253 ; 7.253 ; 7.253 ;
; a[4]       ; hex2[5]     ; 7.246 ; 7.246 ; 7.246 ; 7.246 ;
; a[4]       ; hex2[6]     ; 7.150 ; 7.150 ; 7.150 ; 7.150 ;
; a[5]       ; hex0[2]     ; 4.308 ; 4.328 ; 4.328 ; 4.308 ;
; a[5]       ; hex0[3]     ; 4.338 ; 4.358 ; 4.358 ; 4.338 ;
; a[5]       ; hex0[4]     ; 4.328 ; 4.348 ; 4.348 ; 4.328 ;
; a[5]       ; hex0[5]     ; 4.308 ; 4.328 ; 4.328 ; 4.308 ;
; a[5]       ; hex1[0]     ; 4.952 ; 5.037 ; 5.037 ; 4.952 ;
; a[5]       ; hex1[1]     ; 4.966 ; 5.066 ; 5.066 ; 4.966 ;
; a[5]       ; hex1[2]     ; 4.933 ; 4.933 ; 4.933 ; 4.933 ;
; a[5]       ; hex1[3]     ; 4.931 ; 4.931 ; 4.931 ; 4.931 ;
; a[5]       ; hex1[4]     ; 4.945 ; 5.043 ; 5.043 ; 4.945 ;
; a[5]       ; hex1[5]     ; 4.967 ; 4.967 ; 4.967 ; 4.967 ;
; a[5]       ; hex1[6]     ; 5.064 ; 5.064 ; 5.064 ; 5.064 ;
; a[5]       ; hex2[0]     ; 5.040 ; 5.084 ; 5.084 ; 5.040 ;
; a[5]       ; hex2[1]     ; 5.036 ; 5.080 ; 5.080 ; 5.036 ;
; a[5]       ; hex2[2]     ; 5.135 ; 5.135 ; 5.135 ; 5.135 ;
; a[5]       ; hex2[3]     ; 5.135 ; 5.135 ; 5.135 ; 5.135 ;
; a[5]       ; hex2[4]     ; 5.139 ; 5.183 ; 5.183 ; 5.139 ;
; a[5]       ; hex2[5]     ; 5.139 ; 5.139 ; 5.139 ; 5.139 ;
; a[5]       ; hex2[6]     ; 5.038 ; 5.038 ; 5.038 ; 5.038 ;
; b[0]       ; hex0[2]     ; 6.933 ; 6.933 ; 6.933 ; 6.933 ;
; b[0]       ; hex0[3]     ; 6.963 ; 6.963 ; 6.963 ; 6.963 ;
; b[0]       ; hex0[4]     ; 6.953 ; 6.953 ; 6.953 ; 6.953 ;
; b[0]       ; hex0[5]     ; 6.933 ; 6.933 ; 6.933 ; 6.933 ;
; b[0]       ; hex1[0]     ; 7.013 ; 7.013 ; 7.013 ; 7.013 ;
; b[0]       ; hex1[1]     ; 7.027 ; 7.027 ; 7.027 ; 7.027 ;
; b[0]       ; hex1[2]     ; 6.993 ; 6.993 ; 6.993 ; 6.993 ;
; b[0]       ; hex1[3]     ; 6.992 ; 6.992 ; 6.992 ; 6.992 ;
; b[0]       ; hex1[4]     ; 7.026 ; 7.026 ; 7.026 ; 7.026 ;
; b[0]       ; hex1[5]     ; 7.030 ; 7.030 ; 7.030 ; 7.030 ;
; b[0]       ; hex1[6]     ; 7.125 ; 7.125 ; 7.125 ; 7.125 ;
; b[0]       ; hex2[0]     ; 5.650 ; 5.650 ; 5.650 ; 5.650 ;
; b[0]       ; hex2[1]     ; 5.656 ; 5.656 ; 5.656 ; 5.656 ;
; b[0]       ; hex2[2]     ; 5.739 ; 5.739 ; 5.739 ; 5.739 ;
; b[0]       ; hex2[3]     ; 5.753 ; 5.753 ; 5.753 ; 5.753 ;
; b[0]       ; hex2[4]     ; 5.760 ; 5.760 ; 5.760 ; 5.760 ;
; b[0]       ; hex2[5]     ; 5.749 ; 5.749 ; 5.749 ; 5.749 ;
; b[0]       ; hex2[6]     ; 5.657 ; 5.657 ; 5.657 ; 5.657 ;
; b[1]       ; hex0[2]     ; 6.836 ; 6.836 ; 6.836 ; 6.836 ;
; b[1]       ; hex0[3]     ; 6.866 ; 6.866 ; 6.866 ; 6.866 ;
; b[1]       ; hex0[4]     ; 6.856 ; 6.856 ; 6.856 ; 6.856 ;
; b[1]       ; hex0[5]     ; 6.836 ; 6.836 ; 6.836 ; 6.836 ;
; b[1]       ; hex1[0]     ; 6.915 ; 6.915 ; 6.915 ; 6.915 ;
; b[1]       ; hex1[1]     ; 6.929 ; 6.929 ; 6.929 ; 6.929 ;
; b[1]       ; hex1[2]     ; 6.895 ; 6.895 ; 6.895 ; 6.895 ;
; b[1]       ; hex1[3]     ; 6.894 ; 6.894 ; 6.894 ; 6.894 ;
; b[1]       ; hex1[4]     ; 6.928 ; 6.928 ; 6.928 ; 6.928 ;
; b[1]       ; hex1[5]     ; 6.932 ; 6.932 ; 6.932 ; 6.932 ;
; b[1]       ; hex1[6]     ; 7.027 ; 7.027 ; 7.027 ; 7.027 ;
; b[1]       ; hex2[0]     ; 5.936 ; 5.936 ; 5.936 ; 5.936 ;
; b[1]       ; hex2[1]     ; 5.924 ; 5.924 ; 5.924 ; 5.924 ;
; b[1]       ; hex2[2]     ; 6.028 ; 6.028 ; 6.028 ; 6.028 ;
; b[1]       ; hex2[3]     ; 6.029 ; 6.029 ; 6.029 ; 6.029 ;
; b[1]       ; hex2[4]     ; 6.031 ; 6.031 ; 6.031 ; 6.031 ;
; b[1]       ; hex2[5]     ; 6.038 ; 6.038 ; 6.038 ; 6.038 ;
; b[1]       ; hex2[6]     ; 5.930 ; 5.930 ; 5.930 ; 5.930 ;
; b[2]       ; hex0[2]     ; 6.542 ; 6.542 ; 6.542 ; 6.542 ;
; b[2]       ; hex0[3]     ; 6.572 ; 6.572 ; 6.572 ; 6.572 ;
; b[2]       ; hex0[4]     ; 6.562 ; 6.562 ; 6.562 ; 6.562 ;
; b[2]       ; hex0[5]     ; 6.542 ; 6.542 ; 6.542 ; 6.542 ;
; b[2]       ; hex1[0]     ; 6.752 ; 6.752 ; 6.752 ; 6.752 ;
; b[2]       ; hex1[1]     ; 6.766 ; 6.766 ; 6.766 ; 6.766 ;
; b[2]       ; hex1[2]     ; 6.732 ; 6.732 ; 6.732 ; 6.732 ;
; b[2]       ; hex1[3]     ; 6.731 ; 6.731 ; 6.731 ; 6.731 ;
; b[2]       ; hex1[4]     ; 6.765 ; 6.765 ; 6.765 ; 6.765 ;
; b[2]       ; hex1[5]     ; 6.769 ; 6.769 ; 6.769 ; 6.769 ;
; b[2]       ; hex1[6]     ; 6.864 ; 6.864 ; 6.864 ; 6.864 ;
; b[2]       ; hex2[0]     ; 6.160 ; 6.160 ; 6.160 ; 6.160 ;
; b[2]       ; hex2[1]     ; 6.162 ; 6.162 ; 6.162 ; 6.162 ;
; b[2]       ; hex2[2]     ; 6.249 ; 6.249 ; 6.249 ; 6.249 ;
; b[2]       ; hex2[3]     ; 6.259 ; 6.259 ; 6.259 ; 6.259 ;
; b[2]       ; hex2[4]     ; 6.266 ; 6.266 ; 6.266 ; 6.266 ;
; b[2]       ; hex2[5]     ; 6.259 ; 6.259 ; 6.259 ; 6.259 ;
; b[2]       ; hex2[6]     ; 6.163 ; 6.163 ; 6.163 ; 6.163 ;
; b[3]       ; hex0[2]     ; 6.564 ; 6.564 ; 6.564 ; 6.564 ;
; b[3]       ; hex0[3]     ; 6.594 ; 6.594 ; 6.594 ; 6.594 ;
; b[3]       ; hex0[4]     ; 6.584 ; 6.584 ; 6.584 ; 6.584 ;
; b[3]       ; hex0[5]     ; 6.564 ; 6.564 ; 6.564 ; 6.564 ;
; b[3]       ; hex1[0]     ; 6.974 ; 6.974 ; 6.974 ; 6.974 ;
; b[3]       ; hex1[1]     ; 6.988 ; 6.988 ; 6.988 ; 6.988 ;
; b[3]       ; hex1[2]     ; 6.954 ; 6.954 ; 6.954 ; 6.954 ;
; b[3]       ; hex1[3]     ; 6.953 ; 6.953 ; 6.953 ; 6.953 ;
; b[3]       ; hex1[4]     ; 6.987 ; 6.987 ; 6.987 ; 6.987 ;
; b[3]       ; hex1[5]     ; 6.991 ; 6.991 ; 6.991 ; 6.991 ;
; b[3]       ; hex1[6]     ; 7.086 ; 7.086 ; 7.086 ; 7.086 ;
; b[3]       ; hex2[0]     ; 6.770 ; 6.770 ; 6.770 ; 6.770 ;
; b[3]       ; hex2[1]     ; 6.766 ; 6.766 ; 6.766 ; 6.766 ;
; b[3]       ; hex2[2]     ; 6.865 ; 6.865 ; 6.865 ; 6.865 ;
; b[3]       ; hex2[3]     ; 6.865 ; 6.865 ; 6.865 ; 6.865 ;
; b[3]       ; hex2[4]     ; 6.869 ; 6.869 ; 6.869 ; 6.869 ;
; b[3]       ; hex2[5]     ; 6.869 ; 6.869 ; 6.869 ; 6.869 ;
; b[3]       ; hex2[6]     ; 6.768 ; 6.768 ; 6.768 ; 6.768 ;
; b[4]       ; hex0[2]     ; 6.457 ; 6.457 ; 6.457 ; 6.457 ;
; b[4]       ; hex0[3]     ; 6.487 ; 6.487 ; 6.487 ; 6.487 ;
; b[4]       ; hex0[4]     ; 6.477 ; 6.477 ; 6.477 ; 6.477 ;
; b[4]       ; hex0[5]     ; 6.457 ; 6.457 ; 6.457 ; 6.457 ;
; b[4]       ; hex1[0]     ; 7.170 ; 7.170 ; 7.170 ; 7.170 ;
; b[4]       ; hex1[1]     ; 7.199 ; 7.199 ; 7.199 ; 7.199 ;
; b[4]       ; hex1[2]     ; 7.166 ; 7.166 ; 7.166 ; 7.166 ;
; b[4]       ; hex1[3]     ; 7.148 ; 7.148 ; 7.148 ; 7.148 ;
; b[4]       ; hex1[4]     ; 7.176 ; 7.176 ; 7.176 ; 7.176 ;
; b[4]       ; hex1[5]     ; 7.198 ; 7.198 ; 7.198 ; 7.198 ;
; b[4]       ; hex1[6]     ; 7.280 ; 7.280 ; 7.280 ; 7.280 ;
; b[4]       ; hex2[0]     ; 7.279 ; 7.279 ; 7.279 ; 7.279 ;
; b[4]       ; hex2[1]     ; 7.281 ; 7.281 ; 7.281 ; 7.281 ;
; b[4]       ; hex2[2]     ; 7.368 ; 7.368 ; 7.368 ; 7.368 ;
; b[4]       ; hex2[3]     ; 7.378 ; 7.378 ; 7.378 ; 7.378 ;
; b[4]       ; hex2[4]     ; 7.385 ; 7.385 ; 7.385 ; 7.385 ;
; b[4]       ; hex2[5]     ; 7.378 ; 7.378 ; 7.378 ; 7.378 ;
; b[4]       ; hex2[6]     ; 7.282 ; 7.282 ; 7.282 ; 7.282 ;
; b[5]       ; hex0[2]     ; 4.126 ; 4.155 ; 4.155 ; 4.126 ;
; b[5]       ; hex0[3]     ; 4.156 ; 4.185 ; 4.185 ; 4.156 ;
; b[5]       ; hex0[4]     ; 4.146 ; 4.175 ; 4.175 ; 4.146 ;
; b[5]       ; hex0[5]     ; 4.126 ; 4.155 ; 4.155 ; 4.126 ;
; b[5]       ; hex1[0]     ; 4.775 ; 4.864 ; 4.864 ; 4.775 ;
; b[5]       ; hex1[1]     ; 4.789 ; 4.893 ; 4.893 ; 4.789 ;
; b[5]       ; hex1[2]     ; 4.756 ; 4.756 ; 4.756 ; 4.756 ;
; b[5]       ; hex1[3]     ; 4.754 ; 4.754 ; 4.754 ; 4.754 ;
; b[5]       ; hex1[4]     ; 4.768 ; 4.870 ; 4.870 ; 4.768 ;
; b[5]       ; hex1[5]     ; 4.790 ; 4.790 ; 4.790 ; 4.790 ;
; b[5]       ; hex1[6]     ; 4.887 ; 4.887 ; 4.887 ; 4.887 ;
; b[5]       ; hex2[0]     ; 4.865 ; 4.908 ; 4.908 ; 4.865 ;
; b[5]       ; hex2[1]     ; 4.861 ; 4.904 ; 4.904 ; 4.861 ;
; b[5]       ; hex2[2]     ; 4.960 ; 4.960 ; 4.960 ; 4.960 ;
; b[5]       ; hex2[3]     ; 4.960 ; 4.960 ; 4.960 ; 4.960 ;
; b[5]       ; hex2[4]     ; 4.964 ; 5.007 ; 5.007 ; 4.964 ;
; b[5]       ; hex2[5]     ; 4.964 ; 4.964 ; 4.964 ; 4.964 ;
; b[5]       ; hex2[6]     ; 4.863 ; 4.863 ; 4.863 ; 4.863 ;
+------------+-------------+-------+-------+-------+-------+


+----------------------------------------------------------------------------+
; Multicorner Timing Analysis Summary                                        ;
+------------------+-------+------+----------+---------+---------------------+
; Clock            ; Setup ; Hold ; Recovery ; Removal ; Minimum Pulse Width ;
+------------------+-------+------+----------+---------+---------------------+
; Worst-case Slack ; N/A   ; N/A  ; N/A      ; N/A     ; N/A                 ;
; Design-wide TNS  ; 0.0   ; 0.0  ; 0.0      ; 0.0     ; 0.0                 ;
+------------------+-------+------+----------+---------+---------------------+


+--------------------------------------------------------------+
; Progagation Delay                                            ;
+------------+-------------+--------+--------+--------+--------+
; Input Port ; Output Port ; RR     ; RF     ; FR     ; FF     ;
+------------+-------------+--------+--------+--------+--------+
; a[0]       ; hex0[2]     ; 14.441 ; 14.202 ; 14.202 ; 14.441 ;
; a[0]       ; hex0[3]     ; 14.477 ; 14.238 ; 14.238 ; 14.477 ;
; a[0]       ; hex0[4]     ; 14.467 ; 14.228 ; 14.228 ; 14.467 ;
; a[0]       ; hex0[5]     ; 14.441 ; 14.202 ; 14.202 ; 14.441 ;
; a[0]       ; hex1[0]     ; 24.358 ; 24.598 ; 24.598 ; 24.358 ;
; a[0]       ; hex1[1]     ; 24.640 ; 24.640 ; 24.640 ; 24.640 ;
; a[0]       ; hex1[2]     ; 24.577 ; 24.577 ; 24.577 ; 24.577 ;
; a[0]       ; hex1[3]     ; 24.575 ; 24.575 ; 24.575 ; 24.575 ;
; a[0]       ; hex1[4]     ; 24.592 ; 24.352 ; 24.352 ; 24.592 ;
; a[0]       ; hex1[5]     ; 24.642 ; 24.402 ; 24.402 ; 24.642 ;
; a[0]       ; hex1[6]     ; 24.833 ; 24.593 ; 24.593 ; 24.833 ;
; a[0]       ; hex2[0]     ; 25.029 ; 25.029 ; 25.029 ; 25.029 ;
; a[0]       ; hex2[1]     ; 25.019 ; 25.019 ; 25.019 ; 25.019 ;
; a[0]       ; hex2[2]     ; 25.241 ; 25.241 ; 25.241 ; 25.241 ;
; a[0]       ; hex2[3]     ; 25.245 ; 25.245 ; 25.245 ; 25.245 ;
; a[0]       ; hex2[4]     ; 25.251 ; 25.251 ; 25.251 ; 25.251 ;
; a[0]       ; hex2[5]     ; 25.250 ; 25.250 ; 25.250 ; 25.250 ;
; a[0]       ; hex2[6]     ; 25.025 ; 25.025 ; 25.025 ; 25.025 ;
; a[1]       ; hex0[2]     ; 14.433 ; 14.194 ; 14.194 ; 14.433 ;
; a[1]       ; hex0[3]     ; 14.469 ; 14.230 ; 14.230 ; 14.469 ;
; a[1]       ; hex0[4]     ; 14.459 ; 14.220 ; 14.220 ; 14.459 ;
; a[1]       ; hex0[5]     ; 14.433 ; 14.194 ; 14.194 ; 14.433 ;
; a[1]       ; hex1[0]     ; 24.350 ; 24.590 ; 24.590 ; 24.350 ;
; a[1]       ; hex1[1]     ; 24.632 ; 24.632 ; 24.632 ; 24.632 ;
; a[1]       ; hex1[2]     ; 24.569 ; 24.569 ; 24.569 ; 24.569 ;
; a[1]       ; hex1[3]     ; 24.567 ; 24.567 ; 24.567 ; 24.567 ;
; a[1]       ; hex1[4]     ; 24.584 ; 24.344 ; 24.344 ; 24.584 ;
; a[1]       ; hex1[5]     ; 24.634 ; 24.394 ; 24.394 ; 24.634 ;
; a[1]       ; hex1[6]     ; 24.825 ; 24.585 ; 24.585 ; 24.825 ;
; a[1]       ; hex2[0]     ; 25.021 ; 25.021 ; 25.021 ; 25.021 ;
; a[1]       ; hex2[1]     ; 25.011 ; 25.011 ; 25.011 ; 25.011 ;
; a[1]       ; hex2[2]     ; 25.233 ; 25.233 ; 25.233 ; 25.233 ;
; a[1]       ; hex2[3]     ; 25.237 ; 25.237 ; 25.237 ; 25.237 ;
; a[1]       ; hex2[4]     ; 25.243 ; 25.243 ; 25.243 ; 25.243 ;
; a[1]       ; hex2[5]     ; 25.242 ; 25.242 ; 25.242 ; 25.242 ;
; a[1]       ; hex2[6]     ; 25.017 ; 25.017 ; 25.017 ; 25.017 ;
; a[2]       ; hex0[2]     ; 13.272 ; 13.033 ; 13.033 ; 13.272 ;
; a[2]       ; hex0[3]     ; 13.308 ; 13.069 ; 13.069 ; 13.308 ;
; a[2]       ; hex0[4]     ; 13.298 ; 13.059 ; 13.059 ; 13.298 ;
; a[2]       ; hex0[5]     ; 13.272 ; 13.033 ; 13.033 ; 13.272 ;
; a[2]       ; hex1[0]     ; 23.189 ; 23.429 ; 23.429 ; 23.189 ;
; a[2]       ; hex1[1]     ; 23.471 ; 23.471 ; 23.471 ; 23.471 ;
; a[2]       ; hex1[2]     ; 23.408 ; 23.408 ; 23.408 ; 23.408 ;
; a[2]       ; hex1[3]     ; 23.406 ; 23.406 ; 23.406 ; 23.406 ;
; a[2]       ; hex1[4]     ; 23.423 ; 23.183 ; 23.183 ; 23.423 ;
; a[2]       ; hex1[5]     ; 23.473 ; 23.233 ; 23.233 ; 23.473 ;
; a[2]       ; hex1[6]     ; 23.664 ; 23.424 ; 23.424 ; 23.664 ;
; a[2]       ; hex2[0]     ; 23.860 ; 23.860 ; 23.860 ; 23.860 ;
; a[2]       ; hex2[1]     ; 23.850 ; 23.850 ; 23.850 ; 23.850 ;
; a[2]       ; hex2[2]     ; 24.072 ; 24.072 ; 24.072 ; 24.072 ;
; a[2]       ; hex2[3]     ; 24.076 ; 24.076 ; 24.076 ; 24.076 ;
; a[2]       ; hex2[4]     ; 24.082 ; 24.082 ; 24.082 ; 24.082 ;
; a[2]       ; hex2[5]     ; 24.081 ; 24.081 ; 24.081 ; 24.081 ;
; a[2]       ; hex2[6]     ; 23.856 ; 23.856 ; 23.856 ; 23.856 ;
; a[3]       ; hex0[2]     ; 13.889 ; 13.650 ; 13.650 ; 13.889 ;
; a[3]       ; hex0[3]     ; 13.925 ; 13.686 ; 13.686 ; 13.925 ;
; a[3]       ; hex0[4]     ; 13.915 ; 13.676 ; 13.676 ; 13.915 ;
; a[3]       ; hex0[5]     ; 13.889 ; 13.650 ; 13.650 ; 13.889 ;
; a[3]       ; hex1[0]     ; 23.806 ; 24.046 ; 24.046 ; 23.806 ;
; a[3]       ; hex1[1]     ; 24.088 ; 24.088 ; 24.088 ; 24.088 ;
; a[3]       ; hex1[2]     ; 24.025 ; 24.025 ; 24.025 ; 24.025 ;
; a[3]       ; hex1[3]     ; 24.023 ; 24.023 ; 24.023 ; 24.023 ;
; a[3]       ; hex1[4]     ; 24.040 ; 23.800 ; 23.800 ; 24.040 ;
; a[3]       ; hex1[5]     ; 24.090 ; 23.850 ; 23.850 ; 24.090 ;
; a[3]       ; hex1[6]     ; 24.281 ; 24.041 ; 24.041 ; 24.281 ;
; a[3]       ; hex2[0]     ; 24.477 ; 24.477 ; 24.477 ; 24.477 ;
; a[3]       ; hex2[1]     ; 24.467 ; 24.467 ; 24.467 ; 24.467 ;
; a[3]       ; hex2[2]     ; 24.689 ; 24.689 ; 24.689 ; 24.689 ;
; a[3]       ; hex2[3]     ; 24.693 ; 24.693 ; 24.693 ; 24.693 ;
; a[3]       ; hex2[4]     ; 24.699 ; 24.699 ; 24.699 ; 24.699 ;
; a[3]       ; hex2[5]     ; 24.698 ; 24.698 ; 24.698 ; 24.698 ;
; a[3]       ; hex2[6]     ; 24.473 ; 24.473 ; 24.473 ; 24.473 ;
; a[4]       ; hex0[2]     ; 12.526 ; 12.287 ; 12.287 ; 12.526 ;
; a[4]       ; hex0[3]     ; 12.562 ; 12.323 ; 12.323 ; 12.562 ;
; a[4]       ; hex0[4]     ; 12.552 ; 12.313 ; 12.313 ; 12.552 ;
; a[4]       ; hex0[5]     ; 12.526 ; 12.287 ; 12.287 ; 12.526 ;
; a[4]       ; hex1[0]     ; 22.443 ; 22.683 ; 22.683 ; 22.443 ;
; a[4]       ; hex1[1]     ; 22.725 ; 22.725 ; 22.725 ; 22.725 ;
; a[4]       ; hex1[2]     ; 22.662 ; 22.662 ; 22.662 ; 22.662 ;
; a[4]       ; hex1[3]     ; 22.660 ; 22.660 ; 22.660 ; 22.660 ;
; a[4]       ; hex1[4]     ; 22.677 ; 22.437 ; 22.437 ; 22.677 ;
; a[4]       ; hex1[5]     ; 22.727 ; 22.487 ; 22.487 ; 22.727 ;
; a[4]       ; hex1[6]     ; 22.918 ; 22.678 ; 22.678 ; 22.918 ;
; a[4]       ; hex2[0]     ; 23.114 ; 23.114 ; 23.114 ; 23.114 ;
; a[4]       ; hex2[1]     ; 23.104 ; 23.104 ; 23.104 ; 23.104 ;
; a[4]       ; hex2[2]     ; 23.326 ; 23.326 ; 23.326 ; 23.326 ;
; a[4]       ; hex2[3]     ; 23.330 ; 23.330 ; 23.330 ; 23.330 ;
; a[4]       ; hex2[4]     ; 23.336 ; 23.336 ; 23.336 ; 23.336 ;
; a[4]       ; hex2[5]     ; 23.335 ; 23.335 ; 23.335 ; 23.335 ;
; a[4]       ; hex2[6]     ; 23.110 ; 23.110 ; 23.110 ; 23.110 ;
; a[5]       ; hex0[2]     ; 8.562  ; 8.562  ; 8.562  ; 8.562  ;
; a[5]       ; hex0[3]     ; 8.598  ; 8.598  ; 8.598  ; 8.598  ;
; a[5]       ; hex0[4]     ; 8.588  ; 8.588  ; 8.588  ; 8.588  ;
; a[5]       ; hex0[5]     ; 8.562  ; 8.562  ; 8.562  ; 8.562  ;
; a[5]       ; hex1[0]     ; 18.718 ; 18.718 ; 18.718 ; 18.718 ;
; a[5]       ; hex1[1]     ; 18.760 ; 18.760 ; 18.760 ; 18.760 ;
; a[5]       ; hex1[2]     ; 18.697 ; 18.697 ; 18.697 ; 18.697 ;
; a[5]       ; hex1[3]     ; 18.695 ; 18.695 ; 18.695 ; 18.695 ;
; a[5]       ; hex1[4]     ; 18.712 ; 18.712 ; 18.712 ; 18.712 ;
; a[5]       ; hex1[5]     ; 18.762 ; 18.762 ; 18.762 ; 18.762 ;
; a[5]       ; hex1[6]     ; 18.953 ; 18.953 ; 18.953 ; 18.953 ;
; a[5]       ; hex2[0]     ; 19.153 ; 19.153 ; 19.153 ; 19.153 ;
; a[5]       ; hex2[1]     ; 19.143 ; 19.143 ; 19.143 ; 19.143 ;
; a[5]       ; hex2[2]     ; 19.365 ; 19.365 ; 19.365 ; 19.365 ;
; a[5]       ; hex2[3]     ; 19.369 ; 19.369 ; 19.369 ; 19.369 ;
; a[5]       ; hex2[4]     ; 19.375 ; 19.375 ; 19.375 ; 19.375 ;
; a[5]       ; hex2[5]     ; 19.374 ; 19.374 ; 19.374 ; 19.374 ;
; a[5]       ; hex2[6]     ; 19.149 ; 19.149 ; 19.149 ; 19.149 ;
; b[0]       ; hex0[2]     ; 14.518 ; 14.279 ; 14.279 ; 14.518 ;
; b[0]       ; hex0[3]     ; 14.554 ; 14.315 ; 14.315 ; 14.554 ;
; b[0]       ; hex0[4]     ; 14.544 ; 14.305 ; 14.305 ; 14.544 ;
; b[0]       ; hex0[5]     ; 14.518 ; 14.279 ; 14.279 ; 14.518 ;
; b[0]       ; hex1[0]     ; 24.435 ; 24.675 ; 24.675 ; 24.435 ;
; b[0]       ; hex1[1]     ; 24.717 ; 24.717 ; 24.717 ; 24.717 ;
; b[0]       ; hex1[2]     ; 24.654 ; 24.654 ; 24.654 ; 24.654 ;
; b[0]       ; hex1[3]     ; 24.652 ; 24.652 ; 24.652 ; 24.652 ;
; b[0]       ; hex1[4]     ; 24.669 ; 24.429 ; 24.429 ; 24.669 ;
; b[0]       ; hex1[5]     ; 24.719 ; 24.479 ; 24.479 ; 24.719 ;
; b[0]       ; hex1[6]     ; 24.910 ; 24.670 ; 24.670 ; 24.910 ;
; b[0]       ; hex2[0]     ; 25.106 ; 25.106 ; 25.106 ; 25.106 ;
; b[0]       ; hex2[1]     ; 25.096 ; 25.096 ; 25.096 ; 25.096 ;
; b[0]       ; hex2[2]     ; 25.318 ; 25.318 ; 25.318 ; 25.318 ;
; b[0]       ; hex2[3]     ; 25.322 ; 25.322 ; 25.322 ; 25.322 ;
; b[0]       ; hex2[4]     ; 25.328 ; 25.328 ; 25.328 ; 25.328 ;
; b[0]       ; hex2[5]     ; 25.327 ; 25.327 ; 25.327 ; 25.327 ;
; b[0]       ; hex2[6]     ; 25.102 ; 25.102 ; 25.102 ; 25.102 ;
; b[1]       ; hex0[2]     ; 14.297 ; 14.058 ; 14.058 ; 14.297 ;
; b[1]       ; hex0[3]     ; 14.333 ; 14.094 ; 14.094 ; 14.333 ;
; b[1]       ; hex0[4]     ; 14.323 ; 14.084 ; 14.084 ; 14.323 ;
; b[1]       ; hex0[5]     ; 14.297 ; 14.058 ; 14.058 ; 14.297 ;
; b[1]       ; hex1[0]     ; 24.214 ; 24.454 ; 24.454 ; 24.214 ;
; b[1]       ; hex1[1]     ; 24.496 ; 24.496 ; 24.496 ; 24.496 ;
; b[1]       ; hex1[2]     ; 24.433 ; 24.433 ; 24.433 ; 24.433 ;
; b[1]       ; hex1[3]     ; 24.431 ; 24.431 ; 24.431 ; 24.431 ;
; b[1]       ; hex1[4]     ; 24.448 ; 24.208 ; 24.208 ; 24.448 ;
; b[1]       ; hex1[5]     ; 24.498 ; 24.258 ; 24.258 ; 24.498 ;
; b[1]       ; hex1[6]     ; 24.689 ; 24.449 ; 24.449 ; 24.689 ;
; b[1]       ; hex2[0]     ; 24.885 ; 24.885 ; 24.885 ; 24.885 ;
; b[1]       ; hex2[1]     ; 24.875 ; 24.875 ; 24.875 ; 24.875 ;
; b[1]       ; hex2[2]     ; 25.097 ; 25.097 ; 25.097 ; 25.097 ;
; b[1]       ; hex2[3]     ; 25.101 ; 25.101 ; 25.101 ; 25.101 ;
; b[1]       ; hex2[4]     ; 25.107 ; 25.107 ; 25.107 ; 25.107 ;
; b[1]       ; hex2[5]     ; 25.106 ; 25.106 ; 25.106 ; 25.106 ;
; b[1]       ; hex2[6]     ; 24.881 ; 24.881 ; 24.881 ; 24.881 ;
; b[2]       ; hex0[2]     ; 13.570 ; 13.331 ; 13.331 ; 13.570 ;
; b[2]       ; hex0[3]     ; 13.606 ; 13.367 ; 13.367 ; 13.606 ;
; b[2]       ; hex0[4]     ; 13.596 ; 13.357 ; 13.357 ; 13.596 ;
; b[2]       ; hex0[5]     ; 13.570 ; 13.331 ; 13.331 ; 13.570 ;
; b[2]       ; hex1[0]     ; 23.487 ; 23.727 ; 23.727 ; 23.487 ;
; b[2]       ; hex1[1]     ; 23.769 ; 23.769 ; 23.769 ; 23.769 ;
; b[2]       ; hex1[2]     ; 23.706 ; 23.706 ; 23.706 ; 23.706 ;
; b[2]       ; hex1[3]     ; 23.704 ; 23.704 ; 23.704 ; 23.704 ;
; b[2]       ; hex1[4]     ; 23.721 ; 23.481 ; 23.481 ; 23.721 ;
; b[2]       ; hex1[5]     ; 23.771 ; 23.531 ; 23.531 ; 23.771 ;
; b[2]       ; hex1[6]     ; 23.962 ; 23.722 ; 23.722 ; 23.962 ;
; b[2]       ; hex2[0]     ; 24.158 ; 24.158 ; 24.158 ; 24.158 ;
; b[2]       ; hex2[1]     ; 24.148 ; 24.148 ; 24.148 ; 24.148 ;
; b[2]       ; hex2[2]     ; 24.370 ; 24.370 ; 24.370 ; 24.370 ;
; b[2]       ; hex2[3]     ; 24.374 ; 24.374 ; 24.374 ; 24.374 ;
; b[2]       ; hex2[4]     ; 24.380 ; 24.380 ; 24.380 ; 24.380 ;
; b[2]       ; hex2[5]     ; 24.379 ; 24.379 ; 24.379 ; 24.379 ;
; b[2]       ; hex2[6]     ; 24.154 ; 24.154 ; 24.154 ; 24.154 ;
; b[3]       ; hex0[2]     ; 14.421 ; 14.182 ; 14.182 ; 14.421 ;
; b[3]       ; hex0[3]     ; 14.457 ; 14.218 ; 14.218 ; 14.457 ;
; b[3]       ; hex0[4]     ; 14.447 ; 14.208 ; 14.208 ; 14.447 ;
; b[3]       ; hex0[5]     ; 14.421 ; 14.182 ; 14.182 ; 14.421 ;
; b[3]       ; hex1[0]     ; 24.338 ; 24.578 ; 24.578 ; 24.338 ;
; b[3]       ; hex1[1]     ; 24.620 ; 24.620 ; 24.620 ; 24.620 ;
; b[3]       ; hex1[2]     ; 24.557 ; 24.557 ; 24.557 ; 24.557 ;
; b[3]       ; hex1[3]     ; 24.555 ; 24.555 ; 24.555 ; 24.555 ;
; b[3]       ; hex1[4]     ; 24.572 ; 24.332 ; 24.332 ; 24.572 ;
; b[3]       ; hex1[5]     ; 24.622 ; 24.382 ; 24.382 ; 24.622 ;
; b[3]       ; hex1[6]     ; 24.813 ; 24.573 ; 24.573 ; 24.813 ;
; b[3]       ; hex2[0]     ; 25.009 ; 25.009 ; 25.009 ; 25.009 ;
; b[3]       ; hex2[1]     ; 24.999 ; 24.999 ; 24.999 ; 24.999 ;
; b[3]       ; hex2[2]     ; 25.221 ; 25.221 ; 25.221 ; 25.221 ;
; b[3]       ; hex2[3]     ; 25.225 ; 25.225 ; 25.225 ; 25.225 ;
; b[3]       ; hex2[4]     ; 25.231 ; 25.231 ; 25.231 ; 25.231 ;
; b[3]       ; hex2[5]     ; 25.230 ; 25.230 ; 25.230 ; 25.230 ;
; b[3]       ; hex2[6]     ; 25.005 ; 25.005 ; 25.005 ; 25.005 ;
; b[4]       ; hex0[2]     ; 12.849 ; 12.610 ; 12.610 ; 12.849 ;
; b[4]       ; hex0[3]     ; 12.885 ; 12.646 ; 12.646 ; 12.885 ;
; b[4]       ; hex0[4]     ; 12.875 ; 12.636 ; 12.636 ; 12.875 ;
; b[4]       ; hex0[5]     ; 12.849 ; 12.610 ; 12.610 ; 12.849 ;
; b[4]       ; hex1[0]     ; 22.766 ; 23.006 ; 23.006 ; 22.766 ;
; b[4]       ; hex1[1]     ; 23.048 ; 23.048 ; 23.048 ; 23.048 ;
; b[4]       ; hex1[2]     ; 22.985 ; 22.985 ; 22.985 ; 22.985 ;
; b[4]       ; hex1[3]     ; 22.983 ; 22.983 ; 22.983 ; 22.983 ;
; b[4]       ; hex1[4]     ; 23.000 ; 22.760 ; 22.760 ; 23.000 ;
; b[4]       ; hex1[5]     ; 23.050 ; 22.810 ; 22.810 ; 23.050 ;
; b[4]       ; hex1[6]     ; 23.241 ; 23.001 ; 23.001 ; 23.241 ;
; b[4]       ; hex2[0]     ; 23.437 ; 23.437 ; 23.437 ; 23.437 ;
; b[4]       ; hex2[1]     ; 23.427 ; 23.427 ; 23.427 ; 23.427 ;
; b[4]       ; hex2[2]     ; 23.649 ; 23.649 ; 23.649 ; 23.649 ;
; b[4]       ; hex2[3]     ; 23.653 ; 23.653 ; 23.653 ; 23.653 ;
; b[4]       ; hex2[4]     ; 23.659 ; 23.659 ; 23.659 ; 23.659 ;
; b[4]       ; hex2[5]     ; 23.658 ; 23.658 ; 23.658 ; 23.658 ;
; b[4]       ; hex2[6]     ; 23.433 ; 23.433 ; 23.433 ; 23.433 ;
; b[5]       ; hex0[2]     ; 8.519  ; 8.284  ; 8.284  ; 8.519  ;
; b[5]       ; hex0[3]     ; 8.555  ; 8.320  ; 8.320  ; 8.555  ;
; b[5]       ; hex0[4]     ; 8.545  ; 8.310  ; 8.310  ; 8.545  ;
; b[5]       ; hex0[5]     ; 8.519  ; 8.284  ; 8.284  ; 8.519  ;
; b[5]       ; hex1[0]     ; 18.440 ; 18.676 ; 18.676 ; 18.440 ;
; b[5]       ; hex1[1]     ; 18.718 ; 18.718 ; 18.718 ; 18.718 ;
; b[5]       ; hex1[2]     ; 18.655 ; 18.655 ; 18.655 ; 18.655 ;
; b[5]       ; hex1[3]     ; 18.653 ; 18.653 ; 18.653 ; 18.653 ;
; b[5]       ; hex1[4]     ; 18.670 ; 18.434 ; 18.434 ; 18.670 ;
; b[5]       ; hex1[5]     ; 18.720 ; 18.484 ; 18.484 ; 18.720 ;
; b[5]       ; hex1[6]     ; 18.911 ; 18.675 ; 18.675 ; 18.911 ;
; b[5]       ; hex2[0]     ; 19.107 ; 19.107 ; 19.107 ; 19.107 ;
; b[5]       ; hex2[1]     ; 19.097 ; 19.097 ; 19.097 ; 19.097 ;
; b[5]       ; hex2[2]     ; 19.319 ; 19.319 ; 19.319 ; 19.319 ;
; b[5]       ; hex2[3]     ; 19.323 ; 19.323 ; 19.323 ; 19.323 ;
; b[5]       ; hex2[4]     ; 19.329 ; 19.329 ; 19.329 ; 19.329 ;
; b[5]       ; hex2[5]     ; 19.328 ; 19.328 ; 19.328 ; 19.328 ;
; b[5]       ; hex2[6]     ; 19.103 ; 19.103 ; 19.103 ; 19.103 ;
+------------+-------------+--------+--------+--------+--------+


+----------------------------------------------------------+
; Minimum Progagation Delay                                ;
+------------+-------------+-------+-------+-------+-------+
; Input Port ; Output Port ; RR    ; RF    ; FR    ; FF    ;
+------------+-------------+-------+-------+-------+-------+
; a[0]       ; hex0[2]     ; 6.909 ; 6.909 ; 6.909 ; 6.909 ;
; a[0]       ; hex0[3]     ; 6.939 ; 6.939 ; 6.939 ; 6.939 ;
; a[0]       ; hex0[4]     ; 6.929 ; 6.929 ; 6.929 ; 6.929 ;
; a[0]       ; hex0[5]     ; 6.909 ; 6.909 ; 6.909 ; 6.909 ;
; a[0]       ; hex1[0]     ; 6.987 ; 6.987 ; 6.987 ; 6.987 ;
; a[0]       ; hex1[1]     ; 7.001 ; 7.001 ; 7.001 ; 7.001 ;
; a[0]       ; hex1[2]     ; 6.967 ; 6.967 ; 6.967 ; 6.967 ;
; a[0]       ; hex1[3]     ; 6.966 ; 6.966 ; 6.966 ; 6.966 ;
; a[0]       ; hex1[4]     ; 7.000 ; 7.000 ; 7.000 ; 7.000 ;
; a[0]       ; hex1[5]     ; 7.004 ; 7.004 ; 7.004 ; 7.004 ;
; a[0]       ; hex1[6]     ; 7.099 ; 7.099 ; 7.099 ; 7.099 ;
; a[0]       ; hex2[0]     ; 5.741 ; 5.741 ; 5.741 ; 5.741 ;
; a[0]       ; hex2[1]     ; 5.747 ; 5.747 ; 5.747 ; 5.747 ;
; a[0]       ; hex2[2]     ; 5.830 ; 5.830 ; 5.830 ; 5.830 ;
; a[0]       ; hex2[3]     ; 5.844 ; 5.844 ; 5.844 ; 5.844 ;
; a[0]       ; hex2[4]     ; 5.851 ; 5.851 ; 5.851 ; 5.851 ;
; a[0]       ; hex2[5]     ; 5.840 ; 5.840 ; 5.840 ; 5.840 ;
; a[0]       ; hex2[6]     ; 5.748 ; 5.748 ; 5.748 ; 5.748 ;
; a[1]       ; hex0[2]     ; 6.894 ; 6.894 ; 6.894 ; 6.894 ;
; a[1]       ; hex0[3]     ; 6.924 ; 6.924 ; 6.924 ; 6.924 ;
; a[1]       ; hex0[4]     ; 6.914 ; 6.914 ; 6.914 ; 6.914 ;
; a[1]       ; hex0[5]     ; 6.894 ; 6.894 ; 6.894 ; 6.894 ;
; a[1]       ; hex1[0]     ; 6.968 ; 6.968 ; 6.968 ; 6.968 ;
; a[1]       ; hex1[1]     ; 6.982 ; 6.982 ; 6.982 ; 6.982 ;
; a[1]       ; hex1[2]     ; 6.948 ; 6.948 ; 6.948 ; 6.948 ;
; a[1]       ; hex1[3]     ; 6.947 ; 6.947 ; 6.947 ; 6.947 ;
; a[1]       ; hex1[4]     ; 6.981 ; 6.981 ; 6.981 ; 6.981 ;
; a[1]       ; hex1[5]     ; 6.985 ; 6.985 ; 6.985 ; 6.985 ;
; a[1]       ; hex1[6]     ; 7.080 ; 7.080 ; 7.080 ; 7.080 ;
; a[1]       ; hex2[0]     ; 5.989 ; 5.989 ; 5.989 ; 5.989 ;
; a[1]       ; hex2[1]     ; 5.977 ; 5.977 ; 5.977 ; 5.977 ;
; a[1]       ; hex2[2]     ; 6.081 ; 6.081 ; 6.081 ; 6.081 ;
; a[1]       ; hex2[3]     ; 6.082 ; 6.082 ; 6.082 ; 6.082 ;
; a[1]       ; hex2[4]     ; 6.084 ; 6.084 ; 6.084 ; 6.084 ;
; a[1]       ; hex2[5]     ; 6.091 ; 6.091 ; 6.091 ; 6.091 ;
; a[1]       ; hex2[6]     ; 5.983 ; 5.983 ; 5.983 ; 5.983 ;
; a[2]       ; hex0[2]     ; 6.415 ; 6.415 ; 6.415 ; 6.415 ;
; a[2]       ; hex0[3]     ; 6.445 ; 6.445 ; 6.445 ; 6.445 ;
; a[2]       ; hex0[4]     ; 6.435 ; 6.435 ; 6.435 ; 6.435 ;
; a[2]       ; hex0[5]     ; 6.415 ; 6.415 ; 6.415 ; 6.415 ;
; a[2]       ; hex1[0]     ; 6.656 ; 6.656 ; 6.656 ; 6.656 ;
; a[2]       ; hex1[1]     ; 6.670 ; 6.670 ; 6.670 ; 6.670 ;
; a[2]       ; hex1[2]     ; 6.636 ; 6.636 ; 6.636 ; 6.636 ;
; a[2]       ; hex1[3]     ; 6.635 ; 6.635 ; 6.635 ; 6.635 ;
; a[2]       ; hex1[4]     ; 6.669 ; 6.669 ; 6.669 ; 6.669 ;
; a[2]       ; hex1[5]     ; 6.673 ; 6.673 ; 6.673 ; 6.673 ;
; a[2]       ; hex1[6]     ; 6.768 ; 6.768 ; 6.768 ; 6.768 ;
; a[2]       ; hex2[0]     ; 6.029 ; 6.029 ; 6.029 ; 6.029 ;
; a[2]       ; hex2[1]     ; 6.031 ; 6.031 ; 6.031 ; 6.031 ;
; a[2]       ; hex2[2]     ; 6.118 ; 6.118 ; 6.118 ; 6.118 ;
; a[2]       ; hex2[3]     ; 6.128 ; 6.128 ; 6.128 ; 6.128 ;
; a[2]       ; hex2[4]     ; 6.135 ; 6.135 ; 6.135 ; 6.135 ;
; a[2]       ; hex2[5]     ; 6.128 ; 6.128 ; 6.128 ; 6.128 ;
; a[2]       ; hex2[6]     ; 6.032 ; 6.032 ; 6.032 ; 6.032 ;
; a[3]       ; hex0[2]     ; 6.519 ; 6.519 ; 6.519 ; 6.519 ;
; a[3]       ; hex0[3]     ; 6.549 ; 6.549 ; 6.549 ; 6.549 ;
; a[3]       ; hex0[4]     ; 6.539 ; 6.539 ; 6.539 ; 6.539 ;
; a[3]       ; hex0[5]     ; 6.519 ; 6.519 ; 6.519 ; 6.519 ;
; a[3]       ; hex1[0]     ; 7.232 ; 7.232 ; 7.232 ; 7.232 ;
; a[3]       ; hex1[1]     ; 7.261 ; 7.261 ; 7.261 ; 7.261 ;
; a[3]       ; hex1[2]     ; 7.228 ; 7.228 ; 7.228 ; 7.228 ;
; a[3]       ; hex1[3]     ; 7.210 ; 7.210 ; 7.210 ; 7.210 ;
; a[3]       ; hex1[4]     ; 7.238 ; 7.238 ; 7.238 ; 7.238 ;
; a[3]       ; hex1[5]     ; 7.260 ; 7.260 ; 7.260 ; 7.260 ;
; a[3]       ; hex1[6]     ; 7.342 ; 7.342 ; 7.342 ; 7.342 ;
; a[3]       ; hex2[0]     ; 6.826 ; 6.826 ; 6.826 ; 6.826 ;
; a[3]       ; hex2[1]     ; 6.822 ; 6.822 ; 6.822 ; 6.822 ;
; a[3]       ; hex2[2]     ; 6.921 ; 6.921 ; 6.921 ; 6.921 ;
; a[3]       ; hex2[3]     ; 6.921 ; 6.921 ; 6.921 ; 6.921 ;
; a[3]       ; hex2[4]     ; 6.925 ; 6.925 ; 6.925 ; 6.925 ;
; a[3]       ; hex2[5]     ; 6.925 ; 6.925 ; 6.925 ; 6.925 ;
; a[3]       ; hex2[6]     ; 6.824 ; 6.824 ; 6.824 ; 6.824 ;
; a[4]       ; hex0[2]     ; 6.325 ; 6.325 ; 6.325 ; 6.325 ;
; a[4]       ; hex0[3]     ; 6.355 ; 6.355 ; 6.355 ; 6.355 ;
; a[4]       ; hex0[4]     ; 6.345 ; 6.345 ; 6.345 ; 6.345 ;
; a[4]       ; hex0[5]     ; 6.325 ; 6.325 ; 6.325 ; 6.325 ;
; a[4]       ; hex1[0]     ; 7.038 ; 7.038 ; 7.038 ; 7.038 ;
; a[4]       ; hex1[1]     ; 7.067 ; 7.067 ; 7.067 ; 7.067 ;
; a[4]       ; hex1[2]     ; 7.034 ; 7.034 ; 7.034 ; 7.034 ;
; a[4]       ; hex1[3]     ; 7.016 ; 7.016 ; 7.016 ; 7.016 ;
; a[4]       ; hex1[4]     ; 7.044 ; 7.044 ; 7.044 ; 7.044 ;
; a[4]       ; hex1[5]     ; 7.066 ; 7.066 ; 7.066 ; 7.066 ;
; a[4]       ; hex1[6]     ; 7.148 ; 7.148 ; 7.148 ; 7.148 ;
; a[4]       ; hex2[0]     ; 7.147 ; 7.147 ; 7.147 ; 7.147 ;
; a[4]       ; hex2[1]     ; 7.149 ; 7.149 ; 7.149 ; 7.149 ;
; a[4]       ; hex2[2]     ; 7.236 ; 7.236 ; 7.236 ; 7.236 ;
; a[4]       ; hex2[3]     ; 7.246 ; 7.246 ; 7.246 ; 7.246 ;
; a[4]       ; hex2[4]     ; 7.253 ; 7.253 ; 7.253 ; 7.253 ;
; a[4]       ; hex2[5]     ; 7.246 ; 7.246 ; 7.246 ; 7.246 ;
; a[4]       ; hex2[6]     ; 7.150 ; 7.150 ; 7.150 ; 7.150 ;
; a[5]       ; hex0[2]     ; 4.308 ; 4.328 ; 4.328 ; 4.308 ;
; a[5]       ; hex0[3]     ; 4.338 ; 4.358 ; 4.358 ; 4.338 ;
; a[5]       ; hex0[4]     ; 4.328 ; 4.348 ; 4.348 ; 4.328 ;
; a[5]       ; hex0[5]     ; 4.308 ; 4.328 ; 4.328 ; 4.308 ;
; a[5]       ; hex1[0]     ; 4.952 ; 5.037 ; 5.037 ; 4.952 ;
; a[5]       ; hex1[1]     ; 4.966 ; 5.066 ; 5.066 ; 4.966 ;
; a[5]       ; hex1[2]     ; 4.933 ; 4.933 ; 4.933 ; 4.933 ;
; a[5]       ; hex1[3]     ; 4.931 ; 4.931 ; 4.931 ; 4.931 ;
; a[5]       ; hex1[4]     ; 4.945 ; 5.043 ; 5.043 ; 4.945 ;
; a[5]       ; hex1[5]     ; 4.967 ; 4.967 ; 4.967 ; 4.967 ;
; a[5]       ; hex1[6]     ; 5.064 ; 5.064 ; 5.064 ; 5.064 ;
; a[5]       ; hex2[0]     ; 5.040 ; 5.084 ; 5.084 ; 5.040 ;
; a[5]       ; hex2[1]     ; 5.036 ; 5.080 ; 5.080 ; 5.036 ;
; a[5]       ; hex2[2]     ; 5.135 ; 5.135 ; 5.135 ; 5.135 ;
; a[5]       ; hex2[3]     ; 5.135 ; 5.135 ; 5.135 ; 5.135 ;
; a[5]       ; hex2[4]     ; 5.139 ; 5.183 ; 5.183 ; 5.139 ;
; a[5]       ; hex2[5]     ; 5.139 ; 5.139 ; 5.139 ; 5.139 ;
; a[5]       ; hex2[6]     ; 5.038 ; 5.038 ; 5.038 ; 5.038 ;
; b[0]       ; hex0[2]     ; 6.933 ; 6.933 ; 6.933 ; 6.933 ;
; b[0]       ; hex0[3]     ; 6.963 ; 6.963 ; 6.963 ; 6.963 ;
; b[0]       ; hex0[4]     ; 6.953 ; 6.953 ; 6.953 ; 6.953 ;
; b[0]       ; hex0[5]     ; 6.933 ; 6.933 ; 6.933 ; 6.933 ;
; b[0]       ; hex1[0]     ; 7.013 ; 7.013 ; 7.013 ; 7.013 ;
; b[0]       ; hex1[1]     ; 7.027 ; 7.027 ; 7.027 ; 7.027 ;
; b[0]       ; hex1[2]     ; 6.993 ; 6.993 ; 6.993 ; 6.993 ;
; b[0]       ; hex1[3]     ; 6.992 ; 6.992 ; 6.992 ; 6.992 ;
; b[0]       ; hex1[4]     ; 7.026 ; 7.026 ; 7.026 ; 7.026 ;
; b[0]       ; hex1[5]     ; 7.030 ; 7.030 ; 7.030 ; 7.030 ;
; b[0]       ; hex1[6]     ; 7.125 ; 7.125 ; 7.125 ; 7.125 ;
; b[0]       ; hex2[0]     ; 5.650 ; 5.650 ; 5.650 ; 5.650 ;
; b[0]       ; hex2[1]     ; 5.656 ; 5.656 ; 5.656 ; 5.656 ;
; b[0]       ; hex2[2]     ; 5.739 ; 5.739 ; 5.739 ; 5.739 ;
; b[0]       ; hex2[3]     ; 5.753 ; 5.753 ; 5.753 ; 5.753 ;
; b[0]       ; hex2[4]     ; 5.760 ; 5.760 ; 5.760 ; 5.760 ;
; b[0]       ; hex2[5]     ; 5.749 ; 5.749 ; 5.749 ; 5.749 ;
; b[0]       ; hex2[6]     ; 5.657 ; 5.657 ; 5.657 ; 5.657 ;
; b[1]       ; hex0[2]     ; 6.836 ; 6.836 ; 6.836 ; 6.836 ;
; b[1]       ; hex0[3]     ; 6.866 ; 6.866 ; 6.866 ; 6.866 ;
; b[1]       ; hex0[4]     ; 6.856 ; 6.856 ; 6.856 ; 6.856 ;
; b[1]       ; hex0[5]     ; 6.836 ; 6.836 ; 6.836 ; 6.836 ;
; b[1]       ; hex1[0]     ; 6.915 ; 6.915 ; 6.915 ; 6.915 ;
; b[1]       ; hex1[1]     ; 6.929 ; 6.929 ; 6.929 ; 6.929 ;
; b[1]       ; hex1[2]     ; 6.895 ; 6.895 ; 6.895 ; 6.895 ;
; b[1]       ; hex1[3]     ; 6.894 ; 6.894 ; 6.894 ; 6.894 ;
; b[1]       ; hex1[4]     ; 6.928 ; 6.928 ; 6.928 ; 6.928 ;
; b[1]       ; hex1[5]     ; 6.932 ; 6.932 ; 6.932 ; 6.932 ;
; b[1]       ; hex1[6]     ; 7.027 ; 7.027 ; 7.027 ; 7.027 ;
; b[1]       ; hex2[0]     ; 5.936 ; 5.936 ; 5.936 ; 5.936 ;
; b[1]       ; hex2[1]     ; 5.924 ; 5.924 ; 5.924 ; 5.924 ;
; b[1]       ; hex2[2]     ; 6.028 ; 6.028 ; 6.028 ; 6.028 ;
; b[1]       ; hex2[3]     ; 6.029 ; 6.029 ; 6.029 ; 6.029 ;
; b[1]       ; hex2[4]     ; 6.031 ; 6.031 ; 6.031 ; 6.031 ;
; b[1]       ; hex2[5]     ; 6.038 ; 6.038 ; 6.038 ; 6.038 ;
; b[1]       ; hex2[6]     ; 5.930 ; 5.930 ; 5.930 ; 5.930 ;
; b[2]       ; hex0[2]     ; 6.542 ; 6.542 ; 6.542 ; 6.542 ;
; b[2]       ; hex0[3]     ; 6.572 ; 6.572 ; 6.572 ; 6.572 ;
; b[2]       ; hex0[4]     ; 6.562 ; 6.562 ; 6.562 ; 6.562 ;
; b[2]       ; hex0[5]     ; 6.542 ; 6.542 ; 6.542 ; 6.542 ;
; b[2]       ; hex1[0]     ; 6.752 ; 6.752 ; 6.752 ; 6.752 ;
; b[2]       ; hex1[1]     ; 6.766 ; 6.766 ; 6.766 ; 6.766 ;
; b[2]       ; hex1[2]     ; 6.732 ; 6.732 ; 6.732 ; 6.732 ;
; b[2]       ; hex1[3]     ; 6.731 ; 6.731 ; 6.731 ; 6.731 ;
; b[2]       ; hex1[4]     ; 6.765 ; 6.765 ; 6.765 ; 6.765 ;
; b[2]       ; hex1[5]     ; 6.769 ; 6.769 ; 6.769 ; 6.769 ;
; b[2]       ; hex1[6]     ; 6.864 ; 6.864 ; 6.864 ; 6.864 ;
; b[2]       ; hex2[0]     ; 6.160 ; 6.160 ; 6.160 ; 6.160 ;
; b[2]       ; hex2[1]     ; 6.162 ; 6.162 ; 6.162 ; 6.162 ;
; b[2]       ; hex2[2]     ; 6.249 ; 6.249 ; 6.249 ; 6.249 ;
; b[2]       ; hex2[3]     ; 6.259 ; 6.259 ; 6.259 ; 6.259 ;
; b[2]       ; hex2[4]     ; 6.266 ; 6.266 ; 6.266 ; 6.266 ;
; b[2]       ; hex2[5]     ; 6.259 ; 6.259 ; 6.259 ; 6.259 ;
; b[2]       ; hex2[6]     ; 6.163 ; 6.163 ; 6.163 ; 6.163 ;
; b[3]       ; hex0[2]     ; 6.564 ; 6.564 ; 6.564 ; 6.564 ;
; b[3]       ; hex0[3]     ; 6.594 ; 6.594 ; 6.594 ; 6.594 ;
; b[3]       ; hex0[4]     ; 6.584 ; 6.584 ; 6.584 ; 6.584 ;
; b[3]       ; hex0[5]     ; 6.564 ; 6.564 ; 6.564 ; 6.564 ;
; b[3]       ; hex1[0]     ; 6.974 ; 6.974 ; 6.974 ; 6.974 ;
; b[3]       ; hex1[1]     ; 6.988 ; 6.988 ; 6.988 ; 6.988 ;
; b[3]       ; hex1[2]     ; 6.954 ; 6.954 ; 6.954 ; 6.954 ;
; b[3]       ; hex1[3]     ; 6.953 ; 6.953 ; 6.953 ; 6.953 ;
; b[3]       ; hex1[4]     ; 6.987 ; 6.987 ; 6.987 ; 6.987 ;
; b[3]       ; hex1[5]     ; 6.991 ; 6.991 ; 6.991 ; 6.991 ;
; b[3]       ; hex1[6]     ; 7.086 ; 7.086 ; 7.086 ; 7.086 ;
; b[3]       ; hex2[0]     ; 6.770 ; 6.770 ; 6.770 ; 6.770 ;
; b[3]       ; hex2[1]     ; 6.766 ; 6.766 ; 6.766 ; 6.766 ;
; b[3]       ; hex2[2]     ; 6.865 ; 6.865 ; 6.865 ; 6.865 ;
; b[3]       ; hex2[3]     ; 6.865 ; 6.865 ; 6.865 ; 6.865 ;
; b[3]       ; hex2[4]     ; 6.869 ; 6.869 ; 6.869 ; 6.869 ;
; b[3]       ; hex2[5]     ; 6.869 ; 6.869 ; 6.869 ; 6.869 ;
; b[3]       ; hex2[6]     ; 6.768 ; 6.768 ; 6.768 ; 6.768 ;
; b[4]       ; hex0[2]     ; 6.457 ; 6.457 ; 6.457 ; 6.457 ;
; b[4]       ; hex0[3]     ; 6.487 ; 6.487 ; 6.487 ; 6.487 ;
; b[4]       ; hex0[4]     ; 6.477 ; 6.477 ; 6.477 ; 6.477 ;
; b[4]       ; hex0[5]     ; 6.457 ; 6.457 ; 6.457 ; 6.457 ;
; b[4]       ; hex1[0]     ; 7.170 ; 7.170 ; 7.170 ; 7.170 ;
; b[4]       ; hex1[1]     ; 7.199 ; 7.199 ; 7.199 ; 7.199 ;
; b[4]       ; hex1[2]     ; 7.166 ; 7.166 ; 7.166 ; 7.166 ;
; b[4]       ; hex1[3]     ; 7.148 ; 7.148 ; 7.148 ; 7.148 ;
; b[4]       ; hex1[4]     ; 7.176 ; 7.176 ; 7.176 ; 7.176 ;
; b[4]       ; hex1[5]     ; 7.198 ; 7.198 ; 7.198 ; 7.198 ;
; b[4]       ; hex1[6]     ; 7.280 ; 7.280 ; 7.280 ; 7.280 ;
; b[4]       ; hex2[0]     ; 7.279 ; 7.279 ; 7.279 ; 7.279 ;
; b[4]       ; hex2[1]     ; 7.281 ; 7.281 ; 7.281 ; 7.281 ;
; b[4]       ; hex2[2]     ; 7.368 ; 7.368 ; 7.368 ; 7.368 ;
; b[4]       ; hex2[3]     ; 7.378 ; 7.378 ; 7.378 ; 7.378 ;
; b[4]       ; hex2[4]     ; 7.385 ; 7.385 ; 7.385 ; 7.385 ;
; b[4]       ; hex2[5]     ; 7.378 ; 7.378 ; 7.378 ; 7.378 ;
; b[4]       ; hex2[6]     ; 7.282 ; 7.282 ; 7.282 ; 7.282 ;
; b[5]       ; hex0[2]     ; 4.126 ; 4.155 ; 4.155 ; 4.126 ;
; b[5]       ; hex0[3]     ; 4.156 ; 4.185 ; 4.185 ; 4.156 ;
; b[5]       ; hex0[4]     ; 4.146 ; 4.175 ; 4.175 ; 4.146 ;
; b[5]       ; hex0[5]     ; 4.126 ; 4.155 ; 4.155 ; 4.126 ;
; b[5]       ; hex1[0]     ; 4.775 ; 4.864 ; 4.864 ; 4.775 ;
; b[5]       ; hex1[1]     ; 4.789 ; 4.893 ; 4.893 ; 4.789 ;
; b[5]       ; hex1[2]     ; 4.756 ; 4.756 ; 4.756 ; 4.756 ;
; b[5]       ; hex1[3]     ; 4.754 ; 4.754 ; 4.754 ; 4.754 ;
; b[5]       ; hex1[4]     ; 4.768 ; 4.870 ; 4.870 ; 4.768 ;
; b[5]       ; hex1[5]     ; 4.790 ; 4.790 ; 4.790 ; 4.790 ;
; b[5]       ; hex1[6]     ; 4.887 ; 4.887 ; 4.887 ; 4.887 ;
; b[5]       ; hex2[0]     ; 4.865 ; 4.908 ; 4.908 ; 4.865 ;
; b[5]       ; hex2[1]     ; 4.861 ; 4.904 ; 4.904 ; 4.861 ;
; b[5]       ; hex2[2]     ; 4.960 ; 4.960 ; 4.960 ; 4.960 ;
; b[5]       ; hex2[3]     ; 4.960 ; 4.960 ; 4.960 ; 4.960 ;
; b[5]       ; hex2[4]     ; 4.964 ; 5.007 ; 5.007 ; 4.964 ;
; b[5]       ; hex2[5]     ; 4.964 ; 4.964 ; 4.964 ; 4.964 ;
; b[5]       ; hex2[6]     ; 4.863 ; 4.863 ; 4.863 ; 4.863 ;
+------------+-------------+-------+-------+-------+-------+


-------------------
; Clock Transfers ;
-------------------
Nothing to report.


---------------
; Report TCCS ;
---------------
No dedicated SERDES Transmitter circuitry present in device or used in design


---------------
; Report RSKM ;
---------------
No dedicated SERDES Receiver circuitry present in device or used in design


+------------------------------------------------+
; Unconstrained Paths                            ;
+---------------------------------+-------+------+
; Property                        ; Setup ; Hold ;
+---------------------------------+-------+------+
; Illegal Clocks                  ; 0     ; 0    ;
; Unconstrained Clocks            ; 0     ; 0    ;
; Unconstrained Input Ports       ; 12    ; 12   ;
; Unconstrained Input Port Paths  ; 216   ; 216  ;
; Unconstrained Output Ports      ; 18    ; 18   ;
; Unconstrained Output Port Paths ; 216   ; 216  ;
+---------------------------------+-------+------+


+------------------------------------+
; TimeQuest Timing Analyzer Messages ;
+------------------------------------+
Info: *******************************************************************
Info: Running Quartus II 64-Bit TimeQuest Timing Analyzer
    Info: Version 13.0.0 Build 156 04/24/2013 SJ Web Edition
    Info: Processing started: Tue Oct 26 22:54:04 2021
Info: Command: quartus_sta baihai -c baihai
Info: qsta_default_script.tcl version: #1
Warning (20028): Parallel compilation is not licensed and has been disabled
Info (21077): Low junction temperature is 0 degrees C
Info (21077): High junction temperature is 85 degrees C
Critical Warning (332012): Synopsys Design Constraints File file not found: 'baihai.sdc'. A Synopsys Design Constraints File is required by the TimeQuest Timing Analyzer to get proper timing constraints. Without it, the Compiler will not properly optimize the design.
Info (332142): No user constrained base clocks found in the design. Calling "derive_clocks -period 1.0"
Info (332096): The command derive_clocks did not find any clocks to derive.  No clocks were created or changed.
Warning (332068): No clocks defined in design.
Info: Found TIMEQUEST_REPORT_SCRIPT_INCLUDE_DEFAULT_ANALYSIS = ON
Info (332159): No clocks to report
Info: Analyzing Slow Model
Info (332140): No fmax paths to report
Info (332140): No Setup paths to report
Info (332140): No Hold paths to report
Info (332140): No Recovery paths to report
Info (332140): No Removal paths to report
Info (332140): No Minimum Pulse Width paths to report
Info (332001): The selected device family is not supported by the report_metastability command.
Info: Analyzing Fast Model
Info (332142): No user constrained base clocks found in the design. Calling "derive_clocks -period 1.0"
Info (332096): The command derive_clocks did not find any clocks to derive.  No clocks were created or changed.
Warning (332068): No clocks defined in design.
Info (332140): No Setup paths to report
Info (332140): No Hold paths to report
Info (332140): No Recovery paths to report
Info (332140): No Removal paths to report
Info (332140): No Minimum Pulse Width paths to report
Info (332001): The selected device family is not supported by the report_metastability command.
Info (332102): Design is not fully constrained for setup requirements
Info (332102): Design is not fully constrained for hold requirements
Info: Quartus II 64-Bit TimeQuest Timing Analyzer was successful. 0 errors, 4 warnings
    Info: Peak virtual memory: 4542 megabytes
    Info: Processing ended: Tue Oct 26 22:54:04 2021
    Info: Elapsed time: 00:00:00
    Info: Total CPU time (on all processors): 00:00:01


