TimeQuest Timing Analyzer report for baiba
Wed Oct 27 10:26:47 2021
Quartus II 64-Bit Version 13.0.0 Build 156 04/24/2013 SJ Web Edition


---------------------
; Table of Contents ;
---------------------
  1. Legal Notice
  2. TimeQuest Timing Analyzer Summary
  3. Parallel Compilation
  4. Clocks
  5. Slow Model Fmax Summary
  6. Slow Model Setup Summary
  7. Slow Model Hold Summary
  8. Slow Model Recovery Summary
  9. Slow Model Removal Summary
 10. Slow Model Minimum Pulse Width Summary
 11. Propagation Delay
 12. Minimum Propagation Delay
 13. Fast Model Setup Summary
 14. Fast Model Hold Summary
 15. Fast Model Recovery Summary
 16. Fast Model Removal Summary
 17. Fast Model Minimum Pulse Width Summary
 18. Propagation Delay
 19. Minimum Propagation Delay
 20. Multicorner Timing Analysis Summary
 21. Progagation Delay
 22. Minimum Progagation Delay
 23. Clock Transfers
 24. Report TCCS
 25. Report RSKM
 26. Unconstrained Paths
 27. TimeQuest Timing Analyzer Messages



----------------
; Legal Notice ;
----------------
Copyright (C) 1991-2013 Altera Corporation
Your use of Altera Corporation's design tools, logic functions 
and other software and tools, and its AMPP partner logic 
functions, and any output files from any of the foregoing 
(including device programming or simulation files), and any 
associated documentation or information are expressly subject 
to the terms and conditions of the Altera Program License 
Subscription Agreement, Altera MegaCore Function License 
Agreement, or other applicable license agreement, including, 
without limitation, that your use is for the sole purpose of 
programming logic devices manufactured by Altera and sold by 
Altera or its authorized distributors.  Please refer to the 
applicable agreement for further details.



+-------------------------------------------------------------------------+
; TimeQuest Timing Analyzer Summary                                       ;
+--------------------+----------------------------------------------------+
; Quartus II Version ; Version 13.0.0 Build 156 04/24/2013 SJ Web Edition ;
; Revision Name      ; baiba                                              ;
; Device Family      ; Cyclone II                                         ;
; Device Name        ; EP2C35F672C6                                       ;
; Timing Models      ; Final                                              ;
; Delay Model        ; Combined                                           ;
; Rise/Fall Delays   ; Unavailable                                        ;
+--------------------+----------------------------------------------------+


Parallel compilation was disabled, but you have multiple processors available. Enable parallel compilation to reduce compilation time.
+-------------------------------------+
; Parallel Compilation                ;
+----------------------------+--------+
; Processors                 ; Number ;
+----------------------------+--------+
; Number detected on machine ; 8      ;
; Maximum allowed            ; 1      ;
+----------------------------+--------+


----------
; Clocks ;
----------
No clocks to report.


---------------------------
; Slow Model Fmax Summary ;
---------------------------
No paths to report.


----------------------------
; Slow Model Setup Summary ;
----------------------------
No paths to report.


---------------------------
; Slow Model Hold Summary ;
---------------------------
No paths to report.


-------------------------------
; Slow Model Recovery Summary ;
-------------------------------
No paths to report.


------------------------------
; Slow Model Removal Summary ;
------------------------------
No paths to report.


------------------------------------------
; Slow Model Minimum Pulse Width Summary ;
------------------------------------------
No paths to report.


+--------------------------------------------------------------+
; Propagation Delay                                            ;
+------------+-------------+--------+--------+--------+--------+
; Input Port ; Output Port ; RR     ; RF     ; FR     ; FF     ;
+------------+-------------+--------+--------+--------+--------+
; A[0]       ; Y[0]        ; 9.504  ;        ;        ; 9.504  ;
; A[0]       ; Y[1]        ; 9.938  ; 9.938  ; 9.938  ; 9.938  ;
; A[0]       ; Y[2]        ; 11.433 ; 11.433 ; 11.433 ; 11.433 ;
; A[0]       ; Y[3]        ; 13.206 ; 13.206 ; 13.206 ; 13.206 ;
; A[0]       ; Y[4]        ; 14.096 ; 14.096 ; 14.096 ; 14.096 ;
; A[0]       ; Y[5]        ; 14.915 ; 14.915 ; 14.915 ; 14.915 ;
; A[0]       ; Y[6]        ; 15.415 ; 15.415 ; 15.415 ; 15.415 ;
; A[0]       ; Y[7]        ; 16.780 ; 16.780 ; 16.780 ; 16.780 ;
; A[0]       ; Y[8]        ; 16.550 ; 16.550 ; 16.550 ; 16.550 ;
; A[1]       ; Y[1]        ; 10.378 ; 10.378 ; 10.378 ; 10.378 ;
; A[1]       ; Y[2]        ; 11.868 ; 11.868 ; 11.868 ; 11.868 ;
; A[1]       ; Y[3]        ; 12.905 ; 12.905 ; 12.905 ; 12.905 ;
; A[1]       ; Y[4]        ; 13.798 ; 13.798 ; 13.798 ; 13.798 ;
; A[1]       ; Y[5]        ; 14.617 ; 14.617 ; 14.617 ; 14.617 ;
; A[1]       ; Y[6]        ; 15.117 ; 15.117 ; 15.117 ; 15.117 ;
; A[1]       ; Y[7]        ; 16.482 ; 16.482 ; 16.482 ; 16.482 ;
; A[1]       ; Y[8]        ; 16.252 ; 16.252 ; 16.252 ; 16.252 ;
; A[2]       ; Y[2]        ; 11.649 ; 11.649 ; 11.649 ; 11.649 ;
; A[2]       ; Y[3]        ; 13.203 ; 13.203 ; 13.203 ; 13.203 ;
; A[2]       ; Y[4]        ; 14.093 ; 14.093 ; 14.093 ; 14.093 ;
; A[2]       ; Y[5]        ; 14.912 ; 14.912 ; 14.912 ; 14.912 ;
; A[2]       ; Y[6]        ; 15.412 ; 15.412 ; 15.412 ; 15.412 ;
; A[2]       ; Y[7]        ; 16.777 ; 16.777 ; 16.777 ; 16.777 ;
; A[2]       ; Y[8]        ; 16.547 ; 16.547 ; 16.547 ; 16.547 ;
; A[3]       ; Y[3]        ; 12.116 ; 12.116 ; 12.116 ; 12.116 ;
; A[3]       ; Y[4]        ; 13.006 ; 13.006 ; 13.006 ; 13.006 ;
; A[3]       ; Y[5]        ; 13.825 ; 13.825 ; 13.825 ; 13.825 ;
; A[3]       ; Y[6]        ; 14.325 ; 14.325 ; 14.325 ; 14.325 ;
; A[3]       ; Y[7]        ; 15.690 ; 15.690 ; 15.690 ; 15.690 ;
; A[3]       ; Y[8]        ; 15.460 ; 15.460 ; 15.460 ; 15.460 ;
; B[0]       ; Y[0]        ; 10.014 ;        ;        ; 10.014 ;
; B[0]       ; Y[1]        ; 10.319 ; 10.319 ; 10.319 ; 10.319 ;
; B[0]       ; Y[2]        ; 11.809 ; 11.809 ; 11.809 ; 11.809 ;
; B[0]       ; Y[3]        ; 13.021 ; 13.021 ; 13.021 ; 13.021 ;
; B[0]       ; Y[4]        ; 13.914 ; 13.914 ; 13.914 ; 13.914 ;
; B[0]       ; Y[5]        ; 14.733 ; 14.733 ; 14.733 ; 14.733 ;
; B[0]       ; Y[6]        ; 15.233 ; 15.233 ; 15.233 ; 15.233 ;
; B[0]       ; Y[7]        ; 16.598 ; 16.598 ; 16.598 ; 16.598 ;
; B[0]       ; Y[8]        ; 16.368 ; 16.368 ; 16.368 ; 16.368 ;
; B[1]       ; Y[1]        ; 10.751 ; 10.751 ; 10.751 ; 10.751 ;
; B[1]       ; Y[2]        ; 12.246 ; 12.246 ; 12.246 ; 12.246 ;
; B[1]       ; Y[3]        ; 13.522 ; 13.522 ; 13.522 ; 13.522 ;
; B[1]       ; Y[4]        ; 14.415 ; 14.415 ; 14.415 ; 14.415 ;
; B[1]       ; Y[5]        ; 15.234 ; 15.234 ; 15.234 ; 15.234 ;
; B[1]       ; Y[6]        ; 15.734 ; 15.734 ; 15.734 ; 15.734 ;
; B[1]       ; Y[7]        ; 17.099 ; 17.099 ; 17.099 ; 17.099 ;
; B[1]       ; Y[8]        ; 16.869 ; 16.869 ; 16.869 ; 16.869 ;
; B[2]       ; Y[2]        ; 10.875 ; 10.875 ; 10.875 ; 10.875 ;
; B[2]       ; Y[3]        ; 12.005 ; 12.005 ; 12.005 ; 12.005 ;
; B[2]       ; Y[4]        ; 12.894 ; 12.894 ; 12.894 ; 12.894 ;
; B[2]       ; Y[5]        ; 13.713 ; 13.713 ; 13.713 ; 13.713 ;
; B[2]       ; Y[6]        ; 14.213 ; 14.213 ; 14.213 ; 14.213 ;
; B[2]       ; Y[7]        ; 15.578 ; 15.578 ; 15.578 ; 15.578 ;
; B[2]       ; Y[8]        ; 15.348 ; 15.348 ; 15.348 ; 15.348 ;
; B[3]       ; Y[3]        ; 10.744 ; 10.744 ; 10.744 ; 10.744 ;
; B[3]       ; Y[4]        ; 11.668 ; 11.668 ; 11.668 ; 11.668 ;
; B[3]       ; Y[5]        ; 12.487 ; 12.487 ; 12.487 ; 12.487 ;
; B[3]       ; Y[6]        ; 12.987 ; 12.987 ; 12.987 ; 12.987 ;
; B[3]       ; Y[7]        ; 14.352 ; 14.352 ; 14.352 ; 14.352 ;
; B[3]       ; Y[8]        ; 14.122 ; 14.122 ; 14.122 ; 14.122 ;
; C[0]       ; Y[0]        ; 5.932  ;        ;        ; 5.932  ;
; C[0]       ; Y[1]        ; 6.622  ; 6.622  ; 6.622  ; 6.622  ;
; C[0]       ; Y[2]        ; 8.106  ; 8.106  ; 8.106  ; 8.106  ;
; C[0]       ; Y[3]        ; 9.629  ; 9.629  ; 9.629  ; 9.629  ;
; C[0]       ; Y[4]        ; 10.173 ; 10.173 ; 10.173 ; 10.173 ;
; C[0]       ; Y[5]        ; 11.332 ; 11.332 ; 11.332 ; 11.332 ;
; C[0]       ; Y[6]        ; 11.827 ; 11.827 ; 11.827 ; 11.827 ;
; C[0]       ; Y[7]        ; 13.192 ; 13.192 ; 13.192 ; 13.192 ;
; C[0]       ; Y[8]        ; 12.962 ; 12.962 ; 12.962 ; 12.962 ;
; C[1]       ; Y[1]        ; 10.478 ; 10.478 ; 10.478 ; 10.478 ;
; C[1]       ; Y[2]        ; 11.962 ; 11.962 ; 11.962 ; 11.962 ;
; C[1]       ; Y[3]        ; 13.045 ; 13.045 ; 13.045 ; 13.045 ;
; C[1]       ; Y[4]        ; 13.474 ; 13.474 ; 13.474 ; 13.474 ;
; C[1]       ; Y[5]        ; 14.292 ; 14.292 ; 14.292 ; 14.292 ;
; C[1]       ; Y[6]        ; 14.792 ; 14.792 ; 14.792 ; 14.792 ;
; C[1]       ; Y[7]        ; 16.157 ; 16.157 ; 16.157 ; 16.157 ;
; C[1]       ; Y[8]        ; 15.927 ; 15.927 ; 15.927 ; 15.927 ;
; C[2]       ; Y[2]        ; 11.773 ; 11.773 ; 11.773 ; 11.773 ;
; C[2]       ; Y[3]        ; 13.540 ; 13.540 ; 13.540 ; 13.540 ;
; C[2]       ; Y[4]        ; 14.084 ; 14.084 ; 14.084 ; 14.084 ;
; C[2]       ; Y[5]        ; 15.243 ; 15.243 ; 15.243 ; 15.243 ;
; C[2]       ; Y[6]        ; 15.738 ; 15.738 ; 15.738 ; 15.738 ;
; C[2]       ; Y[7]        ; 17.103 ; 17.103 ; 17.103 ; 17.103 ;
; C[2]       ; Y[8]        ; 16.873 ; 16.873 ; 16.873 ; 16.873 ;
; C[3]       ; Y[3]        ; 12.469 ; 12.469 ; 12.469 ; 12.469 ;
; C[3]       ; Y[4]        ; 12.898 ; 12.898 ; 12.898 ; 12.898 ;
; C[3]       ; Y[5]        ; 13.928 ; 13.928 ; 13.928 ; 13.928 ;
; C[3]       ; Y[6]        ; 14.423 ; 14.423 ; 14.423 ; 14.423 ;
; C[3]       ; Y[7]        ; 15.788 ; 15.788 ; 15.788 ; 15.788 ;
; C[3]       ; Y[8]        ; 15.558 ; 15.558 ; 15.558 ; 15.558 ;
; D[0]       ; Y[0]        ; 6.025  ;        ;        ; 6.025  ;
; D[0]       ; Y[1]        ; 6.849  ; 6.849  ; 6.849  ; 6.849  ;
; D[0]       ; Y[2]        ; 8.333  ; 8.333  ; 8.333  ; 8.333  ;
; D[0]       ; Y[3]        ; 9.088  ; 9.088  ; 9.088  ; 9.088  ;
; D[0]       ; Y[4]        ; 9.511  ; 9.511  ; 9.511  ; 9.511  ;
; D[0]       ; Y[5]        ; 10.606 ; 10.606 ; 10.606 ; 10.606 ;
; D[0]       ; Y[6]        ; 11.101 ; 11.101 ; 11.101 ; 11.101 ;
; D[0]       ; Y[7]        ; 12.466 ; 12.466 ; 12.466 ; 12.466 ;
; D[0]       ; Y[8]        ; 12.236 ; 12.236 ; 12.236 ; 12.236 ;
; D[1]       ; Y[1]        ; 10.674 ; 10.674 ; 10.674 ; 10.674 ;
; D[1]       ; Y[2]        ; 12.158 ; 12.158 ; 12.158 ; 12.158 ;
; D[1]       ; Y[3]        ; 13.270 ; 13.270 ; 13.270 ; 13.270 ;
; D[1]       ; Y[4]        ; 13.699 ; 13.699 ; 13.699 ; 13.699 ;
; D[1]       ; Y[5]        ; 14.517 ; 14.517 ; 14.517 ; 14.517 ;
; D[1]       ; Y[6]        ; 15.017 ; 15.017 ; 15.017 ; 15.017 ;
; D[1]       ; Y[7]        ; 16.382 ; 16.382 ; 16.382 ; 16.382 ;
; D[1]       ; Y[8]        ; 16.152 ; 16.152 ; 16.152 ; 16.152 ;
; D[2]       ; Y[2]        ; 10.668 ; 10.668 ; 10.668 ; 10.668 ;
; D[2]       ; Y[3]        ; 13.088 ; 13.088 ; 13.088 ; 13.088 ;
; D[2]       ; Y[4]        ; 13.517 ; 13.517 ; 13.517 ; 13.517 ;
; D[2]       ; Y[5]        ; 14.335 ; 14.335 ; 14.335 ; 14.335 ;
; D[2]       ; Y[6]        ; 14.835 ; 14.835 ; 14.835 ; 14.835 ;
; D[2]       ; Y[7]        ; 16.200 ; 16.200 ; 16.200 ; 16.200 ;
; D[2]       ; Y[8]        ; 15.970 ; 15.970 ; 15.970 ; 15.970 ;
; D[3]       ; Y[3]        ; 10.851 ; 10.851 ; 10.851 ; 10.851 ;
; D[3]       ; Y[4]        ; 11.849 ; 11.849 ; 11.849 ; 11.849 ;
; D[3]       ; Y[5]        ; 12.662 ; 12.662 ; 12.662 ; 12.662 ;
; D[3]       ; Y[6]        ; 13.162 ; 13.162 ; 13.162 ; 13.162 ;
; D[3]       ; Y[7]        ; 14.527 ; 14.527 ; 14.527 ; 14.527 ;
; D[3]       ; Y[8]        ; 14.297 ; 14.297 ; 14.297 ; 14.297 ;
+------------+-------------+--------+--------+--------+--------+


+--------------------------------------------------------------+
; Minimum Propagation Delay                                    ;
+------------+-------------+--------+--------+--------+--------+
; Input Port ; Output Port ; RR     ; RF     ; FR     ; FF     ;
+------------+-------------+--------+--------+--------+--------+
; A[0]       ; Y[0]        ; 9.504  ;        ;        ; 9.504  ;
; A[0]       ; Y[1]        ; 9.653  ; 9.653  ; 9.653  ; 9.653  ;
; A[0]       ; Y[2]        ; 10.437 ; 10.437 ; 10.437 ; 10.437 ;
; A[0]       ; Y[3]        ; 10.585 ; 10.585 ; 10.585 ; 10.585 ;
; A[0]       ; Y[4]        ; 10.679 ; 10.679 ; 10.679 ; 10.679 ;
; A[0]       ; Y[5]        ; 11.489 ; 11.489 ; 11.489 ; 11.489 ;
; A[0]       ; Y[6]        ; 11.667 ; 11.667 ; 11.667 ; 11.667 ;
; A[0]       ; Y[7]        ; 13.041 ; 13.041 ; 13.041 ; 13.041 ;
; A[0]       ; Y[8]        ; 12.811 ; 12.811 ; 12.811 ; 12.811 ;
; A[1]       ; Y[1]        ; 10.378 ; 10.378 ; 10.378 ; 10.378 ;
; A[1]       ; Y[2]        ; 10.959 ; 10.959 ; 10.959 ; 10.959 ;
; A[1]       ; Y[3]        ; 11.717 ; 11.717 ; 11.717 ; 11.717 ;
; A[1]       ; Y[4]        ; 12.035 ; 12.035 ; 12.035 ; 12.035 ;
; A[1]       ; Y[5]        ; 11.627 ; 11.627 ; 11.627 ; 11.627 ;
; A[1]       ; Y[6]        ; 11.805 ; 11.805 ; 11.805 ; 11.805 ;
; A[1]       ; Y[7]        ; 13.179 ; 13.179 ; 13.179 ; 13.179 ;
; A[1]       ; Y[8]        ; 12.949 ; 12.949 ; 12.949 ; 12.949 ;
; A[2]       ; Y[2]        ; 11.649 ; 11.649 ; 11.649 ; 11.649 ;
; A[2]       ; Y[3]        ; 12.407 ; 12.407 ; 12.407 ; 12.407 ;
; A[2]       ; Y[4]        ; 11.859 ; 11.859 ; 11.859 ; 11.859 ;
; A[2]       ; Y[5]        ; 10.338 ; 10.338 ; 10.338 ; 10.338 ;
; A[2]       ; Y[6]        ; 10.818 ; 10.818 ; 10.818 ; 10.818 ;
; A[2]       ; Y[7]        ; 12.192 ; 12.192 ; 12.192 ; 12.192 ;
; A[2]       ; Y[8]        ; 11.962 ; 11.962 ; 11.962 ; 11.962 ;
; A[3]       ; Y[3]        ; 12.116 ; 12.116 ; 12.116 ; 12.116 ;
; A[3]       ; Y[4]        ; 11.508 ; 11.508 ; 11.508 ; 11.508 ;
; A[3]       ; Y[5]        ; 11.169 ; 11.169 ; 11.169 ; 11.169 ;
; A[3]       ; Y[6]        ; 9.958  ; 9.958  ; 9.958  ; 9.958  ;
; A[3]       ; Y[7]        ; 10.608 ; 10.608 ; 10.608 ; 10.608 ;
; A[3]       ; Y[8]        ; 10.385 ; 11.098 ; 11.098 ; 10.385 ;
; B[0]       ; Y[0]        ; 10.014 ;        ;        ; 10.014 ;
; B[0]       ; Y[1]        ; 10.188 ; 10.188 ; 10.188 ; 10.188 ;
; B[0]       ; Y[2]        ; 10.898 ; 10.898 ; 10.898 ; 10.898 ;
; B[0]       ; Y[3]        ; 11.656 ; 11.656 ; 11.656 ; 11.656 ;
; B[0]       ; Y[4]        ; 11.938 ; 11.938 ; 11.938 ; 11.938 ;
; B[0]       ; Y[5]        ; 12.285 ; 12.285 ; 12.285 ; 12.285 ;
; B[0]       ; Y[6]        ; 11.894 ; 11.894 ; 11.894 ; 11.894 ;
; B[0]       ; Y[7]        ; 13.138 ; 13.138 ; 13.138 ; 13.138 ;
; B[0]       ; Y[8]        ; 12.915 ; 13.038 ; 13.038 ; 12.915 ;
; B[1]       ; Y[1]        ; 10.751 ; 10.751 ; 10.751 ; 10.751 ;
; B[1]       ; Y[2]        ; 12.025 ; 12.025 ; 12.025 ; 12.025 ;
; B[1]       ; Y[3]        ; 12.783 ; 12.783 ; 12.783 ; 12.783 ;
; B[1]       ; Y[4]        ; 11.773 ; 11.773 ; 11.773 ; 11.773 ;
; B[1]       ; Y[5]        ; 11.579 ; 11.579 ; 11.579 ; 11.579 ;
; B[1]       ; Y[6]        ; 11.268 ; 11.268 ; 11.268 ; 11.268 ;
; B[1]       ; Y[7]        ; 12.642 ; 12.642 ; 12.642 ; 12.642 ;
; B[1]       ; Y[8]        ; 12.412 ; 12.412 ; 12.412 ; 12.412 ;
; B[2]       ; Y[2]        ; 10.875 ; 10.875 ; 10.875 ; 10.875 ;
; B[2]       ; Y[3]        ; 11.629 ; 11.629 ; 11.629 ; 11.629 ;
; B[2]       ; Y[4]        ; 11.625 ; 11.625 ; 11.625 ; 11.625 ;
; B[2]       ; Y[5]        ; 11.122 ; 11.122 ; 11.122 ; 11.122 ;
; B[2]       ; Y[6]        ; 10.811 ; 10.811 ; 10.811 ; 10.811 ;
; B[2]       ; Y[7]        ; 12.185 ; 12.185 ; 12.185 ; 12.185 ;
; B[2]       ; Y[8]        ; 11.955 ; 11.955 ; 11.955 ; 11.955 ;
; B[3]       ; Y[3]        ; 10.744 ; 10.744 ; 10.744 ; 10.744 ;
; B[3]       ; Y[4]        ; 10.587 ; 10.587 ; 10.587 ; 10.587 ;
; B[3]       ; Y[5]        ; 10.421 ; 10.421 ; 10.421 ; 10.421 ;
; B[3]       ; Y[6]        ; 10.268 ; 10.268 ; 10.268 ; 10.268 ;
; B[3]       ; Y[7]        ; 10.771 ; 10.771 ; 10.771 ; 10.771 ;
; B[3]       ; Y[8]        ; 10.548 ; 11.408 ; 11.408 ; 10.548 ;
; C[0]       ; Y[0]        ; 5.932  ;        ;        ; 5.932  ;
; C[0]       ; Y[1]        ; 6.081  ; 6.081  ; 6.081  ; 6.081  ;
; C[0]       ; Y[2]        ; 7.303  ; 7.303  ; 7.303  ; 7.303  ;
; C[0]       ; Y[3]        ; 7.279  ; 7.279  ; 7.279  ; 7.279  ;
; C[0]       ; Y[4]        ; 7.607  ; 7.607  ; 7.607  ; 7.607  ;
; C[0]       ; Y[5]        ; 8.085  ; 8.085  ; 8.085  ; 8.085  ;
; C[0]       ; Y[6]        ; 8.399  ; 8.399  ; 8.399  ; 8.399  ;
; C[0]       ; Y[7]        ; 8.900  ; 8.900  ; 8.900  ; 8.900  ;
; C[0]       ; Y[8]        ; 8.671  ; 9.533  ; 9.533  ; 8.671  ;
; C[1]       ; Y[1]        ; 10.478 ; 10.478 ; 10.478 ; 10.478 ;
; C[1]       ; Y[2]        ; 11.829 ; 11.829 ; 11.829 ; 11.829 ;
; C[1]       ; Y[3]        ; 12.523 ; 12.523 ; 12.523 ; 12.523 ;
; C[1]       ; Y[4]        ; 11.931 ; 11.931 ; 11.931 ; 11.931 ;
; C[1]       ; Y[5]        ; 11.892 ; 11.892 ; 11.892 ; 11.892 ;
; C[1]       ; Y[6]        ; 12.206 ; 12.206 ; 12.206 ; 12.206 ;
; C[1]       ; Y[7]        ; 12.707 ; 12.707 ; 12.707 ; 12.707 ;
; C[1]       ; Y[8]        ; 12.478 ; 12.963 ; 12.963 ; 12.478 ;
; C[2]       ; Y[2]        ; 11.773 ; 11.773 ; 11.773 ; 11.773 ;
; C[2]       ; Y[3]        ; 12.529 ; 12.529 ; 12.529 ; 12.529 ;
; C[2]       ; Y[4]        ; 12.407 ; 12.407 ; 12.407 ; 12.407 ;
; C[2]       ; Y[5]        ; 11.946 ; 11.946 ; 11.946 ; 11.946 ;
; C[2]       ; Y[6]        ; 12.261 ; 12.261 ; 12.261 ; 12.261 ;
; C[2]       ; Y[7]        ; 12.762 ; 12.762 ; 12.762 ; 12.762 ;
; C[2]       ; Y[8]        ; 12.533 ; 12.823 ; 12.823 ; 12.533 ;
; C[3]       ; Y[3]        ; 12.469 ; 12.469 ; 12.469 ; 12.469 ;
; C[3]       ; Y[4]        ; 12.653 ; 12.653 ; 12.653 ; 12.653 ;
; C[3]       ; Y[5]        ; 11.935 ; 11.935 ; 11.935 ; 11.935 ;
; C[3]       ; Y[6]        ; 10.852 ; 10.852 ; 10.852 ; 10.852 ;
; C[3]       ; Y[7]        ; 11.353 ; 11.353 ; 11.353 ; 11.353 ;
; C[3]       ; Y[8]        ; 11.124 ; 11.986 ; 11.986 ; 11.124 ;
; D[0]       ; Y[0]        ; 6.025  ;        ;        ; 6.025  ;
; D[0]       ; Y[1]        ; 6.201  ; 6.201  ; 6.201  ; 6.201  ;
; D[0]       ; Y[2]        ; 7.691  ; 7.691  ; 7.691  ; 7.691  ;
; D[0]       ; Y[3]        ; 8.446  ; 8.446  ; 8.446  ; 8.446  ;
; D[0]       ; Y[4]        ; 8.801  ; 8.801  ; 8.801  ; 8.801  ;
; D[0]       ; Y[5]        ; 8.899  ; 8.899  ; 8.899  ; 8.899  ;
; D[0]       ; Y[6]        ; 8.386  ; 8.386  ; 8.386  ; 8.386  ;
; D[0]       ; Y[7]        ; 8.892  ; 8.892  ; 8.892  ; 8.892  ;
; D[0]       ; Y[8]        ; 8.663  ; 9.344  ; 9.344  ; 8.663  ;
; D[1]       ; Y[1]        ; 10.674 ; 10.674 ; 10.674 ; 10.674 ;
; D[1]       ; Y[2]        ; 12.054 ; 12.054 ; 12.054 ; 12.054 ;
; D[1]       ; Y[3]        ; 12.749 ; 12.749 ; 12.749 ; 12.749 ;
; D[1]       ; Y[4]        ; 12.886 ; 12.886 ; 12.886 ; 12.886 ;
; D[1]       ; Y[5]        ; 11.834 ; 11.834 ; 11.834 ; 11.834 ;
; D[1]       ; Y[6]        ; 12.149 ; 12.149 ; 12.149 ; 12.149 ;
; D[1]       ; Y[7]        ; 12.650 ; 12.650 ; 12.650 ; 12.650 ;
; D[1]       ; Y[8]        ; 12.421 ; 12.421 ; 12.421 ; 12.421 ;
; D[2]       ; Y[2]        ; 10.668 ; 10.668 ; 10.668 ; 10.668 ;
; D[2]       ; Y[3]        ; 11.424 ; 11.424 ; 11.424 ; 11.424 ;
; D[2]       ; Y[4]        ; 11.813 ; 11.813 ; 11.813 ; 11.813 ;
; D[2]       ; Y[5]        ; 11.520 ; 11.520 ; 11.520 ; 11.520 ;
; D[2]       ; Y[6]        ; 11.719 ; 11.719 ; 11.719 ; 11.719 ;
; D[2]       ; Y[7]        ; 12.225 ; 12.225 ; 12.225 ; 12.225 ;
; D[2]       ; Y[8]        ; 11.996 ; 12.107 ; 12.107 ; 11.996 ;
; D[3]       ; Y[3]        ; 10.851 ; 10.851 ; 10.851 ; 10.851 ;
; D[3]       ; Y[4]        ; 11.179 ; 11.179 ; 11.179 ; 11.179 ;
; D[3]       ; Y[5]        ; 11.665 ; 11.665 ; 11.665 ; 11.665 ;
; D[3]       ; Y[6]        ; 10.343 ; 10.343 ; 10.343 ; 10.343 ;
; D[3]       ; Y[7]        ; 10.845 ; 10.845 ; 10.845 ; 10.845 ;
; D[3]       ; Y[8]        ; 10.616 ; 11.477 ; 11.477 ; 10.616 ;
+------------+-------------+--------+--------+--------+--------+


----------------------------
; Fast Model Setup Summary ;
----------------------------
No paths to report.


---------------------------
; Fast Model Hold Summary ;
---------------------------
No paths to report.


-------------------------------
; Fast Model Recovery Summary ;
-------------------------------
No paths to report.


------------------------------
; Fast Model Removal Summary ;
------------------------------
No paths to report.


------------------------------------------
; Fast Model Minimum Pulse Width Summary ;
------------------------------------------
No paths to report.


+----------------------------------------------------------+
; Propagation Delay                                        ;
+------------+-------------+-------+-------+-------+-------+
; Input Port ; Output Port ; RR    ; RF    ; FR    ; FF    ;
+------------+-------------+-------+-------+-------+-------+
; A[0]       ; Y[0]        ; 5.334 ;       ;       ; 5.334 ;
; A[0]       ; Y[1]        ; 5.500 ; 5.500 ; 5.500 ; 5.500 ;
; A[0]       ; Y[2]        ; 6.152 ; 6.152 ; 6.152 ; 6.152 ;
; A[0]       ; Y[3]        ; 6.943 ; 6.943 ; 6.943 ; 6.943 ;
; A[0]       ; Y[4]        ; 7.318 ; 7.318 ; 7.318 ; 7.318 ;
; A[0]       ; Y[5]        ; 7.655 ; 7.655 ; 7.655 ; 7.655 ;
; A[0]       ; Y[6]        ; 7.878 ; 7.878 ; 7.878 ; 7.878 ;
; A[0]       ; Y[7]        ; 8.458 ; 8.458 ; 8.458 ; 8.458 ;
; A[0]       ; Y[8]        ; 8.348 ; 8.348 ; 8.348 ; 8.348 ;
; A[1]       ; Y[1]        ; 5.674 ; 5.674 ; 5.674 ; 5.674 ;
; A[1]       ; Y[2]        ; 6.328 ; 6.328 ; 6.328 ; 6.328 ;
; A[1]       ; Y[3]        ; 6.798 ; 6.798 ; 6.798 ; 6.798 ;
; A[1]       ; Y[4]        ; 7.182 ; 7.182 ; 7.182 ; 7.182 ;
; A[1]       ; Y[5]        ; 7.519 ; 7.519 ; 7.519 ; 7.519 ;
; A[1]       ; Y[6]        ; 7.742 ; 7.742 ; 7.742 ; 7.742 ;
; A[1]       ; Y[7]        ; 8.322 ; 8.322 ; 8.322 ; 8.322 ;
; A[1]       ; Y[8]        ; 8.212 ; 8.212 ; 8.212 ; 8.212 ;
; A[2]       ; Y[2]        ; 6.231 ; 6.231 ; 6.231 ; 6.231 ;
; A[2]       ; Y[3]        ; 6.931 ; 6.931 ; 6.931 ; 6.931 ;
; A[2]       ; Y[4]        ; 7.306 ; 7.306 ; 7.306 ; 7.306 ;
; A[2]       ; Y[5]        ; 7.643 ; 7.643 ; 7.643 ; 7.643 ;
; A[2]       ; Y[6]        ; 7.866 ; 7.866 ; 7.866 ; 7.866 ;
; A[2]       ; Y[7]        ; 8.446 ; 8.446 ; 8.446 ; 8.446 ;
; A[2]       ; Y[8]        ; 8.336 ; 8.336 ; 8.336 ; 8.336 ;
; A[3]       ; Y[3]        ; 6.455 ; 6.455 ; 6.455 ; 6.455 ;
; A[3]       ; Y[4]        ; 6.830 ; 6.830 ; 6.830 ; 6.830 ;
; A[3]       ; Y[5]        ; 7.167 ; 7.167 ; 7.167 ; 7.167 ;
; A[3]       ; Y[6]        ; 7.390 ; 7.390 ; 7.390 ; 7.390 ;
; A[3]       ; Y[7]        ; 7.970 ; 7.970 ; 7.970 ; 7.970 ;
; A[3]       ; Y[8]        ; 7.860 ; 7.860 ; 7.860 ; 7.860 ;
; B[0]       ; Y[0]        ; 5.573 ;       ;       ; 5.573 ;
; B[0]       ; Y[1]        ; 5.681 ; 5.681 ; 5.681 ; 5.681 ;
; B[0]       ; Y[2]        ; 6.335 ; 6.335 ; 6.335 ; 6.335 ;
; B[0]       ; Y[3]        ; 6.856 ; 6.856 ; 6.856 ; 6.856 ;
; B[0]       ; Y[4]        ; 7.240 ; 7.240 ; 7.240 ; 7.240 ;
; B[0]       ; Y[5]        ; 7.577 ; 7.577 ; 7.577 ; 7.577 ;
; B[0]       ; Y[6]        ; 7.800 ; 7.800 ; 7.800 ; 7.800 ;
; B[0]       ; Y[7]        ; 8.380 ; 8.380 ; 8.380 ; 8.380 ;
; B[0]       ; Y[8]        ; 8.270 ; 8.270 ; 8.270 ; 8.270 ;
; B[1]       ; Y[1]        ; 5.878 ; 5.878 ; 5.878 ; 5.878 ;
; B[1]       ; Y[2]        ; 6.530 ; 6.530 ; 6.530 ; 6.530 ;
; B[1]       ; Y[3]        ; 7.096 ; 7.096 ; 7.096 ; 7.096 ;
; B[1]       ; Y[4]        ; 7.480 ; 7.480 ; 7.480 ; 7.480 ;
; B[1]       ; Y[5]        ; 7.817 ; 7.817 ; 7.817 ; 7.817 ;
; B[1]       ; Y[6]        ; 8.040 ; 8.040 ; 8.040 ; 8.040 ;
; B[1]       ; Y[7]        ; 8.620 ; 8.620 ; 8.620 ; 8.620 ;
; B[1]       ; Y[8]        ; 8.510 ; 8.510 ; 8.510 ; 8.510 ;
; B[2]       ; Y[2]        ; 5.939 ; 5.939 ; 5.939 ; 5.939 ;
; B[2]       ; Y[3]        ; 6.440 ; 6.440 ; 6.440 ; 6.440 ;
; B[2]       ; Y[4]        ; 6.814 ; 6.814 ; 6.814 ; 6.814 ;
; B[2]       ; Y[5]        ; 7.151 ; 7.151 ; 7.151 ; 7.151 ;
; B[2]       ; Y[6]        ; 7.374 ; 7.374 ; 7.374 ; 7.374 ;
; B[2]       ; Y[7]        ; 7.954 ; 7.954 ; 7.954 ; 7.954 ;
; B[2]       ; Y[8]        ; 7.844 ; 7.844 ; 7.844 ; 7.844 ;
; B[3]       ; Y[3]        ; 5.873 ; 5.873 ; 5.873 ; 5.873 ;
; B[3]       ; Y[4]        ; 6.255 ; 6.255 ; 6.255 ; 6.255 ;
; B[3]       ; Y[5]        ; 6.592 ; 6.592 ; 6.592 ; 6.592 ;
; B[3]       ; Y[6]        ; 6.815 ; 6.815 ; 6.815 ; 6.815 ;
; B[3]       ; Y[7]        ; 7.395 ; 7.395 ; 7.395 ; 7.395 ;
; B[3]       ; Y[8]        ; 7.285 ; 7.285 ; 7.285 ; 7.285 ;
; C[0]       ; Y[0]        ; 3.121 ;       ;       ; 3.121 ;
; C[0]       ; Y[1]        ; 3.366 ; 3.366 ; 3.366 ; 3.366 ;
; C[0]       ; Y[2]        ; 4.019 ; 4.019 ; 4.019 ; 4.019 ;
; C[0]       ; Y[3]        ; 4.702 ; 4.702 ; 4.702 ; 4.702 ;
; C[0]       ; Y[4]        ; 4.931 ; 4.931 ; 4.931 ; 4.931 ;
; C[0]       ; Y[5]        ; 5.419 ; 5.419 ; 5.419 ; 5.419 ;
; C[0]       ; Y[6]        ; 5.639 ; 5.639 ; 5.639 ; 5.639 ;
; C[0]       ; Y[7]        ; 6.219 ; 6.219 ; 6.219 ; 6.219 ;
; C[0]       ; Y[8]        ; 6.109 ; 6.109 ; 6.109 ; 6.109 ;
; C[1]       ; Y[1]        ; 5.711 ; 5.711 ; 5.711 ; 5.711 ;
; C[1]       ; Y[2]        ; 6.364 ; 6.364 ; 6.364 ; 6.364 ;
; C[1]       ; Y[3]        ; 6.849 ; 6.849 ; 6.849 ; 6.849 ;
; C[1]       ; Y[4]        ; 7.039 ; 7.039 ; 7.039 ; 7.039 ;
; C[1]       ; Y[5]        ; 7.375 ; 7.375 ; 7.375 ; 7.375 ;
; C[1]       ; Y[6]        ; 7.598 ; 7.598 ; 7.598 ; 7.598 ;
; C[1]       ; Y[7]        ; 8.178 ; 8.178 ; 8.178 ; 8.178 ;
; C[1]       ; Y[8]        ; 8.068 ; 8.068 ; 8.068 ; 8.068 ;
; C[2]       ; Y[2]        ; 6.294 ; 6.294 ; 6.294 ; 6.294 ;
; C[2]       ; Y[3]        ; 7.088 ; 7.088 ; 7.088 ; 7.088 ;
; C[2]       ; Y[4]        ; 7.317 ; 7.317 ; 7.317 ; 7.317 ;
; C[2]       ; Y[5]        ; 7.805 ; 7.805 ; 7.805 ; 7.805 ;
; C[2]       ; Y[6]        ; 8.025 ; 8.025 ; 8.025 ; 8.025 ;
; C[2]       ; Y[7]        ; 8.605 ; 8.605 ; 8.605 ; 8.605 ;
; C[2]       ; Y[8]        ; 8.495 ; 8.495 ; 8.495 ; 8.495 ;
; C[3]       ; Y[3]        ; 6.579 ; 6.579 ; 6.579 ; 6.579 ;
; C[3]       ; Y[4]        ; 6.769 ; 6.769 ; 6.769 ; 6.769 ;
; C[3]       ; Y[5]        ; 7.212 ; 7.212 ; 7.212 ; 7.212 ;
; C[3]       ; Y[6]        ; 7.432 ; 7.432 ; 7.432 ; 7.432 ;
; C[3]       ; Y[7]        ; 8.012 ; 8.012 ; 8.012 ; 8.012 ;
; C[3]       ; Y[8]        ; 7.902 ; 7.902 ; 7.902 ; 7.902 ;
; D[0]       ; Y[0]        ; 3.153 ;       ;       ; 3.153 ;
; D[0]       ; Y[1]        ; 3.463 ; 3.463 ; 3.463 ; 3.463 ;
; D[0]       ; Y[2]        ; 4.116 ; 4.116 ; 4.116 ; 4.116 ;
; D[0]       ; Y[3]        ; 4.437 ; 4.437 ; 4.437 ; 4.437 ;
; D[0]       ; Y[4]        ; 4.626 ; 4.626 ; 4.626 ; 4.626 ;
; D[0]       ; Y[5]        ; 5.103 ; 5.103 ; 5.103 ; 5.103 ;
; D[0]       ; Y[6]        ; 5.323 ; 5.323 ; 5.323 ; 5.323 ;
; D[0]       ; Y[7]        ; 5.903 ; 5.903 ; 5.903 ; 5.903 ;
; D[0]       ; Y[8]        ; 5.793 ; 5.793 ; 5.793 ; 5.793 ;
; D[1]       ; Y[1]        ; 5.809 ; 5.809 ; 5.809 ; 5.809 ;
; D[1]       ; Y[2]        ; 6.462 ; 6.462 ; 6.462 ; 6.462 ;
; D[1]       ; Y[3]        ; 6.942 ; 6.942 ; 6.942 ; 6.942 ;
; D[1]       ; Y[4]        ; 7.132 ; 7.132 ; 7.132 ; 7.132 ;
; D[1]       ; Y[5]        ; 7.468 ; 7.468 ; 7.468 ; 7.468 ;
; D[1]       ; Y[6]        ; 7.691 ; 7.691 ; 7.691 ; 7.691 ;
; D[1]       ; Y[7]        ; 8.271 ; 8.271 ; 8.271 ; 8.271 ;
; D[1]       ; Y[8]        ; 8.161 ; 8.161 ; 8.161 ; 8.161 ;
; D[2]       ; Y[2]        ; 5.833 ; 5.833 ; 5.833 ; 5.833 ;
; D[2]       ; Y[3]        ; 6.882 ; 6.882 ; 6.882 ; 6.882 ;
; D[2]       ; Y[4]        ; 7.072 ; 7.072 ; 7.072 ; 7.072 ;
; D[2]       ; Y[5]        ; 7.408 ; 7.408 ; 7.408 ; 7.408 ;
; D[2]       ; Y[6]        ; 7.631 ; 7.631 ; 7.631 ; 7.631 ;
; D[2]       ; Y[7]        ; 8.211 ; 8.211 ; 8.211 ; 8.211 ;
; D[2]       ; Y[8]        ; 8.101 ; 8.101 ; 8.101 ; 8.101 ;
; D[3]       ; Y[3]        ; 5.908 ; 5.908 ; 5.908 ; 5.908 ;
; D[3]       ; Y[4]        ; 6.320 ; 6.320 ; 6.320 ; 6.320 ;
; D[3]       ; Y[5]        ; 6.656 ; 6.656 ; 6.656 ; 6.656 ;
; D[3]       ; Y[6]        ; 6.879 ; 6.879 ; 6.879 ; 6.879 ;
; D[3]       ; Y[7]        ; 7.459 ; 7.459 ; 7.459 ; 7.459 ;
; D[3]       ; Y[8]        ; 7.349 ; 7.349 ; 7.349 ; 7.349 ;
+------------+-------------+-------+-------+-------+-------+


+----------------------------------------------------------+
; Minimum Propagation Delay                                ;
+------------+-------------+-------+-------+-------+-------+
; Input Port ; Output Port ; RR    ; RF    ; FR    ; FF    ;
+------------+-------------+-------+-------+-------+-------+
; A[0]       ; Y[0]        ; 5.334 ;       ;       ; 5.334 ;
; A[0]       ; Y[1]        ; 5.377 ; 5.377 ; 5.377 ; 5.377 ;
; A[0]       ; Y[2]        ; 5.737 ; 5.737 ; 5.737 ; 5.737 ;
; A[0]       ; Y[3]        ; 5.829 ; 5.829 ; 5.829 ; 5.829 ;
; A[0]       ; Y[4]        ; 5.878 ; 5.878 ; 5.878 ; 5.878 ;
; A[0]       ; Y[5]        ; 6.202 ; 6.202 ; 6.202 ; 6.202 ;
; A[0]       ; Y[6]        ; 6.285 ; 6.285 ; 6.285 ; 6.285 ;
; A[0]       ; Y[7]        ; 6.874 ; 6.874 ; 6.874 ; 6.874 ;
; A[0]       ; Y[8]        ; 6.764 ; 6.764 ; 6.764 ; 6.764 ;
; A[1]       ; Y[1]        ; 5.674 ; 5.674 ; 5.674 ; 5.674 ;
; A[1]       ; Y[2]        ; 5.941 ; 5.941 ; 5.941 ; 5.941 ;
; A[1]       ; Y[3]        ; 6.264 ; 6.264 ; 6.264 ; 6.264 ;
; A[1]       ; Y[4]        ; 6.410 ; 6.410 ; 6.410 ; 6.410 ;
; A[1]       ; Y[5]        ; 6.250 ; 6.250 ; 6.250 ; 6.250 ;
; A[1]       ; Y[6]        ; 6.333 ; 6.333 ; 6.333 ; 6.333 ;
; A[1]       ; Y[7]        ; 6.922 ; 6.922 ; 6.922 ; 6.922 ;
; A[1]       ; Y[8]        ; 6.812 ; 6.812 ; 6.812 ; 6.812 ;
; A[2]       ; Y[2]        ; 6.231 ; 6.231 ; 6.231 ; 6.231 ;
; A[2]       ; Y[3]        ; 6.554 ; 6.554 ; 6.554 ; 6.554 ;
; A[2]       ; Y[4]        ; 6.338 ; 6.338 ; 6.338 ; 6.338 ;
; A[2]       ; Y[5]        ; 5.680 ; 5.680 ; 5.680 ; 5.680 ;
; A[2]       ; Y[6]        ; 5.884 ; 5.884 ; 5.884 ; 5.884 ;
; A[2]       ; Y[7]        ; 6.473 ; 6.473 ; 6.473 ; 6.473 ;
; A[2]       ; Y[8]        ; 6.363 ; 6.363 ; 6.363 ; 6.363 ;
; A[3]       ; Y[3]        ; 6.455 ; 6.455 ; 6.455 ; 6.455 ;
; A[3]       ; Y[4]        ; 6.196 ; 6.196 ; 6.196 ; 6.196 ;
; A[3]       ; Y[5]        ; 6.043 ; 6.043 ; 6.043 ; 6.043 ;
; A[3]       ; Y[6]        ; 5.530 ; 5.530 ; 5.530 ; 5.530 ;
; A[3]       ; Y[7]        ; 5.813 ; 5.813 ; 5.813 ; 5.813 ;
; A[3]       ; Y[8]        ; 5.709 ; 6.005 ; 6.005 ; 5.709 ;
; B[0]       ; Y[0]        ; 5.573 ;       ;       ; 5.573 ;
; B[0]       ; Y[1]        ; 5.605 ; 5.605 ; 5.605 ; 5.605 ;
; B[0]       ; Y[2]        ; 5.916 ; 5.916 ; 5.916 ; 5.916 ;
; B[0]       ; Y[3]        ; 6.239 ; 6.239 ; 6.239 ; 6.239 ;
; B[0]       ; Y[4]        ; 6.388 ; 6.388 ; 6.388 ; 6.388 ;
; B[0]       ; Y[5]        ; 6.516 ; 6.516 ; 6.516 ; 6.516 ;
; B[0]       ; Y[6]        ; 6.368 ; 6.368 ; 6.368 ; 6.368 ;
; B[0]       ; Y[7]        ; 6.908 ; 6.908 ; 6.908 ; 6.908 ;
; B[0]       ; Y[8]        ; 6.804 ; 6.847 ; 6.847 ; 6.804 ;
; B[1]       ; Y[1]        ; 5.878 ; 5.878 ; 5.878 ; 5.878 ;
; B[1]       ; Y[2]        ; 6.409 ; 6.409 ; 6.409 ; 6.409 ;
; B[1]       ; Y[3]        ; 6.732 ; 6.732 ; 6.732 ; 6.732 ;
; B[1]       ; Y[4]        ; 6.325 ; 6.325 ; 6.325 ; 6.325 ;
; B[1]       ; Y[5]        ; 6.221 ; 6.221 ; 6.221 ; 6.221 ;
; B[1]       ; Y[6]        ; 6.094 ; 6.094 ; 6.094 ; 6.094 ;
; B[1]       ; Y[7]        ; 6.683 ; 6.683 ; 6.683 ; 6.683 ;
; B[1]       ; Y[8]        ; 6.573 ; 6.573 ; 6.573 ; 6.573 ;
; B[2]       ; Y[2]        ; 5.939 ; 5.939 ; 5.939 ; 5.939 ;
; B[2]       ; Y[3]        ; 6.262 ; 6.262 ; 6.262 ; 6.262 ;
; B[2]       ; Y[4]        ; 6.252 ; 6.252 ; 6.252 ; 6.252 ;
; B[2]       ; Y[5]        ; 6.028 ; 6.028 ; 6.028 ; 6.028 ;
; B[2]       ; Y[6]        ; 5.901 ; 5.901 ; 5.901 ; 5.901 ;
; B[2]       ; Y[7]        ; 6.490 ; 6.490 ; 6.490 ; 6.490 ;
; B[2]       ; Y[8]        ; 6.380 ; 6.380 ; 6.380 ; 6.380 ;
; B[3]       ; Y[3]        ; 5.873 ; 5.873 ; 5.873 ; 5.873 ;
; B[3]       ; Y[4]        ; 5.828 ; 5.828 ; 5.828 ; 5.828 ;
; B[3]       ; Y[5]        ; 5.718 ; 5.718 ; 5.718 ; 5.718 ;
; B[3]       ; Y[6]        ; 5.671 ; 5.671 ; 5.671 ; 5.671 ;
; B[3]       ; Y[7]        ; 5.879 ; 5.879 ; 5.879 ; 5.879 ;
; B[3]       ; Y[8]        ; 5.775 ; 6.146 ; 6.146 ; 5.775 ;
; C[0]       ; Y[0]        ; 3.121 ;       ;       ; 3.121 ;
; C[0]       ; Y[1]        ; 3.139 ; 3.139 ; 3.139 ; 3.139 ;
; C[0]       ; Y[2]        ; 3.695 ; 3.695 ; 3.695 ; 3.695 ;
; C[0]       ; Y[3]        ; 3.685 ; 3.685 ; 3.685 ; 3.685 ;
; C[0]       ; Y[4]        ; 3.823 ; 3.823 ; 3.823 ; 3.823 ;
; C[0]       ; Y[5]        ; 4.045 ; 4.045 ; 4.045 ; 4.045 ;
; C[0]       ; Y[6]        ; 4.181 ; 4.181 ; 4.181 ; 4.181 ;
; C[0]       ; Y[7]        ; 4.405 ; 4.405 ; 4.405 ; 4.405 ;
; C[0]       ; Y[8]        ; 4.296 ; 4.648 ; 4.648 ; 4.296 ;
; C[1]       ; Y[1]        ; 5.711 ; 5.711 ; 5.711 ; 5.711 ;
; C[1]       ; Y[2]        ; 6.318 ; 6.318 ; 6.318 ; 6.318 ;
; C[1]       ; Y[3]        ; 6.626 ; 6.626 ; 6.626 ; 6.626 ;
; C[1]       ; Y[4]        ; 6.366 ; 6.366 ; 6.366 ; 6.366 ;
; C[1]       ; Y[5]        ; 6.355 ; 6.355 ; 6.355 ; 6.355 ;
; C[1]       ; Y[6]        ; 6.491 ; 6.491 ; 6.491 ; 6.491 ;
; C[1]       ; Y[7]        ; 6.715 ; 6.715 ; 6.715 ; 6.715 ;
; C[1]       ; Y[8]        ; 6.606 ; 6.803 ; 6.803 ; 6.606 ;
; C[2]       ; Y[2]        ; 6.294 ; 6.294 ; 6.294 ; 6.294 ;
; C[2]       ; Y[3]        ; 6.618 ; 6.618 ; 6.618 ; 6.618 ;
; C[2]       ; Y[4]        ; 6.579 ; 6.579 ; 6.579 ; 6.579 ;
; C[2]       ; Y[5]        ; 6.405 ; 6.405 ; 6.405 ; 6.405 ;
; C[2]       ; Y[6]        ; 6.540 ; 6.540 ; 6.540 ; 6.540 ;
; C[2]       ; Y[7]        ; 6.764 ; 6.764 ; 6.764 ; 6.764 ;
; C[2]       ; Y[8]        ; 6.655 ; 6.771 ; 6.771 ; 6.655 ;
; C[3]       ; Y[3]        ; 6.579 ; 6.579 ; 6.579 ; 6.579 ;
; C[3]       ; Y[4]        ; 6.669 ; 6.669 ; 6.669 ; 6.669 ;
; C[3]       ; Y[5]        ; 6.369 ; 6.369 ; 6.369 ; 6.369 ;
; C[3]       ; Y[6]        ; 5.909 ; 5.909 ; 5.909 ; 5.909 ;
; C[3]       ; Y[7]        ; 6.130 ; 6.130 ; 6.130 ; 6.130 ;
; C[3]       ; Y[8]        ; 6.021 ; 6.376 ; 6.376 ; 6.021 ;
; D[0]       ; Y[0]        ; 3.153 ;       ;       ; 3.153 ;
; D[0]       ; Y[1]        ; 3.195 ; 3.195 ; 3.195 ; 3.195 ;
; D[0]       ; Y[2]        ; 3.849 ; 3.849 ; 3.849 ; 3.849 ;
; D[0]       ; Y[3]        ; 4.170 ; 4.170 ; 4.170 ; 4.170 ;
; D[0]       ; Y[4]        ; 4.320 ; 4.320 ; 4.320 ; 4.320 ;
; D[0]       ; Y[5]        ; 4.379 ; 4.379 ; 4.379 ; 4.379 ;
; D[0]       ; Y[6]        ; 4.154 ; 4.154 ; 4.154 ; 4.154 ;
; D[0]       ; Y[7]        ; 4.379 ; 4.379 ; 4.379 ; 4.379 ;
; D[0]       ; Y[8]        ; 4.270 ; 4.562 ; 4.562 ; 4.270 ;
; D[1]       ; Y[1]        ; 5.809 ; 5.809 ; 5.809 ; 5.809 ;
; D[1]       ; Y[2]        ; 6.411 ; 6.411 ; 6.411 ; 6.411 ;
; D[1]       ; Y[3]        ; 6.719 ; 6.719 ; 6.719 ; 6.719 ;
; D[1]       ; Y[4]        ; 6.778 ; 6.778 ; 6.778 ; 6.778 ;
; D[1]       ; Y[5]        ; 6.325 ; 6.325 ; 6.325 ; 6.325 ;
; D[1]       ; Y[6]        ; 6.461 ; 6.461 ; 6.461 ; 6.461 ;
; D[1]       ; Y[7]        ; 6.685 ; 6.685 ; 6.685 ; 6.685 ;
; D[1]       ; Y[8]        ; 6.576 ; 6.576 ; 6.576 ; 6.576 ;
; D[2]       ; Y[2]        ; 5.833 ; 5.833 ; 5.833 ; 5.833 ;
; D[2]       ; Y[3]        ; 6.157 ; 6.157 ; 6.157 ; 6.157 ;
; D[2]       ; Y[4]        ; 6.335 ; 6.335 ; 6.335 ; 6.335 ;
; D[2]       ; Y[5]        ; 6.189 ; 6.189 ; 6.189 ; 6.189 ;
; D[2]       ; Y[6]        ; 6.287 ; 6.287 ; 6.287 ; 6.287 ;
; D[2]       ; Y[7]        ; 6.512 ; 6.512 ; 6.512 ; 6.512 ;
; D[2]       ; Y[8]        ; 6.403 ; 6.440 ; 6.440 ; 6.403 ;
; D[3]       ; Y[3]        ; 5.908 ; 5.908 ; 5.908 ; 5.908 ;
; D[3]       ; Y[4]        ; 6.046 ; 6.046 ; 6.046 ; 6.046 ;
; D[3]       ; Y[5]        ; 6.247 ; 6.247 ; 6.247 ; 6.247 ;
; D[3]       ; Y[6]        ; 5.699 ; 5.699 ; 5.699 ; 5.699 ;
; D[3]       ; Y[7]        ; 5.919 ; 5.919 ; 5.919 ; 5.919 ;
; D[3]       ; Y[8]        ; 5.810 ; 6.166 ; 6.166 ; 5.810 ;
+------------+-------------+-------+-------+-------+-------+


+----------------------------------------------------------------------------+
; Multicorner Timing Analysis Summary                                        ;
+------------------+-------+------+----------+---------+---------------------+
; Clock            ; Setup ; Hold ; Recovery ; Removal ; Minimum Pulse Width ;
+------------------+-------+------+----------+---------+---------------------+
; Worst-case Slack ; N/A   ; N/A  ; N/A      ; N/A     ; N/A                 ;
; Design-wide TNS  ; 0.0   ; 0.0  ; 0.0      ; 0.0     ; 0.0                 ;
+------------------+-------+------+----------+---------+---------------------+


+--------------------------------------------------------------+
; Progagation Delay                                            ;
+------------+-------------+--------+--------+--------+--------+
; Input Port ; Output Port ; RR     ; RF     ; FR     ; FF     ;
+------------+-------------+--------+--------+--------+--------+
; A[0]       ; Y[0]        ; 9.504  ;        ;        ; 9.504  ;
; A[0]       ; Y[1]        ; 9.938  ; 9.938  ; 9.938  ; 9.938  ;
; A[0]       ; Y[2]        ; 11.433 ; 11.433 ; 11.433 ; 11.433 ;
; A[0]       ; Y[3]        ; 13.206 ; 13.206 ; 13.206 ; 13.206 ;
; A[0]       ; Y[4]        ; 14.096 ; 14.096 ; 14.096 ; 14.096 ;
; A[0]       ; Y[5]        ; 14.915 ; 14.915 ; 14.915 ; 14.915 ;
; A[0]       ; Y[6]        ; 15.415 ; 15.415 ; 15.415 ; 15.415 ;
; A[0]       ; Y[7]        ; 16.780 ; 16.780 ; 16.780 ; 16.780 ;
; A[0]       ; Y[8]        ; 16.550 ; 16.550 ; 16.550 ; 16.550 ;
; A[1]       ; Y[1]        ; 10.378 ; 10.378 ; 10.378 ; 10.378 ;
; A[1]       ; Y[2]        ; 11.868 ; 11.868 ; 11.868 ; 11.868 ;
; A[1]       ; Y[3]        ; 12.905 ; 12.905 ; 12.905 ; 12.905 ;
; A[1]       ; Y[4]        ; 13.798 ; 13.798 ; 13.798 ; 13.798 ;
; A[1]       ; Y[5]        ; 14.617 ; 14.617 ; 14.617 ; 14.617 ;
; A[1]       ; Y[6]        ; 15.117 ; 15.117 ; 15.117 ; 15.117 ;
; A[1]       ; Y[7]        ; 16.482 ; 16.482 ; 16.482 ; 16.482 ;
; A[1]       ; Y[8]        ; 16.252 ; 16.252 ; 16.252 ; 16.252 ;
; A[2]       ; Y[2]        ; 11.649 ; 11.649 ; 11.649 ; 11.649 ;
; A[2]       ; Y[3]        ; 13.203 ; 13.203 ; 13.203 ; 13.203 ;
; A[2]       ; Y[4]        ; 14.093 ; 14.093 ; 14.093 ; 14.093 ;
; A[2]       ; Y[5]        ; 14.912 ; 14.912 ; 14.912 ; 14.912 ;
; A[2]       ; Y[6]        ; 15.412 ; 15.412 ; 15.412 ; 15.412 ;
; A[2]       ; Y[7]        ; 16.777 ; 16.777 ; 16.777 ; 16.777 ;
; A[2]       ; Y[8]        ; 16.547 ; 16.547 ; 16.547 ; 16.547 ;
; A[3]       ; Y[3]        ; 12.116 ; 12.116 ; 12.116 ; 12.116 ;
; A[3]       ; Y[4]        ; 13.006 ; 13.006 ; 13.006 ; 13.006 ;
; A[3]       ; Y[5]        ; 13.825 ; 13.825 ; 13.825 ; 13.825 ;
; A[3]       ; Y[6]        ; 14.325 ; 14.325 ; 14.325 ; 14.325 ;
; A[3]       ; Y[7]        ; 15.690 ; 15.690 ; 15.690 ; 15.690 ;
; A[3]       ; Y[8]        ; 15.460 ; 15.460 ; 15.460 ; 15.460 ;
; B[0]       ; Y[0]        ; 10.014 ;        ;        ; 10.014 ;
; B[0]       ; Y[1]        ; 10.319 ; 10.319 ; 10.319 ; 10.319 ;
; B[0]       ; Y[2]        ; 11.809 ; 11.809 ; 11.809 ; 11.809 ;
; B[0]       ; Y[3]        ; 13.021 ; 13.021 ; 13.021 ; 13.021 ;
; B[0]       ; Y[4]        ; 13.914 ; 13.914 ; 13.914 ; 13.914 ;
; B[0]       ; Y[5]        ; 14.733 ; 14.733 ; 14.733 ; 14.733 ;
; B[0]       ; Y[6]        ; 15.233 ; 15.233 ; 15.233 ; 15.233 ;
; B[0]       ; Y[7]        ; 16.598 ; 16.598 ; 16.598 ; 16.598 ;
; B[0]       ; Y[8]        ; 16.368 ; 16.368 ; 16.368 ; 16.368 ;
; B[1]       ; Y[1]        ; 10.751 ; 10.751 ; 10.751 ; 10.751 ;
; B[1]       ; Y[2]        ; 12.246 ; 12.246 ; 12.246 ; 12.246 ;
; B[1]       ; Y[3]        ; 13.522 ; 13.522 ; 13.522 ; 13.522 ;
; B[1]       ; Y[4]        ; 14.415 ; 14.415 ; 14.415 ; 14.415 ;
; B[1]       ; Y[5]        ; 15.234 ; 15.234 ; 15.234 ; 15.234 ;
; B[1]       ; Y[6]        ; 15.734 ; 15.734 ; 15.734 ; 15.734 ;
; B[1]       ; Y[7]        ; 17.099 ; 17.099 ; 17.099 ; 17.099 ;
; B[1]       ; Y[8]        ; 16.869 ; 16.869 ; 16.869 ; 16.869 ;
; B[2]       ; Y[2]        ; 10.875 ; 10.875 ; 10.875 ; 10.875 ;
; B[2]       ; Y[3]        ; 12.005 ; 12.005 ; 12.005 ; 12.005 ;
; B[2]       ; Y[4]        ; 12.894 ; 12.894 ; 12.894 ; 12.894 ;
; B[2]       ; Y[5]        ; 13.713 ; 13.713 ; 13.713 ; 13.713 ;
; B[2]       ; Y[6]        ; 14.213 ; 14.213 ; 14.213 ; 14.213 ;
; B[2]       ; Y[7]        ; 15.578 ; 15.578 ; 15.578 ; 15.578 ;
; B[2]       ; Y[8]        ; 15.348 ; 15.348 ; 15.348 ; 15.348 ;
; B[3]       ; Y[3]        ; 10.744 ; 10.744 ; 10.744 ; 10.744 ;
; B[3]       ; Y[4]        ; 11.668 ; 11.668 ; 11.668 ; 11.668 ;
; B[3]       ; Y[5]        ; 12.487 ; 12.487 ; 12.487 ; 12.487 ;
; B[3]       ; Y[6]        ; 12.987 ; 12.987 ; 12.987 ; 12.987 ;
; B[3]       ; Y[7]        ; 14.352 ; 14.352 ; 14.352 ; 14.352 ;
; B[3]       ; Y[8]        ; 14.122 ; 14.122 ; 14.122 ; 14.122 ;
; C[0]       ; Y[0]        ; 5.932  ;        ;        ; 5.932  ;
; C[0]       ; Y[1]        ; 6.622  ; 6.622  ; 6.622  ; 6.622  ;
; C[0]       ; Y[2]        ; 8.106  ; 8.106  ; 8.106  ; 8.106  ;
; C[0]       ; Y[3]        ; 9.629  ; 9.629  ; 9.629  ; 9.629  ;
; C[0]       ; Y[4]        ; 10.173 ; 10.173 ; 10.173 ; 10.173 ;
; C[0]       ; Y[5]        ; 11.332 ; 11.332 ; 11.332 ; 11.332 ;
; C[0]       ; Y[6]        ; 11.827 ; 11.827 ; 11.827 ; 11.827 ;
; C[0]       ; Y[7]        ; 13.192 ; 13.192 ; 13.192 ; 13.192 ;
; C[0]       ; Y[8]        ; 12.962 ; 12.962 ; 12.962 ; 12.962 ;
; C[1]       ; Y[1]        ; 10.478 ; 10.478 ; 10.478 ; 10.478 ;
; C[1]       ; Y[2]        ; 11.962 ; 11.962 ; 11.962 ; 11.962 ;
; C[1]       ; Y[3]        ; 13.045 ; 13.045 ; 13.045 ; 13.045 ;
; C[1]       ; Y[4]        ; 13.474 ; 13.474 ; 13.474 ; 13.474 ;
; C[1]       ; Y[5]        ; 14.292 ; 14.292 ; 14.292 ; 14.292 ;
; C[1]       ; Y[6]        ; 14.792 ; 14.792 ; 14.792 ; 14.792 ;
; C[1]       ; Y[7]        ; 16.157 ; 16.157 ; 16.157 ; 16.157 ;
; C[1]       ; Y[8]        ; 15.927 ; 15.927 ; 15.927 ; 15.927 ;
; C[2]       ; Y[2]        ; 11.773 ; 11.773 ; 11.773 ; 11.773 ;
; C[2]       ; Y[3]        ; 13.540 ; 13.540 ; 13.540 ; 13.540 ;
; C[2]       ; Y[4]        ; 14.084 ; 14.084 ; 14.084 ; 14.084 ;
; C[2]       ; Y[5]        ; 15.243 ; 15.243 ; 15.243 ; 15.243 ;
; C[2]       ; Y[6]        ; 15.738 ; 15.738 ; 15.738 ; 15.738 ;
; C[2]       ; Y[7]        ; 17.103 ; 17.103 ; 17.103 ; 17.103 ;
; C[2]       ; Y[8]        ; 16.873 ; 16.873 ; 16.873 ; 16.873 ;
; C[3]       ; Y[3]        ; 12.469 ; 12.469 ; 12.469 ; 12.469 ;
; C[3]       ; Y[4]        ; 12.898 ; 12.898 ; 12.898 ; 12.898 ;
; C[3]       ; Y[5]        ; 13.928 ; 13.928 ; 13.928 ; 13.928 ;
; C[3]       ; Y[6]        ; 14.423 ; 14.423 ; 14.423 ; 14.423 ;
; C[3]       ; Y[7]        ; 15.788 ; 15.788 ; 15.788 ; 15.788 ;
; C[3]       ; Y[8]        ; 15.558 ; 15.558 ; 15.558 ; 15.558 ;
; D[0]       ; Y[0]        ; 6.025  ;        ;        ; 6.025  ;
; D[0]       ; Y[1]        ; 6.849  ; 6.849  ; 6.849  ; 6.849  ;
; D[0]       ; Y[2]        ; 8.333  ; 8.333  ; 8.333  ; 8.333  ;
; D[0]       ; Y[3]        ; 9.088  ; 9.088  ; 9.088  ; 9.088  ;
; D[0]       ; Y[4]        ; 9.511  ; 9.511  ; 9.511  ; 9.511  ;
; D[0]       ; Y[5]        ; 10.606 ; 10.606 ; 10.606 ; 10.606 ;
; D[0]       ; Y[6]        ; 11.101 ; 11.101 ; 11.101 ; 11.101 ;
; D[0]       ; Y[7]        ; 12.466 ; 12.466 ; 12.466 ; 12.466 ;
; D[0]       ; Y[8]        ; 12.236 ; 12.236 ; 12.236 ; 12.236 ;
; D[1]       ; Y[1]        ; 10.674 ; 10.674 ; 10.674 ; 10.674 ;
; D[1]       ; Y[2]        ; 12.158 ; 12.158 ; 12.158 ; 12.158 ;
; D[1]       ; Y[3]        ; 13.270 ; 13.270 ; 13.270 ; 13.270 ;
; D[1]       ; Y[4]        ; 13.699 ; 13.699 ; 13.699 ; 13.699 ;
; D[1]       ; Y[5]        ; 14.517 ; 14.517 ; 14.517 ; 14.517 ;
; D[1]       ; Y[6]        ; 15.017 ; 15.017 ; 15.017 ; 15.017 ;
; D[1]       ; Y[7]        ; 16.382 ; 16.382 ; 16.382 ; 16.382 ;
; D[1]       ; Y[8]        ; 16.152 ; 16.152 ; 16.152 ; 16.152 ;
; D[2]       ; Y[2]        ; 10.668 ; 10.668 ; 10.668 ; 10.668 ;
; D[2]       ; Y[3]        ; 13.088 ; 13.088 ; 13.088 ; 13.088 ;
; D[2]       ; Y[4]        ; 13.517 ; 13.517 ; 13.517 ; 13.517 ;
; D[2]       ; Y[5]        ; 14.335 ; 14.335 ; 14.335 ; 14.335 ;
; D[2]       ; Y[6]        ; 14.835 ; 14.835 ; 14.835 ; 14.835 ;
; D[2]       ; Y[7]        ; 16.200 ; 16.200 ; 16.200 ; 16.200 ;
; D[2]       ; Y[8]        ; 15.970 ; 15.970 ; 15.970 ; 15.970 ;
; D[3]       ; Y[3]        ; 10.851 ; 10.851 ; 10.851 ; 10.851 ;
; D[3]       ; Y[4]        ; 11.849 ; 11.849 ; 11.849 ; 11.849 ;
; D[3]       ; Y[5]        ; 12.662 ; 12.662 ; 12.662 ; 12.662 ;
; D[3]       ; Y[6]        ; 13.162 ; 13.162 ; 13.162 ; 13.162 ;
; D[3]       ; Y[7]        ; 14.527 ; 14.527 ; 14.527 ; 14.527 ;
; D[3]       ; Y[8]        ; 14.297 ; 14.297 ; 14.297 ; 14.297 ;
+------------+-------------+--------+--------+--------+--------+


+----------------------------------------------------------+
; Minimum Progagation Delay                                ;
+------------+-------------+-------+-------+-------+-------+
; Input Port ; Output Port ; RR    ; RF    ; FR    ; FF    ;
+------------+-------------+-------+-------+-------+-------+
; A[0]       ; Y[0]        ; 5.334 ;       ;       ; 5.334 ;
; A[0]       ; Y[1]        ; 5.377 ; 5.377 ; 5.377 ; 5.377 ;
; A[0]       ; Y[2]        ; 5.737 ; 5.737 ; 5.737 ; 5.737 ;
; A[0]       ; Y[3]        ; 5.829 ; 5.829 ; 5.829 ; 5.829 ;
; A[0]       ; Y[4]        ; 5.878 ; 5.878 ; 5.878 ; 5.878 ;
; A[0]       ; Y[5]        ; 6.202 ; 6.202 ; 6.202 ; 6.202 ;
; A[0]       ; Y[6]        ; 6.285 ; 6.285 ; 6.285 ; 6.285 ;
; A[0]       ; Y[7]        ; 6.874 ; 6.874 ; 6.874 ; 6.874 ;
; A[0]       ; Y[8]        ; 6.764 ; 6.764 ; 6.764 ; 6.764 ;
; A[1]       ; Y[1]        ; 5.674 ; 5.674 ; 5.674 ; 5.674 ;
; A[1]       ; Y[2]        ; 5.941 ; 5.941 ; 5.941 ; 5.941 ;
; A[1]       ; Y[3]        ; 6.264 ; 6.264 ; 6.264 ; 6.264 ;
; A[1]       ; Y[4]        ; 6.410 ; 6.410 ; 6.410 ; 6.410 ;
; A[1]       ; Y[5]        ; 6.250 ; 6.250 ; 6.250 ; 6.250 ;
; A[1]       ; Y[6]        ; 6.333 ; 6.333 ; 6.333 ; 6.333 ;
; A[1]       ; Y[7]        ; 6.922 ; 6.922 ; 6.922 ; 6.922 ;
; A[1]       ; Y[8]        ; 6.812 ; 6.812 ; 6.812 ; 6.812 ;
; A[2]       ; Y[2]        ; 6.231 ; 6.231 ; 6.231 ; 6.231 ;
; A[2]       ; Y[3]        ; 6.554 ; 6.554 ; 6.554 ; 6.554 ;
; A[2]       ; Y[4]        ; 6.338 ; 6.338 ; 6.338 ; 6.338 ;
; A[2]       ; Y[5]        ; 5.680 ; 5.680 ; 5.680 ; 5.680 ;
; A[2]       ; Y[6]        ; 5.884 ; 5.884 ; 5.884 ; 5.884 ;
; A[2]       ; Y[7]        ; 6.473 ; 6.473 ; 6.473 ; 6.473 ;
; A[2]       ; Y[8]        ; 6.363 ; 6.363 ; 6.363 ; 6.363 ;
; A[3]       ; Y[3]        ; 6.455 ; 6.455 ; 6.455 ; 6.455 ;
; A[3]       ; Y[4]        ; 6.196 ; 6.196 ; 6.196 ; 6.196 ;
; A[3]       ; Y[5]        ; 6.043 ; 6.043 ; 6.043 ; 6.043 ;
; A[3]       ; Y[6]        ; 5.530 ; 5.530 ; 5.530 ; 5.530 ;
; A[3]       ; Y[7]        ; 5.813 ; 5.813 ; 5.813 ; 5.813 ;
; A[3]       ; Y[8]        ; 5.709 ; 6.005 ; 6.005 ; 5.709 ;
; B[0]       ; Y[0]        ; 5.573 ;       ;       ; 5.573 ;
; B[0]       ; Y[1]        ; 5.605 ; 5.605 ; 5.605 ; 5.605 ;
; B[0]       ; Y[2]        ; 5.916 ; 5.916 ; 5.916 ; 5.916 ;
; B[0]       ; Y[3]        ; 6.239 ; 6.239 ; 6.239 ; 6.239 ;
; B[0]       ; Y[4]        ; 6.388 ; 6.388 ; 6.388 ; 6.388 ;
; B[0]       ; Y[5]        ; 6.516 ; 6.516 ; 6.516 ; 6.516 ;
; B[0]       ; Y[6]        ; 6.368 ; 6.368 ; 6.368 ; 6.368 ;
; B[0]       ; Y[7]        ; 6.908 ; 6.908 ; 6.908 ; 6.908 ;
; B[0]       ; Y[8]        ; 6.804 ; 6.847 ; 6.847 ; 6.804 ;
; B[1]       ; Y[1]        ; 5.878 ; 5.878 ; 5.878 ; 5.878 ;
; B[1]       ; Y[2]        ; 6.409 ; 6.409 ; 6.409 ; 6.409 ;
; B[1]       ; Y[3]        ; 6.732 ; 6.732 ; 6.732 ; 6.732 ;
; B[1]       ; Y[4]        ; 6.325 ; 6.325 ; 6.325 ; 6.325 ;
; B[1]       ; Y[5]        ; 6.221 ; 6.221 ; 6.221 ; 6.221 ;
; B[1]       ; Y[6]        ; 6.094 ; 6.094 ; 6.094 ; 6.094 ;
; B[1]       ; Y[7]        ; 6.683 ; 6.683 ; 6.683 ; 6.683 ;
; B[1]       ; Y[8]        ; 6.573 ; 6.573 ; 6.573 ; 6.573 ;
; B[2]       ; Y[2]        ; 5.939 ; 5.939 ; 5.939 ; 5.939 ;
; B[2]       ; Y[3]        ; 6.262 ; 6.262 ; 6.262 ; 6.262 ;
; B[2]       ; Y[4]        ; 6.252 ; 6.252 ; 6.252 ; 6.252 ;
; B[2]       ; Y[5]        ; 6.028 ; 6.028 ; 6.028 ; 6.028 ;
; B[2]       ; Y[6]        ; 5.901 ; 5.901 ; 5.901 ; 5.901 ;
; B[2]       ; Y[7]        ; 6.490 ; 6.490 ; 6.490 ; 6.490 ;
; B[2]       ; Y[8]        ; 6.380 ; 6.380 ; 6.380 ; 6.380 ;
; B[3]       ; Y[3]        ; 5.873 ; 5.873 ; 5.873 ; 5.873 ;
; B[3]       ; Y[4]        ; 5.828 ; 5.828 ; 5.828 ; 5.828 ;
; B[3]       ; Y[5]        ; 5.718 ; 5.718 ; 5.718 ; 5.718 ;
; B[3]       ; Y[6]        ; 5.671 ; 5.671 ; 5.671 ; 5.671 ;
; B[3]       ; Y[7]        ; 5.879 ; 5.879 ; 5.879 ; 5.879 ;
; B[3]       ; Y[8]        ; 5.775 ; 6.146 ; 6.146 ; 5.775 ;
; C[0]       ; Y[0]        ; 3.121 ;       ;       ; 3.121 ;
; C[0]       ; Y[1]        ; 3.139 ; 3.139 ; 3.139 ; 3.139 ;
; C[0]       ; Y[2]        ; 3.695 ; 3.695 ; 3.695 ; 3.695 ;
; C[0]       ; Y[3]        ; 3.685 ; 3.685 ; 3.685 ; 3.685 ;
; C[0]       ; Y[4]        ; 3.823 ; 3.823 ; 3.823 ; 3.823 ;
; C[0]       ; Y[5]        ; 4.045 ; 4.045 ; 4.045 ; 4.045 ;
; C[0]       ; Y[6]        ; 4.181 ; 4.181 ; 4.181 ; 4.181 ;
; C[0]       ; Y[7]        ; 4.405 ; 4.405 ; 4.405 ; 4.405 ;
; C[0]       ; Y[8]        ; 4.296 ; 4.648 ; 4.648 ; 4.296 ;
; C[1]       ; Y[1]        ; 5.711 ; 5.711 ; 5.711 ; 5.711 ;
; C[1]       ; Y[2]        ; 6.318 ; 6.318 ; 6.318 ; 6.318 ;
; C[1]       ; Y[3]        ; 6.626 ; 6.626 ; 6.626 ; 6.626 ;
; C[1]       ; Y[4]        ; 6.366 ; 6.366 ; 6.366 ; 6.366 ;
; C[1]       ; Y[5]        ; 6.355 ; 6.355 ; 6.355 ; 6.355 ;
; C[1]       ; Y[6]        ; 6.491 ; 6.491 ; 6.491 ; 6.491 ;
; C[1]       ; Y[7]        ; 6.715 ; 6.715 ; 6.715 ; 6.715 ;
; C[1]       ; Y[8]        ; 6.606 ; 6.803 ; 6.803 ; 6.606 ;
; C[2]       ; Y[2]        ; 6.294 ; 6.294 ; 6.294 ; 6.294 ;
; C[2]       ; Y[3]        ; 6.618 ; 6.618 ; 6.618 ; 6.618 ;
; C[2]       ; Y[4]        ; 6.579 ; 6.579 ; 6.579 ; 6.579 ;
; C[2]       ; Y[5]        ; 6.405 ; 6.405 ; 6.405 ; 6.405 ;
; C[2]       ; Y[6]        ; 6.540 ; 6.540 ; 6.540 ; 6.540 ;
; C[2]       ; Y[7]        ; 6.764 ; 6.764 ; 6.764 ; 6.764 ;
; C[2]       ; Y[8]        ; 6.655 ; 6.771 ; 6.771 ; 6.655 ;
; C[3]       ; Y[3]        ; 6.579 ; 6.579 ; 6.579 ; 6.579 ;
; C[3]       ; Y[4]        ; 6.669 ; 6.669 ; 6.669 ; 6.669 ;
; C[3]       ; Y[5]        ; 6.369 ; 6.369 ; 6.369 ; 6.369 ;
; C[3]       ; Y[6]        ; 5.909 ; 5.909 ; 5.909 ; 5.909 ;
; C[3]       ; Y[7]        ; 6.130 ; 6.130 ; 6.130 ; 6.130 ;
; C[3]       ; Y[8]        ; 6.021 ; 6.376 ; 6.376 ; 6.021 ;
; D[0]       ; Y[0]        ; 3.153 ;       ;       ; 3.153 ;
; D[0]       ; Y[1]        ; 3.195 ; 3.195 ; 3.195 ; 3.195 ;
; D[0]       ; Y[2]        ; 3.849 ; 3.849 ; 3.849 ; 3.849 ;
; D[0]       ; Y[3]        ; 4.170 ; 4.170 ; 4.170 ; 4.170 ;
; D[0]       ; Y[4]        ; 4.320 ; 4.320 ; 4.320 ; 4.320 ;
; D[0]       ; Y[5]        ; 4.379 ; 4.379 ; 4.379 ; 4.379 ;
; D[0]       ; Y[6]        ; 4.154 ; 4.154 ; 4.154 ; 4.154 ;
; D[0]       ; Y[7]        ; 4.379 ; 4.379 ; 4.379 ; 4.379 ;
; D[0]       ; Y[8]        ; 4.270 ; 4.562 ; 4.562 ; 4.270 ;
; D[1]       ; Y[1]        ; 5.809 ; 5.809 ; 5.809 ; 5.809 ;
; D[1]       ; Y[2]        ; 6.411 ; 6.411 ; 6.411 ; 6.411 ;
; D[1]       ; Y[3]        ; 6.719 ; 6.719 ; 6.719 ; 6.719 ;
; D[1]       ; Y[4]        ; 6.778 ; 6.778 ; 6.778 ; 6.778 ;
; D[1]       ; Y[5]        ; 6.325 ; 6.325 ; 6.325 ; 6.325 ;
; D[1]       ; Y[6]        ; 6.461 ; 6.461 ; 6.461 ; 6.461 ;
; D[1]       ; Y[7]        ; 6.685 ; 6.685 ; 6.685 ; 6.685 ;
; D[1]       ; Y[8]        ; 6.576 ; 6.576 ; 6.576 ; 6.576 ;
; D[2]       ; Y[2]        ; 5.833 ; 5.833 ; 5.833 ; 5.833 ;
; D[2]       ; Y[3]        ; 6.157 ; 6.157 ; 6.157 ; 6.157 ;
; D[2]       ; Y[4]        ; 6.335 ; 6.335 ; 6.335 ; 6.335 ;
; D[2]       ; Y[5]        ; 6.189 ; 6.189 ; 6.189 ; 6.189 ;
; D[2]       ; Y[6]        ; 6.287 ; 6.287 ; 6.287 ; 6.287 ;
; D[2]       ; Y[7]        ; 6.512 ; 6.512 ; 6.512 ; 6.512 ;
; D[2]       ; Y[8]        ; 6.403 ; 6.440 ; 6.440 ; 6.403 ;
; D[3]       ; Y[3]        ; 5.908 ; 5.908 ; 5.908 ; 5.908 ;
; D[3]       ; Y[4]        ; 6.046 ; 6.046 ; 6.046 ; 6.046 ;
; D[3]       ; Y[5]        ; 6.247 ; 6.247 ; 6.247 ; 6.247 ;
; D[3]       ; Y[6]        ; 5.699 ; 5.699 ; 5.699 ; 5.699 ;
; D[3]       ; Y[7]        ; 5.919 ; 5.919 ; 5.919 ; 5.919 ;
; D[3]       ; Y[8]        ; 5.810 ; 6.166 ; 6.166 ; 5.810 ;
+------------+-------------+-------+-------+-------+-------+


-------------------
; Clock Transfers ;
-------------------
Nothing to report.


---------------
; Report TCCS ;
---------------
No dedicated SERDES Transmitter circuitry present in device or used in design


---------------
; Report RSKM ;
---------------
No dedicated SERDES Receiver circuitry present in device or used in design


+------------------------------------------------+
; Unconstrained Paths                            ;
+---------------------------------+-------+------+
; Property                        ; Setup ; Hold ;
+---------------------------------+-------+------+
; Illegal Clocks                  ; 0     ; 0    ;
; Unconstrained Clocks            ; 0     ; 0    ;
; Unconstrained Input Ports       ; 16    ; 16   ;
; Unconstrained Input Port Paths  ; 120   ; 120  ;
; Unconstrained Output Ports      ; 9     ; 9    ;
; Unconstrained Output Port Paths ; 120   ; 120  ;
+---------------------------------+-------+------+


+------------------------------------+
; TimeQuest Timing Analyzer Messages ;
+------------------------------------+
Info: *******************************************************************
Info: Running Quartus II 64-Bit TimeQuest Timing Analyzer
    Info: Version 13.0.0 Build 156 04/24/2013 SJ Web Edition
    Info: Processing started: Wed Oct 27 10:26:46 2021
Info: Command: quartus_sta baiba -c baiba
Info: qsta_default_script.tcl version: #1
Warning (20028): Parallel compilation is not licensed and has been disabled
Info (21077): Low junction temperature is 0 degrees C
Info (21077): High junction temperature is 85 degrees C
Critical Warning (332012): Synopsys Design Constraints File file not found: 'baiba.sdc'. A Synopsys Design Constraints File is required by the TimeQuest Timing Analyzer to get proper timing constraints. Without it, the Compiler will not properly optimize the design.
Info (332142): No user constrained base clocks found in the design. Calling "derive_clocks -period 1.0"
Info (332096): The command derive_clocks did not find any clocks to derive.  No clocks were created or changed.
Warning (332068): No clocks defined in design.
Info: Found TIMEQUEST_REPORT_SCRIPT_INCLUDE_DEFAULT_ANALYSIS = ON
Info (332159): No clocks to report
Info: Analyzing Slow Model
Info (332140): No fmax paths to report
Info (332140): No Setup paths to report
Info (332140): No Hold paths to report
Info (332140): No Recovery paths to report
Info (332140): No Removal paths to report
Info (332140): No Minimum Pulse Width paths to report
Info (332001): The selected device family is not supported by the report_metastability command.
Info: Analyzing Fast Model
Info (332142): No user constrained base clocks found in the design. Calling "derive_clocks -period 1.0"
Info (332096): The command derive_clocks did not find any clocks to derive.  No clocks were created or changed.
Warning (332068): No clocks defined in design.
Info (332140): No Setup paths to report
Info (332140): No Hold paths to report
Info (332140): No Recovery paths to report
Info (332140): No Removal paths to report
Info (332140): No Minimum Pulse Width paths to report
Info (332001): The selected device family is not supported by the report_metastability command.
Info (332102): Design is not fully constrained for setup requirements
Info (332102): Design is not fully constrained for hold requirements
Info: Quartus II 64-Bit TimeQuest Timing Analyzer was successful. 0 errors, 4 warnings
    Info: Peak virtual memory: 4537 megabytes
    Info: Processing ended: Wed Oct 27 10:26:47 2021
    Info: Elapsed time: 00:00:01
    Info: Total CPU time (on all processors): 00:00:01


